<?xml version="1.0" encoding="UTF-8" ?>
<testsuites disabled="9" errors="0" failures="29" tests="319" time="2086.138">
 <testsuite name="Hybrent Login Module" timestamp="2020-11-02T10:59:55" hostname="localhost" time="16.685" errors="0" tests="3" skipped="2" disabled="0" failures="1">
  <testcase classname="Hybrent Login Module" name="Login: Try login without any credentials." time="0.002">
   <skipped message="Temporarily disabled with xit" />
  </testcase>
  <testcase classname="Hybrent Login Module" name="Login: Try login with wrong credentials." time="0.001">
   <skipped message="Temporarily disabled with xit" />
  </testcase>
  <testcase classname="Hybrent Login Module" name="Login: Try login with correct credentials." time="16.68">
   <failure type="toEqual" message="Expected &apos;Login&apos; to equal &apos;Dashboard&apos;."><![CDATA[Error: Failed expectation
    at UserContext.<anonymous> (F:\protractor\Hybrent3.2RC4\Testcases\login\login.js:39:32)
    at C:\Users\sandy\AppData\Roaming\npm\node_modules\protractor\node_modules\jasminewd2\index.js:112:25
    at new ManagedPromise (C:\Users\sandy\AppData\Roaming\npm\node_modules\protractor\node_modules\selenium-webdriver\lib\promise.js:1077:7)
    at ControlFlow.promise (C:\Users\sandy\AppData\Roaming\npm\node_modules\protractor\node_modules\selenium-webdriver\lib\promise.js:2505:12)
    at schedulerExecute (C:\Users\sandy\AppData\Roaming\npm\node_modules\protractor\node_modules\jasminewd2\index.js:95:18)
    at TaskQueue.execute_ (C:\Users\sandy\AppData\Roaming\npm\node_modules\protractor\node_modules\selenium-webdriver\lib\promise.js:3084:14)
    at TaskQueue.executeNext_ (C:\Users\sandy\AppData\Roaming\npm\node_modules\protractor\node_modules\selenium-webdriver\lib\promise.js:3067:27)
    at C:\Users\sandy\AppData\Roaming\npm\node_modules\protractor\node_modules\selenium-webdriver\lib\promise.js:2974:25
    at C:\Users\sandy\AppData\Roaming\npm\node_modules\protractor\node_modules\selenium-webdriver\lib\promise.js:668:7]]>
   </failure>
  </testcase>
 </testsuite>
 <testsuite name="user default facility" timestamp="2020-11-02T11:00:11" hostname="localhost" time="6.485" errors="0" tests="1" skipped="0" disabled="0" failures="0">
  <testcase classname="user default facility" name="user default facility is" time="6.485" />
 </testsuite>
 <testsuite name="Hybrent Item Catalog Module" timestamp="2020-11-02T11:00:18" hostname="localhost" time="193.342" errors="0" tests="17" skipped="1" disabled="0" failures="0">
  <testcase classname="Hybrent Item Catalog Module" name="Item Catalog page should open" time="2.507" />
  <testcase classname="Hybrent Item Catalog Module" name="List page should display list of items and IC filters" time="2.29" />
  <testcase classname="Hybrent Item Catalog Module" name="verify that all the status option appear under the status dropdown" time="0.111" />
  <testcase classname="Hybrent Item Catalog Module" name="verify that Both, Inventory Item, Non-inventoryitem option appear under the type dropdown" time="0.106" />
  <testcase classname="Hybrent Item Catalog Module" name="verify all category option appear under the category dropdown" time="0.001">
   <skipped message="Temporarily disabled with xit" />
  </testcase>
  <testcase classname="Hybrent Item Catalog Module" name="verify all ordering_type option appear under the ordering_type dropdown" time="0.196" />
  <testcase classname="Hybrent Item Catalog Module" name="verify all consumption_type option appear under the consumption_type dropdown" time="0.151" />
  <testcase classname="Hybrent Item Catalog Module" name="Add Dme Item" time="18.057" />
  <testcase classname="Hybrent Item Catalog Module" name="Verify that &quot;Map Facility for item Sku --- pop up appears for general item on the screen." time="19.714" />
  <testcase classname="Hybrent Item Catalog Module" name="Add General Item" time="22.501" />
  <testcase classname="Hybrent Item Catalog Module" name="Verify that &quot;Map Facility for item Sku --- pop up appears for general item on the screen." time="21.631" />
  <testcase classname="Hybrent Item Catalog Module" name="Add consignment Item" time="18.199" />
  <testcase classname="Hybrent Item Catalog Module" name="Verify that user should able to map consignment item with user default facility" time="22.373" />
  <testcase classname="Hybrent Item Catalog Module" name="Add Bill Only Item" time="14.885" />
  <testcase classname="Hybrent Item Catalog Module" name="Verify that user should able to map Bill only item with user default facility" time="21.706" />
  <testcase classname="Hybrent Item Catalog Module" name="Add Amenity item" time="8.377" />
  <testcase classname="Hybrent Item Catalog Module" name="Verify that user should able to map Amenity item with user default facility" time="20.537" />
 </testsuite>
 <testsuite name="Hybrent Shop Module" timestamp="2020-11-02T11:03:31" hostname="localhost" time="24.039" errors="0" tests="5" skipped="0" disabled="0" failures="0">
  <testcase classname="Hybrent Shop Module" name="Verify that user default facility appear selected in shop page" time="2.628" />
  <testcase classname="Hybrent Shop Module" name="Verify that only General ACTIVE items are appearing on page and add them to cart" time="6.486" />
  <testcase classname="Hybrent Shop Module" name="Shop: Shows recently ordered items appear on page on selecting Recently ordered radio button" time="6.445" />
  <testcase classname="Hybrent Shop Module" name="Shop: Shows Most ordered items with Po count column sort descending if default layout is selected." time="4.271" />
  <testcase classname="Hybrent Shop Module" name="Shop: Shows all items that are marked as Favorite." time="4.199" />
 </testsuite>
 <testsuite name="Hybrent Cart Module" timestamp="2020-11-02T11:03:55" hostname="localhost" time="20.882" errors="0" tests="3" skipped="0" disabled="0" failures="1">
  <testcase classname="Hybrent Cart Module" name="Open cart page" time="2.223" />
  <testcase classname="Hybrent Cart Module" name="add item to cart" time="6.847" />
  <testcase classname="Hybrent Cart Module" name="Generate PO" time="11.811">
   <failure type="exception" message="Failed: element not interactable
  (Session info: chrome=86.0.4240.111)
Build info: version: &apos;3.141.59&apos;, revision: &apos;e82be7d358&apos;, time: &apos;2018-11-14T08:25:53&apos;
System info: host: &apos;LAPTOP-QSN8IM2G&apos;, ip: &apos;192.168.1.12&apos;, os.name: &apos;Windows 10&apos;, os.arch: &apos;amd64&apos;, os.version: &apos;10.0&apos;, java.version: &apos;11&apos;
Driver info: driver.version: unknown"><![CDATA[WebDriverError: element not interactable
  (Session info: chrome=86.0.4240.111)
Build info: version: '3.141.59', revision: 'e82be7d358', time: '2018-11-14T08:25:53'
System info: host: 'LAPTOP-QSN8IM2G', ip: '192.168.1.12', os.name: 'Windows 10', os.arch: 'amd64', os.version: '10.0', java.version: '11'
Driver info: driver.version: unknown
    at Object.checkLegacyResponse (C:\Users\sandy\AppData\Roaming\npm\node_modules\protractor\node_modules\selenium-webdriver\lib\error.js:546:15)
    at parseHttpResponse (C:\Users\sandy\AppData\Roaming\npm\node_modules\protractor\node_modules\selenium-webdriver\lib\http.js:509:13)
    at C:\Users\sandy\AppData\Roaming\npm\node_modules\protractor\node_modules\selenium-webdriver\lib\http.js:441:30
    at runMicrotasks (<anonymous>)
    at processTicksAndRejections (internal/process/task_queues.js:97:5)
From: Task: WebElement.click()
    at thenableWebDriverProxy.schedule (C:\Users\sandy\AppData\Roaming\npm\node_modules\protractor\node_modules\selenium-webdriver\lib\webdriver.js:807:17)
    at WebElement.schedule_ (C:\Users\sandy\AppData\Roaming\npm\node_modules\protractor\node_modules\selenium-webdriver\lib\webdriver.js:2010:25)
    at WebElement.click (C:\Users\sandy\AppData\Roaming\npm\node_modules\protractor\node_modules\selenium-webdriver\lib\webdriver.js:2092:17)
    at actionFn (C:\Users\sandy\AppData\Roaming\npm\node_modules\protractor\built\element.js:89:44)
    at Array.map (<anonymous>)
    at C:\Users\sandy\AppData\Roaming\npm\node_modules\protractor\built\element.js:461:65
    at ManagedPromise.invokeCallback_ (C:\Users\sandy\AppData\Roaming\npm\node_modules\protractor\node_modules\selenium-webdriver\lib\promise.js:1376:14)
    at TaskQueue.execute_ (C:\Users\sandy\AppData\Roaming\npm\node_modules\protractor\node_modules\selenium-webdriver\lib\promise.js:3084:14)
    at TaskQueue.executeNext_ (C:\Users\sandy\AppData\Roaming\npm\node_modules\protractor\node_modules\selenium-webdriver\lib\promise.js:3067:27)
    at C:\Users\sandy\AppData\Roaming\npm\node_modules\protractor\node_modules\selenium-webdriver\lib\promise.js:2927:27Error
    at ElementArrayFinder.applyAction_ (C:\Users\sandy\AppData\Roaming\npm\node_modules\protractor\built\element.js:459:27)
    at ElementArrayFinder.<computed> [as click] (C:\Users\sandy\AppData\Roaming\npm\node_modules\protractor\built\element.js:91:29)
    at ElementFinder.<computed> [as click] (C:\Users\sandy\AppData\Roaming\npm\node_modules\protractor\built\element.js:831:22)
    at F:\protractor\Hybrent3.2RC4\Testcases\Cart\cart.js:45:39
    at ManagedPromise.invokeCallback_ (C:\Users\sandy\AppData\Roaming\npm\node_modules\protractor\node_modules\selenium-webdriver\lib\promise.js:1376:14)
    at TaskQueue.execute_ (C:\Users\sandy\AppData\Roaming\npm\node_modules\protractor\node_modules\selenium-webdriver\lib\promise.js:3084:14)
    at TaskQueue.executeNext_ (C:\Users\sandy\AppData\Roaming\npm\node_modules\protractor\node_modules\selenium-webdriver\lib\promise.js:3067:27)
    at C:\Users\sandy\AppData\Roaming\npm\node_modules\protractor\node_modules\selenium-webdriver\lib\promise.js:2927:27
    at C:\Users\sandy\AppData\Roaming\npm\node_modules\protractor\node_modules\selenium-webdriver\lib\promise.js:668:7
    at runMicrotasks (<anonymous>)
From: Task: Run it("Generate PO") in control flow
    at UserContext.<anonymous> (C:\Users\sandy\AppData\Roaming\npm\node_modules\protractor\node_modules\jasminewd2\index.js:94:19)
    at attempt (C:\Users\sandy\AppData\Roaming\npm\node_modules\protractor\node_modules\jasmine-core\lib\jasmine-core\jasmine.js:4297:26)
    at QueueRunner.run (C:\Users\sandy\AppData\Roaming\npm\node_modules\protractor\node_modules\jasmine-core\lib\jasmine-core\jasmine.js:4217:20)
    at QueueRunner.execute (C:\Users\sandy\AppData\Roaming\npm\node_modules\protractor\node_modules\jasmine-core\lib\jasmine-core\jasmine.js:4199:10)
    at Spec.queueRunnerFactory (C:\Users\sandy\AppData\Roaming\npm\node_modules\protractor\node_modules\jasmine-core\lib\jasmine-core\jasmine.js:909:35)
    at Spec.execute (C:\Users\sandy\AppData\Roaming\npm\node_modules\protractor\node_modules\jasmine-core\lib\jasmine-core\jasmine.js:526:10)
    at UserContext.fn (C:\Users\sandy\AppData\Roaming\npm\node_modules\protractor\node_modules\jasmine-core\lib\jasmine-core\jasmine.js:5340:37)
    at attempt (C:\Users\sandy\AppData\Roaming\npm\node_modules\protractor\node_modules\jasmine-core\lib\jasmine-core\jasmine.js:4297:26)
    at QueueRunner.run (C:\Users\sandy\AppData\Roaming\npm\node_modules\protractor\node_modules\jasmine-core\lib\jasmine-core\jasmine.js:4217:20)
    at runNext (C:\Users\sandy\AppData\Roaming\npm\node_modules\protractor\node_modules\jasmine-core\lib\jasmine-core\jasmine.js:4257:20)
From asynchronous test: 
Error
    at Suite.<anonymous> (F:\protractor\Hybrent3.2RC4\Testcases\Cart\cart.js:28:3)
    at addSpecsToSuite (C:\Users\sandy\AppData\Roaming\npm\node_modules\protractor\node_modules\jasmine-core\lib\jasmine-core\jasmine.js:1107:25)
    at Env.describe (C:\Users\sandy\AppData\Roaming\npm\node_modules\protractor\node_modules\jasmine-core\lib\jasmine-core\jasmine.js:1074:7)
    at describe (C:\Users\sandy\AppData\Roaming\npm\node_modules\protractor\node_modules\jasmine-core\lib\jasmine-core\jasmine.js:4399:18)
    at Object.<anonymous> (F:\protractor\Hybrent3.2RC4\Testcases\Cart\cart.js:1:1)
    at Module._compile (internal/modules/cjs/loader.js:1158:30)
    at Object.Module._extensions..js (internal/modules/cjs/loader.js:1178:10)
    at Module.load (internal/modules/cjs/loader.js:1002:32)
    at Function.Module._load (internal/modules/cjs/loader.js:901:14)]]>
   </failure>
  </testcase>
 </testsuite>
 <testsuite name="Hybrent Order Module" timestamp="2020-11-02T11:04:16" hostname="localhost" time="79.218" errors="0" tests="9" skipped="0" disabled="0" failures="1">
  <testcase classname="Hybrent Order Module" name="Open order module" time="2.651" />
  <testcase classname="Hybrent Order Module" name="List page should display list of filters" time="2.331" />
  <testcase classname="Hybrent Order Module" name="Order list page search with PO# Found" time="11.715" />
  <testcase classname="Hybrent Order Module" name="open order detail page" time="2.217">
   <failure type="toEqual" message="Expected &apos;My Orders&apos; to equal &apos;Purchase Order&apos;."><![CDATA[Error: Failed expectation
    at UserContext.<anonymous> (F:\protractor\Hybrent3.2RC4\Testcases\Order\order.js:40:32)
    at C:\Users\sandy\AppData\Roaming\npm\node_modules\protractor\node_modules\jasminewd2\index.js:112:25
    at new ManagedPromise (C:\Users\sandy\AppData\Roaming\npm\node_modules\protractor\node_modules\selenium-webdriver\lib\promise.js:1077:7)
    at ControlFlow.promise (C:\Users\sandy\AppData\Roaming\npm\node_modules\protractor\node_modules\selenium-webdriver\lib\promise.js:2505:12)
    at schedulerExecute (C:\Users\sandy\AppData\Roaming\npm\node_modules\protractor\node_modules\jasminewd2\index.js:95:18)
    at TaskQueue.execute_ (C:\Users\sandy\AppData\Roaming\npm\node_modules\protractor\node_modules\selenium-webdriver\lib\promise.js:3084:14)
    at TaskQueue.executeNext_ (C:\Users\sandy\AppData\Roaming\npm\node_modules\protractor\node_modules\selenium-webdriver\lib\promise.js:3067:27)
    at C:\Users\sandy\AppData\Roaming\npm\node_modules\protractor\node_modules\selenium-webdriver\lib\promise.js:2974:25
    at C:\Users\sandy\AppData\Roaming\npm\node_modules\protractor\node_modules\selenium-webdriver\lib\promise.js:668:7]]>
   </failure>
  </testcase>
  <testcase classname="Hybrent Order Module" name="update item price on order detail page" time="11.562" />
  <testcase classname="Hybrent Order Module" name="verify that all option edit item, Price change history, Purchase History and Stock info should appear in item drop-down" time="6.887" />
  <testcase classname="Hybrent Order Module" name="update item gpo contract price by clicking edit button" time="10.407" />
  <testcase classname="Hybrent Order Module" name="verify that all option appears in Order drop down" time="10.948" />
  <testcase classname="Hybrent Order Module" name="add invoice for newly created order" time="20.499" />
 </testsuite>
 <testsuite name="Request service module" timestamp="2020-11-02T11:05:35" hostname="localhost" time="2.343" errors="0" tests="2" skipped="0" disabled="0" failures="0">
  <testcase classname="Request service module" name="Navigate to Request service module" time="2.205" />
  <testcase classname="Request service module" name="verify that all search filter should appear on request service module" time="0.137" />
 </testsuite>
 <testsuite name="Hybrent Receive Module" timestamp="2020-11-02T11:05:38" hostname="localhost" time="9.29" errors="0" tests="4" skipped="0" disabled="0" failures="0">
  <testcase classname="Hybrent Receive Module" name="Navigate to Receive module" time="3.185" />
  <testcase classname="Hybrent Receive Module" name="verify that all search filter appear on listing page" time="0.246" />
  <testcase classname="Hybrent Receive Module" name="verify that po search functionality is working fine" time="3.666" />
  <testcase classname="Hybrent Receive Module" name="verify that all option appears in order drop down on listing page" time="2.193" />
 </testsuite>
 <testsuite name="Hybrent Receive order" timestamp="2020-11-02T11:05:47" hostname="localhost" time="34.578" errors="0" tests="3" skipped="0" disabled="0" failures="0">
  <testcase classname="Hybrent Receive order" name="Open order detail page" time="4.243" />
  <testcase classname="Hybrent Receive order" name="verify that all option appear in order drop down" time="2.127" />
  <testcase classname="Hybrent Receive order" name="open order detail page to receive corresponding order" time="28.208" />
 </testsuite>
 <testsuite name="Hybrent Invoice Module" timestamp="2020-11-02T11:06:21" hostname="localhost" time="27.934" errors="0" tests="6" skipped="0" disabled="0" failures="0">
  <testcase classname="Hybrent Invoice Module" name="Navigate to Invoice module" time="3.229" />
  <testcase classname="Hybrent Invoice Module" name="verify that all search filter and drop down should appear on invoice listing page" time="0.344" />
  <testcase classname="Hybrent Invoice Module" name="Verify that user is able to search invoice by invoice number" time="3.576" />
  <testcase classname="Hybrent Invoice Module" name="Open invoice detail page" time="2.317" />
  <testcase classname="Hybrent Invoice Module" name="update invoice" time="12.04" />
  <testcase classname="Hybrent Invoice Module" name="delete newly created invoice" time="6.427" />
 </testsuite>
 <testsuite name="Hybrent Templates Module" timestamp="2020-11-02T11:06:49" hostname="localhost" time="36.988" errors="0" tests="6" skipped="0" disabled="0" failures="0">
  <testcase classname="Hybrent Templates Module" name="Templates List page should open" time="2.48" />
  <testcase classname="Hybrent Templates Module" name="List page should display templates search filter" time="0.032" />
  <testcase classname="Hybrent Templates Module" name="Add Template" time="6.789" />
  <testcase classname="Hybrent Templates Module" name="Add item to newly created template" time="9.953" />
  <testcase classname="Hybrent Templates Module" name="Search template by name" time="6.606" />
  <testcase classname="Hybrent Templates Module" name="delete newly created template" time="11.121" />
 </testsuite>
 <testsuite name="Hybrent Templates Module for scan out" timestamp="2020-11-02T11:07:26" hostname="localhost" time="47.318" errors="0" tests="7" skipped="0" disabled="0" failures="0">
  <testcase classname="Hybrent Templates Module for scan out" name="Templates scanout List page should open" time="4.23" />
  <testcase classname="Hybrent Templates Module for scan out" name="scan out List page should display templates search filter" time="2.049" />
  <testcase classname="Hybrent Templates Module for scan out" name="Add scanout Template" time="6.593" />
  <testcase classname="Hybrent Templates Module for scan out" name="Add item to newly created template" time="13.421" />
  <testcase classname="Hybrent Templates Module for scan out" name="Search template by name" time="7.682" />
  <testcase classname="Hybrent Templates Module for scan out" name="update newly created scanout template" time="7.914" />
  <testcase classname="Hybrent Templates Module for scan out" name="delete newly created scanout template" time="5.428" />
 </testsuite>
 <testsuite name="Hybrent Templates Module for Kit" timestamp="2020-11-02T11:08:14" hostname="localhost" time="67.225" errors="0" tests="8" skipped="0" disabled="0" failures="0">
  <testcase classname="Hybrent Templates Module for Kit" name="Templates Kit page should open" time="4.26" />
  <testcase classname="Hybrent Templates Module for Kit" name="KIt List page should display templates search filter" time="2.043" />
  <testcase classname="Hybrent Templates Module for Kit" name="Add Kit Template" time="4.548" />
  <testcase classname="Hybrent Templates Module for Kit" name="Add item to newly created kit template" time="13.145" />
  <testcase classname="Hybrent Templates Module for Kit" name="Search Kit template by name" time="6.56" />
  <testcase classname="Hybrent Templates Module for Kit" name="update newly created Kit template" time="15.148" />
  <testcase classname="Hybrent Templates Module for Kit" name="make a kit template" time="15.189" />
  <testcase classname="Hybrent Templates Module for Kit" name="delete newly created Kit template" time="6.332" />
 </testsuite>
 <testsuite name="Patient module" timestamp="2020-11-02T11:09:21" hostname="localhost" time="71.565" errors="0" tests="6" skipped="0" disabled="0" failures="1">
  <testcase classname="Patient module" name="Navigate to patient module" time="4.361" />
  <testcase classname="Patient module" name="Verify that search patient By filter appear on patient detail page" time="0.127" />
  <testcase classname="Patient module" name="verify that user is able to add patient by clicking on add patient button" time="16.964" />
  <testcase classname="Patient module" name="Patient: Update Patient." time="12.308" />
  <testcase classname="Patient module" name="search newly created patient by name" time="3.48">
   <failure type="exception" message="Failed: element click intercepted: Element &lt;button type=&quot;submit&quot; class=&quot;btn btn-primary&quot;&gt;...&lt;/button&gt; is not clickable at point (1083, 16). Other element would receive the click: &lt;a class=&quot;dropdown-toggle text-info header-menu-tab cursor-pointer&quot; data-toggle=&quot;dropdown&quot; role=&quot;button&quot; aria-haspopup=&quot;true&quot; aria-expanded=&quot;false&quot;&gt;...&lt;/a&gt;
  (Session info: chrome=86.0.4240.111)
Build info: version: &apos;3.141.59&apos;, revision: &apos;e82be7d358&apos;, time: &apos;2018-11-14T08:25:53&apos;
System info: host: &apos;LAPTOP-QSN8IM2G&apos;, ip: &apos;192.168.1.12&apos;, os.name: &apos;Windows 10&apos;, os.arch: &apos;amd64&apos;, os.version: &apos;10.0&apos;, java.version: &apos;11&apos;
Driver info: driver.version: unknown"><![CDATA[WebDriverError: element click intercepted: Element <button type="submit" class="btn btn-primary">...</button> is not clickable at point (1083, 16). Other element would receive the click: <a class="dropdown-toggle text-info header-menu-tab cursor-pointer" data-toggle="dropdown" role="button" aria-haspopup="true" aria-expanded="false">...</a>
  (Session info: chrome=86.0.4240.111)
Build info: version: '3.141.59', revision: 'e82be7d358', time: '2018-11-14T08:25:53'
System info: host: 'LAPTOP-QSN8IM2G', ip: '192.168.1.12', os.name: 'Windows 10', os.arch: 'amd64', os.version: '10.0', java.version: '11'
Driver info: driver.version: unknown
    at Object.checkLegacyResponse (C:\Users\sandy\AppData\Roaming\npm\node_modules\protractor\node_modules\selenium-webdriver\lib\error.js:546:15)
    at parseHttpResponse (C:\Users\sandy\AppData\Roaming\npm\node_modules\protractor\node_modules\selenium-webdriver\lib\http.js:509:13)
    at C:\Users\sandy\AppData\Roaming\npm\node_modules\protractor\node_modules\selenium-webdriver\lib\http.js:441:30
    at runMicrotasks (<anonymous>)
    at processTicksAndRejections (internal/process/task_queues.js:97:5)
From: Task: WebElement.click()
    at thenableWebDriverProxy.schedule (C:\Users\sandy\AppData\Roaming\npm\node_modules\protractor\node_modules\selenium-webdriver\lib\webdriver.js:807:17)
    at WebElement.schedule_ (C:\Users\sandy\AppData\Roaming\npm\node_modules\protractor\node_modules\selenium-webdriver\lib\webdriver.js:2010:25)
    at WebElement.click (C:\Users\sandy\AppData\Roaming\npm\node_modules\protractor\node_modules\selenium-webdriver\lib\webdriver.js:2092:17)
    at actionFn (C:\Users\sandy\AppData\Roaming\npm\node_modules\protractor\built\element.js:89:44)
    at Array.map (<anonymous>)
    at C:\Users\sandy\AppData\Roaming\npm\node_modules\protractor\built\element.js:461:65
    at ManagedPromise.invokeCallback_ (C:\Users\sandy\AppData\Roaming\npm\node_modules\protractor\node_modules\selenium-webdriver\lib\promise.js:1376:14)
    at TaskQueue.execute_ (C:\Users\sandy\AppData\Roaming\npm\node_modules\protractor\node_modules\selenium-webdriver\lib\promise.js:3084:14)
    at TaskQueue.executeNext_ (C:\Users\sandy\AppData\Roaming\npm\node_modules\protractor\node_modules\selenium-webdriver\lib\promise.js:3067:27)
    at C:\Users\sandy\AppData\Roaming\npm\node_modules\protractor\node_modules\selenium-webdriver\lib\promise.js:2927:27Error
    at ElementArrayFinder.applyAction_ (C:\Users\sandy\AppData\Roaming\npm\node_modules\protractor\built\element.js:459:27)
    at ElementArrayFinder.<computed> [as click] (C:\Users\sandy\AppData\Roaming\npm\node_modules\protractor\built\element.js:91:29)
    at ElementFinder.<computed> [as click] (C:\Users\sandy\AppData\Roaming\npm\node_modules\protractor\built\element.js:831:22)
    at UserContext.<anonymous> (F:\protractor\Hybrent3.2RC4\Testcases\Patient\patient.js:99:38)
    at C:\Users\sandy\AppData\Roaming\npm\node_modules\protractor\node_modules\jasminewd2\index.js:112:25
    at new ManagedPromise (C:\Users\sandy\AppData\Roaming\npm\node_modules\protractor\node_modules\selenium-webdriver\lib\promise.js:1077:7)
    at ControlFlow.promise (C:\Users\sandy\AppData\Roaming\npm\node_modules\protractor\node_modules\selenium-webdriver\lib\promise.js:2505:12)
    at schedulerExecute (C:\Users\sandy\AppData\Roaming\npm\node_modules\protractor\node_modules\jasminewd2\index.js:95:18)
    at TaskQueue.execute_ (C:\Users\sandy\AppData\Roaming\npm\node_modules\protractor\node_modules\selenium-webdriver\lib\promise.js:3084:14)
    at TaskQueue.executeNext_ (C:\Users\sandy\AppData\Roaming\npm\node_modules\protractor\node_modules\selenium-webdriver\lib\promise.js:3067:27)
From: Task: Run it("search newly created patient by name") in control flow
    at UserContext.<anonymous> (C:\Users\sandy\AppData\Roaming\npm\node_modules\protractor\node_modules\jasminewd2\index.js:94:19)
    at attempt (C:\Users\sandy\AppData\Roaming\npm\node_modules\protractor\node_modules\jasmine-core\lib\jasmine-core\jasmine.js:4297:26)
    at QueueRunner.run (C:\Users\sandy\AppData\Roaming\npm\node_modules\protractor\node_modules\jasmine-core\lib\jasmine-core\jasmine.js:4217:20)
    at QueueRunner.execute (C:\Users\sandy\AppData\Roaming\npm\node_modules\protractor\node_modules\jasmine-core\lib\jasmine-core\jasmine.js:4199:10)
    at Spec.queueRunnerFactory (C:\Users\sandy\AppData\Roaming\npm\node_modules\protractor\node_modules\jasmine-core\lib\jasmine-core\jasmine.js:909:35)
    at Spec.execute (C:\Users\sandy\AppData\Roaming\npm\node_modules\protractor\node_modules\jasmine-core\lib\jasmine-core\jasmine.js:526:10)
    at UserContext.fn (C:\Users\sandy\AppData\Roaming\npm\node_modules\protractor\node_modules\jasmine-core\lib\jasmine-core\jasmine.js:5340:37)
    at attempt (C:\Users\sandy\AppData\Roaming\npm\node_modules\protractor\node_modules\jasmine-core\lib\jasmine-core\jasmine.js:4297:26)
    at QueueRunner.run (C:\Users\sandy\AppData\Roaming\npm\node_modules\protractor\node_modules\jasmine-core\lib\jasmine-core\jasmine.js:4217:20)
    at runNext (C:\Users\sandy\AppData\Roaming\npm\node_modules\protractor\node_modules\jasmine-core\lib\jasmine-core\jasmine.js:4257:20)
From asynchronous test: 
Error
    at Suite.<anonymous> (F:\protractor\Hybrent3.2RC4\Testcases\Patient\patient.js:96:3)
    at addSpecsToSuite (C:\Users\sandy\AppData\Roaming\npm\node_modules\protractor\node_modules\jasmine-core\lib\jasmine-core\jasmine.js:1107:25)
    at Env.describe (C:\Users\sandy\AppData\Roaming\npm\node_modules\protractor\node_modules\jasmine-core\lib\jasmine-core\jasmine.js:1074:7)
    at describe (C:\Users\sandy\AppData\Roaming\npm\node_modules\protractor\node_modules\jasmine-core\lib\jasmine-core\jasmine.js:4399:18)
    at Object.<anonymous> (F:\protractor\Hybrent3.2RC4\Testcases\Patient\patient.js:2:1)
    at Module._compile (internal/modules/cjs/loader.js:1158:30)
    at Object.Module._extensions..js (internal/modules/cjs/loader.js:1178:10)
    at Module.load (internal/modules/cjs/loader.js:1002:32)
    at Function.Module._load (internal/modules/cjs/loader.js:901:14)]]>
   </failure>
  </testcase>
  <testcase classname="Patient module" name="add charges to patient" time="34.324" />
 </testsuite>
 <testsuite name="Hybrent Scan IN Module" timestamp="2020-11-02T11:10:33" hostname="localhost" time="162.681" errors="0" tests="10" skipped="0" disabled="0" failures="1">
  <testcase classname="Hybrent Scan IN Module" name="Open scan in module" time="7.731" />
  <testcase classname="Hybrent Scan IN Module" name="List page should display Scan In filters and refresh button" time="0.105" />
  <testcase classname="Hybrent Scan IN Module" name="Scan In - Search items by item Name, sku, mfr" time="8.972" />
  <testcase classname="Hybrent Scan IN Module" name="Scan In - Add general items for scan In by click on scan In button" time="29.943" />
  <testcase classname="Hybrent Scan IN Module" name="Scan In - Add DME items for scan In by click on scan In button" time="31.846" />
  <testcase classname="Hybrent Scan IN Module" name="add consignment item in scanin" time="30.574" />
  <testcase classname="Hybrent Scan IN Module" name="Scan In - Search general item added for scan in by item Name, sku, mfr" time="8.019" />
  <testcase classname="Hybrent Scan IN Module" name="Scan In - Search consignement item added for scan in by item Name, sku, mfr" time="8.965" />
  <testcase classname="Hybrent Scan IN Module" name="add stock status for vendor stock item" time="20.318" />
  <testcase classname="Hybrent Scan IN Module" name="Scan In items - Complete scan In and item should display on inventory transaction page" time="16.207">
   <failure type="exception" message="Failed: element not interactable
  (Session info: chrome=86.0.4240.111)
Build info: version: &apos;3.141.59&apos;, revision: &apos;e82be7d358&apos;, time: &apos;2018-11-14T08:25:53&apos;
System info: host: &apos;LAPTOP-QSN8IM2G&apos;, ip: &apos;192.168.1.12&apos;, os.name: &apos;Windows 10&apos;, os.arch: &apos;amd64&apos;, os.version: &apos;10.0&apos;, java.version: &apos;11&apos;
Driver info: driver.version: unknown"><![CDATA[WebDriverError: element not interactable
  (Session info: chrome=86.0.4240.111)
Build info: version: '3.141.59', revision: 'e82be7d358', time: '2018-11-14T08:25:53'
System info: host: 'LAPTOP-QSN8IM2G', ip: '192.168.1.12', os.name: 'Windows 10', os.arch: 'amd64', os.version: '10.0', java.version: '11'
Driver info: driver.version: unknown
    at Object.checkLegacyResponse (C:\Users\sandy\AppData\Roaming\npm\node_modules\protractor\node_modules\selenium-webdriver\lib\error.js:546:15)
    at parseHttpResponse (C:\Users\sandy\AppData\Roaming\npm\node_modules\protractor\node_modules\selenium-webdriver\lib\http.js:509:13)
    at C:\Users\sandy\AppData\Roaming\npm\node_modules\protractor\node_modules\selenium-webdriver\lib\http.js:441:30
    at runMicrotasks (<anonymous>)
    at processTicksAndRejections (internal/process/task_queues.js:97:5)
From: Task: WebElement.click()
    at thenableWebDriverProxy.schedule (C:\Users\sandy\AppData\Roaming\npm\node_modules\protractor\node_modules\selenium-webdriver\lib\webdriver.js:807:17)
    at WebElement.schedule_ (C:\Users\sandy\AppData\Roaming\npm\node_modules\protractor\node_modules\selenium-webdriver\lib\webdriver.js:2010:25)
    at WebElement.click (C:\Users\sandy\AppData\Roaming\npm\node_modules\protractor\node_modules\selenium-webdriver\lib\webdriver.js:2092:17)
    at actionFn (C:\Users\sandy\AppData\Roaming\npm\node_modules\protractor\built\element.js:89:44)
    at Array.map (<anonymous>)
    at C:\Users\sandy\AppData\Roaming\npm\node_modules\protractor\built\element.js:461:65
    at ManagedPromise.invokeCallback_ (C:\Users\sandy\AppData\Roaming\npm\node_modules\protractor\node_modules\selenium-webdriver\lib\promise.js:1376:14)
    at TaskQueue.execute_ (C:\Users\sandy\AppData\Roaming\npm\node_modules\protractor\node_modules\selenium-webdriver\lib\promise.js:3084:14)
    at TaskQueue.executeNext_ (C:\Users\sandy\AppData\Roaming\npm\node_modules\protractor\node_modules\selenium-webdriver\lib\promise.js:3067:27)
    at C:\Users\sandy\AppData\Roaming\npm\node_modules\protractor\node_modules\selenium-webdriver\lib\promise.js:2927:27Error
    at ElementArrayFinder.applyAction_ (C:\Users\sandy\AppData\Roaming\npm\node_modules\protractor\built\element.js:459:27)
    at ElementArrayFinder.<computed> [as click] (C:\Users\sandy\AppData\Roaming\npm\node_modules\protractor\built\element.js:91:29)
    at ElementFinder.<computed> [as click] (C:\Users\sandy\AppData\Roaming\npm\node_modules\protractor\built\element.js:831:22)
    at F:\protractor\Hybrent3.2RC4\Testcases\ScanIN\scanin.js:276:39
    at ManagedPromise.invokeCallback_ (C:\Users\sandy\AppData\Roaming\npm\node_modules\protractor\node_modules\selenium-webdriver\lib\promise.js:1376:14)
    at TaskQueue.execute_ (C:\Users\sandy\AppData\Roaming\npm\node_modules\protractor\node_modules\selenium-webdriver\lib\promise.js:3084:14)
    at TaskQueue.executeNext_ (C:\Users\sandy\AppData\Roaming\npm\node_modules\protractor\node_modules\selenium-webdriver\lib\promise.js:3067:27)
    at C:\Users\sandy\AppData\Roaming\npm\node_modules\protractor\node_modules\selenium-webdriver\lib\promise.js:2927:27
    at C:\Users\sandy\AppData\Roaming\npm\node_modules\protractor\node_modules\selenium-webdriver\lib\promise.js:668:7
    at runMicrotasks (<anonymous>)
From: Task: Run it("Scan In items - Complete scan In and item should display on inventory transaction page") in control flow
    at UserContext.<anonymous> (C:\Users\sandy\AppData\Roaming\npm\node_modules\protractor\node_modules\jasminewd2\index.js:94:19)
    at attempt (C:\Users\sandy\AppData\Roaming\npm\node_modules\protractor\node_modules\jasmine-core\lib\jasmine-core\jasmine.js:4297:26)
    at QueueRunner.run (C:\Users\sandy\AppData\Roaming\npm\node_modules\protractor\node_modules\jasmine-core\lib\jasmine-core\jasmine.js:4217:20)
    at QueueRunner.execute (C:\Users\sandy\AppData\Roaming\npm\node_modules\protractor\node_modules\jasmine-core\lib\jasmine-core\jasmine.js:4199:10)
    at Spec.queueRunnerFactory (C:\Users\sandy\AppData\Roaming\npm\node_modules\protractor\node_modules\jasmine-core\lib\jasmine-core\jasmine.js:909:35)
    at Spec.execute (C:\Users\sandy\AppData\Roaming\npm\node_modules\protractor\node_modules\jasmine-core\lib\jasmine-core\jasmine.js:526:10)
    at UserContext.fn (C:\Users\sandy\AppData\Roaming\npm\node_modules\protractor\node_modules\jasmine-core\lib\jasmine-core\jasmine.js:5340:37)
    at attempt (C:\Users\sandy\AppData\Roaming\npm\node_modules\protractor\node_modules\jasmine-core\lib\jasmine-core\jasmine.js:4297:26)
    at QueueRunner.run (C:\Users\sandy\AppData\Roaming\npm\node_modules\protractor\node_modules\jasmine-core\lib\jasmine-core\jasmine.js:4217:20)
    at runNext (C:\Users\sandy\AppData\Roaming\npm\node_modules\protractor\node_modules\jasmine-core\lib\jasmine-core\jasmine.js:4257:20)
From asynchronous test: 
Error
    at Suite.<anonymous> (F:\protractor\Hybrent3.2RC4\Testcases\ScanIN\scanin.js:256:3)
    at addSpecsToSuite (C:\Users\sandy\AppData\Roaming\npm\node_modules\protractor\node_modules\jasmine-core\lib\jasmine-core\jasmine.js:1107:25)
    at Env.describe (C:\Users\sandy\AppData\Roaming\npm\node_modules\protractor\node_modules\jasmine-core\lib\jasmine-core\jasmine.js:1074:7)
    at describe (C:\Users\sandy\AppData\Roaming\npm\node_modules\protractor\node_modules\jasmine-core\lib\jasmine-core\jasmine.js:4399:18)
    at Object.<anonymous> (F:\protractor\Hybrent3.2RC4\Testcases\ScanIN\scanin.js:1:1)
    at Module._compile (internal/modules/cjs/loader.js:1158:30)
    at Object.Module._extensions..js (internal/modules/cjs/loader.js:1178:10)
    at Module.load (internal/modules/cjs/loader.js:1002:32)
    at Function.Module._load (internal/modules/cjs/loader.js:901:14)]]>
   </failure>
  </testcase>
 </testsuite>
 <testsuite name="Hybrent Scanout Module" timestamp="2020-11-02T11:13:15" hostname="localhost" time="73.348" errors="0" tests="11" skipped="1" disabled="0" failures="4">
  <testcase classname="Hybrent Scanout Module" name="Scan Out List page should open" time="4.401" />
  <testcase classname="Hybrent Scanout Module" name="List page should display Scan out filters and refresh button" time="0.079" />
  <testcase classname="Hybrent Scanout Module" name="Scan Out - Search items by item Name, sku, mfr" time="7.503" />
  <testcase classname="Hybrent Scanout Module" name="Scan Out - Add items for scan out by click on scan Out button" time="15.024">
   <failure type="exception" message="Failed: No element found using locator: By(xpath, //a[contains(text(),&quot;Select Inventory&quot;)])"><![CDATA[NoSuchElementError: No element found using locator: By(xpath, //a[contains(text(),"Select Inventory")])
    at C:\Users\sandy\AppData\Roaming\npm\node_modules\protractor\built\element.js:814:27
    at ManagedPromise.invokeCallback_ (C:\Users\sandy\AppData\Roaming\npm\node_modules\protractor\node_modules\selenium-webdriver\lib\promise.js:1376:14)
    at TaskQueue.execute_ (C:\Users\sandy\AppData\Roaming\npm\node_modules\protractor\node_modules\selenium-webdriver\lib\promise.js:3084:14)
    at TaskQueue.executeNext_ (C:\Users\sandy\AppData\Roaming\npm\node_modules\protractor\node_modules\selenium-webdriver\lib\promise.js:3067:27)
    at C:\Users\sandy\AppData\Roaming\npm\node_modules\protractor\node_modules\selenium-webdriver\lib\promise.js:2927:27
    at C:\Users\sandy\AppData\Roaming\npm\node_modules\protractor\node_modules\selenium-webdriver\lib\promise.js:668:7
    at runMicrotasks (<anonymous>)
    at processTicksAndRejections (internal/process/task_queues.js:97:5)Error
    at ElementArrayFinder.applyAction_ (C:\Users\sandy\AppData\Roaming\npm\node_modules\protractor\built\element.js:459:27)
    at ElementArrayFinder.<computed> [as click] (C:\Users\sandy\AppData\Roaming\npm\node_modules\protractor\built\element.js:91:29)
    at ElementFinder.<computed> [as click] (C:\Users\sandy\AppData\Roaming\npm\node_modules\protractor\built\element.js:831:22)
    at UserContext.<anonymous> (F:\protractor\Hybrent3.2RC4\Testcases\ScanOut\scanout.js:75:67)
    at C:\Users\sandy\AppData\Roaming\npm\node_modules\protractor\node_modules\jasminewd2\index.js:112:25
    at new ManagedPromise (C:\Users\sandy\AppData\Roaming\npm\node_modules\protractor\node_modules\selenium-webdriver\lib\promise.js:1077:7)
    at ControlFlow.promise (C:\Users\sandy\AppData\Roaming\npm\node_modules\protractor\node_modules\selenium-webdriver\lib\promise.js:2505:12)
    at schedulerExecute (C:\Users\sandy\AppData\Roaming\npm\node_modules\protractor\node_modules\jasminewd2\index.js:95:18)
    at TaskQueue.execute_ (C:\Users\sandy\AppData\Roaming\npm\node_modules\protractor\node_modules\selenium-webdriver\lib\promise.js:3084:14)
    at TaskQueue.executeNext_ (C:\Users\sandy\AppData\Roaming\npm\node_modules\protractor\node_modules\selenium-webdriver\lib\promise.js:3067:27)
From: Task: Run it("Scan Out - Add items for scan out by click on scan Out button") in control flow
    at UserContext.<anonymous> (C:\Users\sandy\AppData\Roaming\npm\node_modules\protractor\node_modules\jasminewd2\index.js:94:19)
    at attempt (C:\Users\sandy\AppData\Roaming\npm\node_modules\protractor\node_modules\jasmine-core\lib\jasmine-core\jasmine.js:4297:26)
    at QueueRunner.run (C:\Users\sandy\AppData\Roaming\npm\node_modules\protractor\node_modules\jasmine-core\lib\jasmine-core\jasmine.js:4217:20)
    at QueueRunner.execute (C:\Users\sandy\AppData\Roaming\npm\node_modules\protractor\node_modules\jasmine-core\lib\jasmine-core\jasmine.js:4199:10)
    at Spec.queueRunnerFactory (C:\Users\sandy\AppData\Roaming\npm\node_modules\protractor\node_modules\jasmine-core\lib\jasmine-core\jasmine.js:909:35)
    at Spec.execute (C:\Users\sandy\AppData\Roaming\npm\node_modules\protractor\node_modules\jasmine-core\lib\jasmine-core\jasmine.js:526:10)
    at UserContext.fn (C:\Users\sandy\AppData\Roaming\npm\node_modules\protractor\node_modules\jasmine-core\lib\jasmine-core\jasmine.js:5340:37)
    at attempt (C:\Users\sandy\AppData\Roaming\npm\node_modules\protractor\node_modules\jasmine-core\lib\jasmine-core\jasmine.js:4297:26)
    at QueueRunner.run (C:\Users\sandy\AppData\Roaming\npm\node_modules\protractor\node_modules\jasmine-core\lib\jasmine-core\jasmine.js:4217:20)
    at runNext (C:\Users\sandy\AppData\Roaming\npm\node_modules\protractor\node_modules\jasmine-core\lib\jasmine-core\jasmine.js:4257:20)
From asynchronous test: 
Error
    at Suite.<anonymous> (F:\protractor\Hybrent3.2RC4\Testcases\ScanOut\scanout.js:61:3)
    at addSpecsToSuite (C:\Users\sandy\AppData\Roaming\npm\node_modules\protractor\node_modules\jasmine-core\lib\jasmine-core\jasmine.js:1107:25)
    at Env.describe (C:\Users\sandy\AppData\Roaming\npm\node_modules\protractor\node_modules\jasmine-core\lib\jasmine-core\jasmine.js:1074:7)
    at describe (C:\Users\sandy\AppData\Roaming\npm\node_modules\protractor\node_modules\jasmine-core\lib\jasmine-core\jasmine.js:4399:18)
    at Object.<anonymous> (F:\protractor\Hybrent3.2RC4\Testcases\ScanOut\scanout.js:1:1)
    at Module._compile (internal/modules/cjs/loader.js:1158:30)
    at Object.Module._extensions..js (internal/modules/cjs/loader.js:1178:10)
    at Module.load (internal/modules/cjs/loader.js:1002:32)
    at Function.Module._load (internal/modules/cjs/loader.js:901:14)]]>
   </failure>
  </testcase>
  <testcase classname="Hybrent Scanout Module" name="scan Out - delete a single item added in scanout" time="0.314">
   <failure type="exception" message="Failed: No element found using locator: by.model(&quot;item.isSelected&quot;)"><![CDATA[NoSuchElementError: No element found using locator: by.model("item.isSelected")
    at C:\Users\sandy\AppData\Roaming\npm\node_modules\protractor\built\element.js:814:27
    at ManagedPromise.invokeCallback_ (C:\Users\sandy\AppData\Roaming\npm\node_modules\protractor\node_modules\selenium-webdriver\lib\promise.js:1376:14)
    at TaskQueue.execute_ (C:\Users\sandy\AppData\Roaming\npm\node_modules\protractor\node_modules\selenium-webdriver\lib\promise.js:3084:14)
    at TaskQueue.executeNext_ (C:\Users\sandy\AppData\Roaming\npm\node_modules\protractor\node_modules\selenium-webdriver\lib\promise.js:3067:27)
    at C:\Users\sandy\AppData\Roaming\npm\node_modules\protractor\node_modules\selenium-webdriver\lib\promise.js:2927:27
    at C:\Users\sandy\AppData\Roaming\npm\node_modules\protractor\node_modules\selenium-webdriver\lib\promise.js:668:7
    at runMicrotasks (<anonymous>)
    at processTicksAndRejections (internal/process/task_queues.js:97:5)Error
    at ElementArrayFinder.applyAction_ (C:\Users\sandy\AppData\Roaming\npm\node_modules\protractor\built\element.js:459:27)
    at ElementArrayFinder.<computed> [as click] (C:\Users\sandy\AppData\Roaming\npm\node_modules\protractor\built\element.js:91:29)
    at ElementFinder.<computed> [as click] (C:\Users\sandy\AppData\Roaming\npm\node_modules\protractor\built\element.js:831:22)
    at UserContext.<anonymous> (F:\protractor\Hybrent3.2RC4\Testcases\ScanOut\scanout.js:87:42)
    at C:\Users\sandy\AppData\Roaming\npm\node_modules\protractor\node_modules\jasminewd2\index.js:112:25
    at new ManagedPromise (C:\Users\sandy\AppData\Roaming\npm\node_modules\protractor\node_modules\selenium-webdriver\lib\promise.js:1077:7)
    at ControlFlow.promise (C:\Users\sandy\AppData\Roaming\npm\node_modules\protractor\node_modules\selenium-webdriver\lib\promise.js:2505:12)
    at schedulerExecute (C:\Users\sandy\AppData\Roaming\npm\node_modules\protractor\node_modules\jasminewd2\index.js:95:18)
    at TaskQueue.execute_ (C:\Users\sandy\AppData\Roaming\npm\node_modules\protractor\node_modules\selenium-webdriver\lib\promise.js:3084:14)
    at TaskQueue.executeNext_ (C:\Users\sandy\AppData\Roaming\npm\node_modules\protractor\node_modules\selenium-webdriver\lib\promise.js:3067:27)
From: Task: Run it("scan Out - delete a single item added in scanout") in control flow
    at UserContext.<anonymous> (C:\Users\sandy\AppData\Roaming\npm\node_modules\protractor\node_modules\jasminewd2\index.js:94:19)
    at attempt (C:\Users\sandy\AppData\Roaming\npm\node_modules\protractor\node_modules\jasmine-core\lib\jasmine-core\jasmine.js:4297:26)
    at QueueRunner.run (C:\Users\sandy\AppData\Roaming\npm\node_modules\protractor\node_modules\jasmine-core\lib\jasmine-core\jasmine.js:4217:20)
    at QueueRunner.execute (C:\Users\sandy\AppData\Roaming\npm\node_modules\protractor\node_modules\jasmine-core\lib\jasmine-core\jasmine.js:4199:10)
    at Spec.queueRunnerFactory (C:\Users\sandy\AppData\Roaming\npm\node_modules\protractor\node_modules\jasmine-core\lib\jasmine-core\jasmine.js:909:35)
    at Spec.execute (C:\Users\sandy\AppData\Roaming\npm\node_modules\protractor\node_modules\jasmine-core\lib\jasmine-core\jasmine.js:526:10)
    at UserContext.fn (C:\Users\sandy\AppData\Roaming\npm\node_modules\protractor\node_modules\jasmine-core\lib\jasmine-core\jasmine.js:5340:37)
    at attempt (C:\Users\sandy\AppData\Roaming\npm\node_modules\protractor\node_modules\jasmine-core\lib\jasmine-core\jasmine.js:4297:26)
    at QueueRunner.run (C:\Users\sandy\AppData\Roaming\npm\node_modules\protractor\node_modules\jasmine-core\lib\jasmine-core\jasmine.js:4217:20)
    at runNext (C:\Users\sandy\AppData\Roaming\npm\node_modules\protractor\node_modules\jasmine-core\lib\jasmine-core\jasmine.js:4257:20)
From asynchronous test: 
Error
    at Suite.<anonymous> (F:\protractor\Hybrent3.2RC4\Testcases\ScanOut\scanout.js:86:3)
    at addSpecsToSuite (C:\Users\sandy\AppData\Roaming\npm\node_modules\protractor\node_modules\jasmine-core\lib\jasmine-core\jasmine.js:1107:25)
    at Env.describe (C:\Users\sandy\AppData\Roaming\npm\node_modules\protractor\node_modules\jasmine-core\lib\jasmine-core\jasmine.js:1074:7)
    at describe (C:\Users\sandy\AppData\Roaming\npm\node_modules\protractor\node_modules\jasmine-core\lib\jasmine-core\jasmine.js:4399:18)
    at Object.<anonymous> (F:\protractor\Hybrent3.2RC4\Testcases\ScanOut\scanout.js:1:1)
    at Module._compile (internal/modules/cjs/loader.js:1158:30)
    at Object.Module._extensions..js (internal/modules/cjs/loader.js:1178:10)
    at Module.load (internal/modules/cjs/loader.js:1002:32)
    at Function.Module._load (internal/modules/cjs/loader.js:901:14)]]>
   </failure>
  </testcase>
  <testcase classname="Hybrent Scanout Module" name="Scan Out - Again Add items for scan out by click on scan Out button" time="6.928">
   <failure type="exception" message="Failed: No element found using locator: By(xpath, //a[contains(text(),&quot;Select Inventory&quot;)])"><![CDATA[NoSuchElementError: No element found using locator: By(xpath, //a[contains(text(),"Select Inventory")])
    at C:\Users\sandy\AppData\Roaming\npm\node_modules\protractor\built\element.js:814:27
    at ManagedPromise.invokeCallback_ (C:\Users\sandy\AppData\Roaming\npm\node_modules\protractor\node_modules\selenium-webdriver\lib\promise.js:1376:14)
    at TaskQueue.execute_ (C:\Users\sandy\AppData\Roaming\npm\node_modules\protractor\node_modules\selenium-webdriver\lib\promise.js:3084:14)
    at TaskQueue.executeNext_ (C:\Users\sandy\AppData\Roaming\npm\node_modules\protractor\node_modules\selenium-webdriver\lib\promise.js:3067:27)
    at C:\Users\sandy\AppData\Roaming\npm\node_modules\protractor\node_modules\selenium-webdriver\lib\promise.js:2927:27
    at C:\Users\sandy\AppData\Roaming\npm\node_modules\protractor\node_modules\selenium-webdriver\lib\promise.js:668:7
    at runMicrotasks (<anonymous>)
    at processTicksAndRejections (internal/process/task_queues.js:97:5)Error
    at ElementArrayFinder.applyAction_ (C:\Users\sandy\AppData\Roaming\npm\node_modules\protractor\built\element.js:459:27)
    at ElementArrayFinder.<computed> [as click] (C:\Users\sandy\AppData\Roaming\npm\node_modules\protractor\built\element.js:91:29)
    at ElementFinder.<computed> [as click] (C:\Users\sandy\AppData\Roaming\npm\node_modules\protractor\built\element.js:831:22)
    at UserContext.<anonymous> (F:\protractor\Hybrent3.2RC4\Testcases\ScanOut\scanout.js:103:67)
    at C:\Users\sandy\AppData\Roaming\npm\node_modules\protractor\node_modules\jasminewd2\index.js:112:25
    at new ManagedPromise (C:\Users\sandy\AppData\Roaming\npm\node_modules\protractor\node_modules\selenium-webdriver\lib\promise.js:1077:7)
    at ControlFlow.promise (C:\Users\sandy\AppData\Roaming\npm\node_modules\protractor\node_modules\selenium-webdriver\lib\promise.js:2505:12)
    at schedulerExecute (C:\Users\sandy\AppData\Roaming\npm\node_modules\protractor\node_modules\jasminewd2\index.js:95:18)
    at TaskQueue.execute_ (C:\Users\sandy\AppData\Roaming\npm\node_modules\protractor\node_modules\selenium-webdriver\lib\promise.js:3084:14)
    at TaskQueue.executeNext_ (C:\Users\sandy\AppData\Roaming\npm\node_modules\protractor\node_modules\selenium-webdriver\lib\promise.js:3067:27)
From: Task: Run it("Scan Out - Again Add items for scan out by click on scan Out button") in control flow
    at UserContext.<anonymous> (C:\Users\sandy\AppData\Roaming\npm\node_modules\protractor\node_modules\jasminewd2\index.js:94:19)
    at attempt (C:\Users\sandy\AppData\Roaming\npm\node_modules\protractor\node_modules\jasmine-core\lib\jasmine-core\jasmine.js:4297:26)
    at QueueRunner.run (C:\Users\sandy\AppData\Roaming\npm\node_modules\protractor\node_modules\jasmine-core\lib\jasmine-core\jasmine.js:4217:20)
    at QueueRunner.execute (C:\Users\sandy\AppData\Roaming\npm\node_modules\protractor\node_modules\jasmine-core\lib\jasmine-core\jasmine.js:4199:10)
    at Spec.queueRunnerFactory (C:\Users\sandy\AppData\Roaming\npm\node_modules\protractor\node_modules\jasmine-core\lib\jasmine-core\jasmine.js:909:35)
    at Spec.execute (C:\Users\sandy\AppData\Roaming\npm\node_modules\protractor\node_modules\jasmine-core\lib\jasmine-core\jasmine.js:526:10)
    at UserContext.fn (C:\Users\sandy\AppData\Roaming\npm\node_modules\protractor\node_modules\jasmine-core\lib\jasmine-core\jasmine.js:5340:37)
    at attempt (C:\Users\sandy\AppData\Roaming\npm\node_modules\protractor\node_modules\jasmine-core\lib\jasmine-core\jasmine.js:4297:26)
    at QueueRunner.run (C:\Users\sandy\AppData\Roaming\npm\node_modules\protractor\node_modules\jasmine-core\lib\jasmine-core\jasmine.js:4217:20)
    at runNext (C:\Users\sandy\AppData\Roaming\npm\node_modules\protractor\node_modules\jasmine-core\lib\jasmine-core\jasmine.js:4257:20)
From asynchronous test: 
Error
    at Suite.<anonymous> (F:\protractor\Hybrent3.2RC4\Testcases\ScanOut\scanout.js:96:3)
    at addSpecsToSuite (C:\Users\sandy\AppData\Roaming\npm\node_modules\protractor\node_modules\jasmine-core\lib\jasmine-core\jasmine.js:1107:25)
    at Env.describe (C:\Users\sandy\AppData\Roaming\npm\node_modules\protractor\node_modules\jasmine-core\lib\jasmine-core\jasmine.js:1074:7)
    at describe (C:\Users\sandy\AppData\Roaming\npm\node_modules\protractor\node_modules\jasmine-core\lib\jasmine-core\jasmine.js:4399:18)
    at Object.<anonymous> (F:\protractor\Hybrent3.2RC4\Testcases\ScanOut\scanout.js:1:1)
    at Module._compile (internal/modules/cjs/loader.js:1158:30)
    at Object.Module._extensions..js (internal/modules/cjs/loader.js:1178:10)
    at Module.load (internal/modules/cjs/loader.js:1002:32)
    at Function.Module._load (internal/modules/cjs/loader.js:901:14)]]>
   </failure>
  </testcase>
  <testcase classname="Hybrent Scanout Module" name="Scan Out items - Attach stock info" time="4.939" />
  <testcase classname="Hybrent Scanout Module" name="Scan Out items - Remove attached stock info" time="0.003">
   <skipped message="Temporarily disabled with xit" />
  </testcase>
  <testcase classname="Hybrent Scanout Module" name="add amenities item in scanout" time="15.146" />
  <testcase classname="Hybrent Scanout Module" name="scan Out - attach Charge Center for the added item" time="13.389" />
  <testcase classname="Hybrent Scanout Module" name="Scan out items - Complete scan Out and item should display on inventory transaction page" time="5.621">
   <failure type="exception" message="Failed: element not interactable
  (Session info: chrome=86.0.4240.111)
Build info: version: &apos;3.141.59&apos;, revision: &apos;e82be7d358&apos;, time: &apos;2018-11-14T08:25:53&apos;
System info: host: &apos;LAPTOP-QSN8IM2G&apos;, ip: &apos;192.168.1.12&apos;, os.name: &apos;Windows 10&apos;, os.arch: &apos;amd64&apos;, os.version: &apos;10.0&apos;, java.version: &apos;11&apos;
Driver info: driver.version: unknown"><![CDATA[WebDriverError: element not interactable
  (Session info: chrome=86.0.4240.111)
Build info: version: '3.141.59', revision: 'e82be7d358', time: '2018-11-14T08:25:53'
System info: host: 'LAPTOP-QSN8IM2G', ip: '192.168.1.12', os.name: 'Windows 10', os.arch: 'amd64', os.version: '10.0', java.version: '11'
Driver info: driver.version: unknown
    at Object.checkLegacyResponse (C:\Users\sandy\AppData\Roaming\npm\node_modules\protractor\node_modules\selenium-webdriver\lib\error.js:546:15)
    at parseHttpResponse (C:\Users\sandy\AppData\Roaming\npm\node_modules\protractor\node_modules\selenium-webdriver\lib\http.js:509:13)
    at C:\Users\sandy\AppData\Roaming\npm\node_modules\protractor\node_modules\selenium-webdriver\lib\http.js:441:30
    at runMicrotasks (<anonymous>)
    at processTicksAndRejections (internal/process/task_queues.js:97:5)
From: Task: WebElement.click()
    at thenableWebDriverProxy.schedule (C:\Users\sandy\AppData\Roaming\npm\node_modules\protractor\node_modules\selenium-webdriver\lib\webdriver.js:807:17)
    at WebElement.schedule_ (C:\Users\sandy\AppData\Roaming\npm\node_modules\protractor\node_modules\selenium-webdriver\lib\webdriver.js:2010:25)
    at WebElement.click (C:\Users\sandy\AppData\Roaming\npm\node_modules\protractor\node_modules\selenium-webdriver\lib\webdriver.js:2092:17)
    at actionFn (C:\Users\sandy\AppData\Roaming\npm\node_modules\protractor\built\element.js:89:44)
    at Array.map (<anonymous>)
    at C:\Users\sandy\AppData\Roaming\npm\node_modules\protractor\built\element.js:461:65
    at ManagedPromise.invokeCallback_ (C:\Users\sandy\AppData\Roaming\npm\node_modules\protractor\node_modules\selenium-webdriver\lib\promise.js:1376:14)
    at TaskQueue.execute_ (C:\Users\sandy\AppData\Roaming\npm\node_modules\protractor\node_modules\selenium-webdriver\lib\promise.js:3084:14)
    at TaskQueue.executeNext_ (C:\Users\sandy\AppData\Roaming\npm\node_modules\protractor\node_modules\selenium-webdriver\lib\promise.js:3067:27)
    at C:\Users\sandy\AppData\Roaming\npm\node_modules\protractor\node_modules\selenium-webdriver\lib\promise.js:2927:27Error
    at ElementArrayFinder.applyAction_ (C:\Users\sandy\AppData\Roaming\npm\node_modules\protractor\built\element.js:459:27)
    at ElementArrayFinder.<computed> [as click] (C:\Users\sandy\AppData\Roaming\npm\node_modules\protractor\built\element.js:91:29)
    at ElementFinder.<computed> [as click] (C:\Users\sandy\AppData\Roaming\npm\node_modules\protractor\built\element.js:831:22)
    at UserContext.<anonymous> (F:\protractor\Hybrent3.2RC4\Testcases\ScanOut\scanout.js:191:83)
    at C:\Users\sandy\AppData\Roaming\npm\node_modules\protractor\node_modules\jasminewd2\index.js:112:25
    at new ManagedPromise (C:\Users\sandy\AppData\Roaming\npm\node_modules\protractor\node_modules\selenium-webdriver\lib\promise.js:1077:7)
    at ControlFlow.promise (C:\Users\sandy\AppData\Roaming\npm\node_modules\protractor\node_modules\selenium-webdriver\lib\promise.js:2505:12)
    at schedulerExecute (C:\Users\sandy\AppData\Roaming\npm\node_modules\protractor\node_modules\jasminewd2\index.js:95:18)
    at TaskQueue.execute_ (C:\Users\sandy\AppData\Roaming\npm\node_modules\protractor\node_modules\selenium-webdriver\lib\promise.js:3084:14)
    at TaskQueue.executeNext_ (C:\Users\sandy\AppData\Roaming\npm\node_modules\protractor\node_modules\selenium-webdriver\lib\promise.js:3067:27)
From: Task: Run it("Scan out items - Complete scan Out and item should display on inventory transaction page") in control flow
    at UserContext.<anonymous> (C:\Users\sandy\AppData\Roaming\npm\node_modules\protractor\node_modules\jasminewd2\index.js:94:19)
    at attempt (C:\Users\sandy\AppData\Roaming\npm\node_modules\protractor\node_modules\jasmine-core\lib\jasmine-core\jasmine.js:4297:26)
    at QueueRunner.run (C:\Users\sandy\AppData\Roaming\npm\node_modules\protractor\node_modules\jasmine-core\lib\jasmine-core\jasmine.js:4217:20)
    at QueueRunner.execute (C:\Users\sandy\AppData\Roaming\npm\node_modules\protractor\node_modules\jasmine-core\lib\jasmine-core\jasmine.js:4199:10)
    at Spec.queueRunnerFactory (C:\Users\sandy\AppData\Roaming\npm\node_modules\protractor\node_modules\jasmine-core\lib\jasmine-core\jasmine.js:909:35)
    at Spec.execute (C:\Users\sandy\AppData\Roaming\npm\node_modules\protractor\node_modules\jasmine-core\lib\jasmine-core\jasmine.js:526:10)
    at UserContext.fn (C:\Users\sandy\AppData\Roaming\npm\node_modules\protractor\node_modules\jasmine-core\lib\jasmine-core\jasmine.js:5340:37)
    at attempt (C:\Users\sandy\AppData\Roaming\npm\node_modules\protractor\node_modules\jasmine-core\lib\jasmine-core\jasmine.js:4297:26)
    at QueueRunner.run (C:\Users\sandy\AppData\Roaming\npm\node_modules\protractor\node_modules\jasmine-core\lib\jasmine-core\jasmine.js:4217:20)
    at runNext (C:\Users\sandy\AppData\Roaming\npm\node_modules\protractor\node_modules\jasmine-core\lib\jasmine-core\jasmine.js:4257:20)
From asynchronous test: 
Error
    at Suite.<anonymous> (F:\protractor\Hybrent3.2RC4\Testcases\ScanOut\scanout.js:186:3)
    at addSpecsToSuite (C:\Users\sandy\AppData\Roaming\npm\node_modules\protractor\node_modules\jasmine-core\lib\jasmine-core\jasmine.js:1107:25)
    at Env.describe (C:\Users\sandy\AppData\Roaming\npm\node_modules\protractor\node_modules\jasmine-core\lib\jasmine-core\jasmine.js:1074:7)
    at describe (C:\Users\sandy\AppData\Roaming\npm\node_modules\protractor\node_modules\jasmine-core\lib\jasmine-core\jasmine.js:4399:18)
    at Object.<anonymous> (F:\protractor\Hybrent3.2RC4\Testcases\ScanOut\scanout.js:1:1)
    at Module._compile (internal/modules/cjs/loader.js:1158:30)
    at Object.Module._extensions..js (internal/modules/cjs/loader.js:1178:10)
    at Module.load (internal/modules/cjs/loader.js:1002:32)
    at Function.Module._load (internal/modules/cjs/loader.js:901:14)]]>
   </failure>
  </testcase>
 </testsuite>
 <testsuite name="Hybrent Bill &amp; Replace Module" timestamp="2020-11-02T11:14:29" hostname="localhost" time="26.283" errors="0" tests="4" skipped="0" disabled="0" failures="1">
  <testcase classname="Hybrent Bill &amp; Replace Module" name="Open Bill and Replace module" time="3.611" />
  <testcase classname="Hybrent Bill &amp; Replace Module" name="Verify that add item search filter appear on top of the page" time="0.028" />
  <testcase classname="Hybrent Bill &amp; Replace Module" name="Search item by SKU, MFR and Name " time="8.255" />
  <testcase classname="Hybrent Bill &amp; Replace Module" name="add item for Bill and replace to generate B&amp;R PO" time="14.388">
   <failure type="exception" message="Failed: element not interactable
  (Session info: chrome=86.0.4240.111)
Build info: version: &apos;3.141.59&apos;, revision: &apos;e82be7d358&apos;, time: &apos;2018-11-14T08:25:53&apos;
System info: host: &apos;LAPTOP-QSN8IM2G&apos;, ip: &apos;192.168.1.12&apos;, os.name: &apos;Windows 10&apos;, os.arch: &apos;amd64&apos;, os.version: &apos;10.0&apos;, java.version: &apos;11&apos;
Driver info: driver.version: unknown"><![CDATA[WebDriverError: element not interactable
  (Session info: chrome=86.0.4240.111)
Build info: version: '3.141.59', revision: 'e82be7d358', time: '2018-11-14T08:25:53'
System info: host: 'LAPTOP-QSN8IM2G', ip: '192.168.1.12', os.name: 'Windows 10', os.arch: 'amd64', os.version: '10.0', java.version: '11'
Driver info: driver.version: unknown
    at Object.checkLegacyResponse (C:\Users\sandy\AppData\Roaming\npm\node_modules\protractor\node_modules\selenium-webdriver\lib\error.js:546:15)
    at parseHttpResponse (C:\Users\sandy\AppData\Roaming\npm\node_modules\protractor\node_modules\selenium-webdriver\lib\http.js:509:13)
    at C:\Users\sandy\AppData\Roaming\npm\node_modules\protractor\node_modules\selenium-webdriver\lib\http.js:441:30
    at runMicrotasks (<anonymous>)
    at processTicksAndRejections (internal/process/task_queues.js:97:5)
From: Task: WebElement.click()
    at thenableWebDriverProxy.schedule (C:\Users\sandy\AppData\Roaming\npm\node_modules\protractor\node_modules\selenium-webdriver\lib\webdriver.js:807:17)
    at WebElement.schedule_ (C:\Users\sandy\AppData\Roaming\npm\node_modules\protractor\node_modules\selenium-webdriver\lib\webdriver.js:2010:25)
    at WebElement.click (C:\Users\sandy\AppData\Roaming\npm\node_modules\protractor\node_modules\selenium-webdriver\lib\webdriver.js:2092:17)
    at actionFn (C:\Users\sandy\AppData\Roaming\npm\node_modules\protractor\built\element.js:89:44)
    at Array.map (<anonymous>)
    at C:\Users\sandy\AppData\Roaming\npm\node_modules\protractor\built\element.js:461:65
    at ManagedPromise.invokeCallback_ (C:\Users\sandy\AppData\Roaming\npm\node_modules\protractor\node_modules\selenium-webdriver\lib\promise.js:1376:14)
    at TaskQueue.execute_ (C:\Users\sandy\AppData\Roaming\npm\node_modules\protractor\node_modules\selenium-webdriver\lib\promise.js:3084:14)
    at TaskQueue.executeNext_ (C:\Users\sandy\AppData\Roaming\npm\node_modules\protractor\node_modules\selenium-webdriver\lib\promise.js:3067:27)
    at C:\Users\sandy\AppData\Roaming\npm\node_modules\protractor\node_modules\selenium-webdriver\lib\promise.js:2927:27Error
    at ElementArrayFinder.applyAction_ (C:\Users\sandy\AppData\Roaming\npm\node_modules\protractor\built\element.js:459:27)
    at ElementArrayFinder.<computed> [as click] (C:\Users\sandy\AppData\Roaming\npm\node_modules\protractor\built\element.js:91:29)
    at ElementFinder.<computed> [as click] (C:\Users\sandy\AppData\Roaming\npm\node_modules\protractor\built\element.js:831:22)
    at F:\protractor\Hybrent3.2RC4\Testcases\Bill_and_Replace\Bill_and_Replace.js:77:39
    at ManagedPromise.invokeCallback_ (C:\Users\sandy\AppData\Roaming\npm\node_modules\protractor\node_modules\selenium-webdriver\lib\promise.js:1376:14)
    at TaskQueue.execute_ (C:\Users\sandy\AppData\Roaming\npm\node_modules\protractor\node_modules\selenium-webdriver\lib\promise.js:3084:14)
    at TaskQueue.executeNext_ (C:\Users\sandy\AppData\Roaming\npm\node_modules\protractor\node_modules\selenium-webdriver\lib\promise.js:3067:27)
    at C:\Users\sandy\AppData\Roaming\npm\node_modules\protractor\node_modules\selenium-webdriver\lib\promise.js:2927:27
    at C:\Users\sandy\AppData\Roaming\npm\node_modules\protractor\node_modules\selenium-webdriver\lib\promise.js:668:7
    at runMicrotasks (<anonymous>)
From: Task: Run it("add item for Bill and replace to generate B&R PO") in control flow
    at UserContext.<anonymous> (C:\Users\sandy\AppData\Roaming\npm\node_modules\protractor\node_modules\jasminewd2\index.js:94:19)
    at attempt (C:\Users\sandy\AppData\Roaming\npm\node_modules\protractor\node_modules\jasmine-core\lib\jasmine-core\jasmine.js:4297:26)
    at QueueRunner.run (C:\Users\sandy\AppData\Roaming\npm\node_modules\protractor\node_modules\jasmine-core\lib\jasmine-core\jasmine.js:4217:20)
    at QueueRunner.execute (C:\Users\sandy\AppData\Roaming\npm\node_modules\protractor\node_modules\jasmine-core\lib\jasmine-core\jasmine.js:4199:10)
    at Spec.queueRunnerFactory (C:\Users\sandy\AppData\Roaming\npm\node_modules\protractor\node_modules\jasmine-core\lib\jasmine-core\jasmine.js:909:35)
    at Spec.execute (C:\Users\sandy\AppData\Roaming\npm\node_modules\protractor\node_modules\jasmine-core\lib\jasmine-core\jasmine.js:526:10)
    at UserContext.fn (C:\Users\sandy\AppData\Roaming\npm\node_modules\protractor\node_modules\jasmine-core\lib\jasmine-core\jasmine.js:5340:37)
    at attempt (C:\Users\sandy\AppData\Roaming\npm\node_modules\protractor\node_modules\jasmine-core\lib\jasmine-core\jasmine.js:4297:26)
    at QueueRunner.run (C:\Users\sandy\AppData\Roaming\npm\node_modules\protractor\node_modules\jasmine-core\lib\jasmine-core\jasmine.js:4217:20)
    at runNext (C:\Users\sandy\AppData\Roaming\npm\node_modules\protractor\node_modules\jasmine-core\lib\jasmine-core\jasmine.js:4257:20)
From asynchronous test: 
Error
    at Suite.<anonymous> (F:\protractor\Hybrent3.2RC4\Testcases\Bill_and_Replace\Bill_and_Replace.js:51:3)
    at addSpecsToSuite (C:\Users\sandy\AppData\Roaming\npm\node_modules\protractor\node_modules\jasmine-core\lib\jasmine-core\jasmine.js:1107:25)
    at Env.describe (C:\Users\sandy\AppData\Roaming\npm\node_modules\protractor\node_modules\jasmine-core\lib\jasmine-core\jasmine.js:1074:7)
    at describe (C:\Users\sandy\AppData\Roaming\npm\node_modules\protractor\node_modules\jasmine-core\lib\jasmine-core\jasmine.js:4399:18)
    at Object.<anonymous> (F:\protractor\Hybrent3.2RC4\Testcases\Bill_and_Replace\Bill_and_Replace.js:1:1)
    at Module._compile (internal/modules/cjs/loader.js:1158:30)
    at Object.Module._extensions..js (internal/modules/cjs/loader.js:1178:10)
    at Module.load (internal/modules/cjs/loader.js:1002:32)
    at Function.Module._load (internal/modules/cjs/loader.js:901:14)]]>
   </failure>
  </testcase>
 </testsuite>
 <testsuite name="Hybrent ReplenishBin Module" timestamp="2020-11-02T11:14:55" hostname="localhost" time="32.193" errors="0" tests="4" skipped="0" disabled="0" failures="1">
  <testcase classname="Hybrent ReplenishBin Module" name="Open ReplenishBin module" time="6.409" />
  <testcase classname="Hybrent ReplenishBin Module" name="Verify that drop down and search filter appear on the page" time="0.073" />
  <testcase classname="Hybrent ReplenishBin Module" name="Verfiy the user is able to select inventory from the inventory drop down to generate a Replenish Bin PO" time="6.826" />
  <testcase classname="Hybrent ReplenishBin Module" name="Add item to ReplenishBin cart by search filter" time="18.883">
   <failure type="exception" message="Failed: element not interactable
  (Session info: chrome=86.0.4240.111)
Build info: version: &apos;3.141.59&apos;, revision: &apos;e82be7d358&apos;, time: &apos;2018-11-14T08:25:53&apos;
System info: host: &apos;LAPTOP-QSN8IM2G&apos;, ip: &apos;192.168.1.12&apos;, os.name: &apos;Windows 10&apos;, os.arch: &apos;amd64&apos;, os.version: &apos;10.0&apos;, java.version: &apos;11&apos;
Driver info: driver.version: unknown"><![CDATA[WebDriverError: element not interactable
  (Session info: chrome=86.0.4240.111)
Build info: version: '3.141.59', revision: 'e82be7d358', time: '2018-11-14T08:25:53'
System info: host: 'LAPTOP-QSN8IM2G', ip: '192.168.1.12', os.name: 'Windows 10', os.arch: 'amd64', os.version: '10.0', java.version: '11'
Driver info: driver.version: unknown
    at Object.checkLegacyResponse (C:\Users\sandy\AppData\Roaming\npm\node_modules\protractor\node_modules\selenium-webdriver\lib\error.js:546:15)
    at parseHttpResponse (C:\Users\sandy\AppData\Roaming\npm\node_modules\protractor\node_modules\selenium-webdriver\lib\http.js:509:13)
    at C:\Users\sandy\AppData\Roaming\npm\node_modules\protractor\node_modules\selenium-webdriver\lib\http.js:441:30
    at runMicrotasks (<anonymous>)
    at processTicksAndRejections (internal/process/task_queues.js:97:5)
From: Task: WebElement.click()
    at thenableWebDriverProxy.schedule (C:\Users\sandy\AppData\Roaming\npm\node_modules\protractor\node_modules\selenium-webdriver\lib\webdriver.js:807:17)
    at WebElement.schedule_ (C:\Users\sandy\AppData\Roaming\npm\node_modules\protractor\node_modules\selenium-webdriver\lib\webdriver.js:2010:25)
    at WebElement.click (C:\Users\sandy\AppData\Roaming\npm\node_modules\protractor\node_modules\selenium-webdriver\lib\webdriver.js:2092:17)
    at actionFn (C:\Users\sandy\AppData\Roaming\npm\node_modules\protractor\built\element.js:89:44)
    at Array.map (<anonymous>)
    at C:\Users\sandy\AppData\Roaming\npm\node_modules\protractor\built\element.js:461:65
    at ManagedPromise.invokeCallback_ (C:\Users\sandy\AppData\Roaming\npm\node_modules\protractor\node_modules\selenium-webdriver\lib\promise.js:1376:14)
    at TaskQueue.execute_ (C:\Users\sandy\AppData\Roaming\npm\node_modules\protractor\node_modules\selenium-webdriver\lib\promise.js:3084:14)
    at TaskQueue.executeNext_ (C:\Users\sandy\AppData\Roaming\npm\node_modules\protractor\node_modules\selenium-webdriver\lib\promise.js:3067:27)
    at C:\Users\sandy\AppData\Roaming\npm\node_modules\protractor\node_modules\selenium-webdriver\lib\promise.js:2927:27Error
    at ElementArrayFinder.applyAction_ (C:\Users\sandy\AppData\Roaming\npm\node_modules\protractor\built\element.js:459:27)
    at ElementArrayFinder.<computed> [as click] (C:\Users\sandy\AppData\Roaming\npm\node_modules\protractor\built\element.js:91:29)
    at ElementFinder.<computed> [as click] (C:\Users\sandy\AppData\Roaming\npm\node_modules\protractor\built\element.js:831:22)
    at F:\protractor\Hybrent3.2RC4\Testcases\Replenish_Bin\Replenish_bin.js:71:39
    at ManagedPromise.invokeCallback_ (C:\Users\sandy\AppData\Roaming\npm\node_modules\protractor\node_modules\selenium-webdriver\lib\promise.js:1376:14)
    at TaskQueue.execute_ (C:\Users\sandy\AppData\Roaming\npm\node_modules\protractor\node_modules\selenium-webdriver\lib\promise.js:3084:14)
    at TaskQueue.executeNext_ (C:\Users\sandy\AppData\Roaming\npm\node_modules\protractor\node_modules\selenium-webdriver\lib\promise.js:3067:27)
    at C:\Users\sandy\AppData\Roaming\npm\node_modules\protractor\node_modules\selenium-webdriver\lib\promise.js:2927:27
    at C:\Users\sandy\AppData\Roaming\npm\node_modules\protractor\node_modules\selenium-webdriver\lib\promise.js:668:7
    at runMicrotasks (<anonymous>)
From: Task: Run it("Add item to ReplenishBin cart by search filter") in control flow
    at UserContext.<anonymous> (C:\Users\sandy\AppData\Roaming\npm\node_modules\protractor\node_modules\jasminewd2\index.js:94:19)
    at attempt (C:\Users\sandy\AppData\Roaming\npm\node_modules\protractor\node_modules\jasmine-core\lib\jasmine-core\jasmine.js:4297:26)
    at QueueRunner.run (C:\Users\sandy\AppData\Roaming\npm\node_modules\protractor\node_modules\jasmine-core\lib\jasmine-core\jasmine.js:4217:20)
    at QueueRunner.execute (C:\Users\sandy\AppData\Roaming\npm\node_modules\protractor\node_modules\jasmine-core\lib\jasmine-core\jasmine.js:4199:10)
    at Spec.queueRunnerFactory (C:\Users\sandy\AppData\Roaming\npm\node_modules\protractor\node_modules\jasmine-core\lib\jasmine-core\jasmine.js:909:35)
    at Spec.execute (C:\Users\sandy\AppData\Roaming\npm\node_modules\protractor\node_modules\jasmine-core\lib\jasmine-core\jasmine.js:526:10)
    at UserContext.fn (C:\Users\sandy\AppData\Roaming\npm\node_modules\protractor\node_modules\jasmine-core\lib\jasmine-core\jasmine.js:5340:37)
    at attempt (C:\Users\sandy\AppData\Roaming\npm\node_modules\protractor\node_modules\jasmine-core\lib\jasmine-core\jasmine.js:4297:26)
    at QueueRunner.run (C:\Users\sandy\AppData\Roaming\npm\node_modules\protractor\node_modules\jasmine-core\lib\jasmine-core\jasmine.js:4217:20)
    at runNext (C:\Users\sandy\AppData\Roaming\npm\node_modules\protractor\node_modules\jasmine-core\lib\jasmine-core\jasmine.js:4257:20)
From asynchronous test: 
Error
    at Suite.<anonymous> (F:\protractor\Hybrent3.2RC4\Testcases\Replenish_Bin\Replenish_bin.js:49:3)
    at addSpecsToSuite (C:\Users\sandy\AppData\Roaming\npm\node_modules\protractor\node_modules\jasmine-core\lib\jasmine-core\jasmine.js:1107:25)
    at Env.describe (C:\Users\sandy\AppData\Roaming\npm\node_modules\protractor\node_modules\jasmine-core\lib\jasmine-core\jasmine.js:1074:7)
    at describe (C:\Users\sandy\AppData\Roaming\npm\node_modules\protractor\node_modules\jasmine-core\lib\jasmine-core\jasmine.js:4399:18)
    at Object.<anonymous> (F:\protractor\Hybrent3.2RC4\Testcases\Replenish_Bin\Replenish_bin.js:1:1)
    at Module._compile (internal/modules/cjs/loader.js:1158:30)
    at Object.Module._extensions..js (internal/modules/cjs/loader.js:1178:10)
    at Module.load (internal/modules/cjs/loader.js:1002:32)
    at Function.Module._load (internal/modules/cjs/loader.js:901:14)]]>
   </failure>
  </testcase>
 </testsuite>
 <testsuite name="Hybrent Manage Inventory Module" timestamp="2020-11-02T11:15:27" hostname="localhost" time="101.757" errors="0" tests="12" skipped="4" disabled="0" failures="1">
  <testcase classname="Hybrent Manage Inventory Module" name="Manage Inventory page should open" time="4.953" />
  <testcase classname="Hybrent Manage Inventory Module" name="List page should display list of items and manage inventory filters" time="0.109" />
  <testcase classname="Hybrent Manage Inventory Module" name="Search items by Name" time="0.001">
   <skipped message="Temporarily disabled with xit" />
  </testcase>
  <testcase classname="Hybrent Manage Inventory Module" name="Search items by alise" time="0.001">
   <skipped message="Temporarily disabled with xit" />
  </testcase>
  <testcase classname="Hybrent Manage Inventory Module" name="Search items by mfr number" time="0.001">
   <skipped message="Temporarily disabled with xit" />
  </testcase>
  <testcase classname="Hybrent Manage Inventory Module" name="Search items by sku" time="4.713" />
  <testcase classname="Hybrent Manage Inventory Module" name="Vendor filter should display items for selected vendor only." time="8.979" />
  <testcase classname="Hybrent Manage Inventory Module" name="create a replenish support inventory" time="0">
   <skipped message="Temporarily disabled with xit" />
  </testcase>
  <testcase classname="Hybrent Manage Inventory Module" name="create a test inventory" time="18.119" />
  <testcase classname="Hybrent Manage Inventory Module" name="Transfer Item without track stock transfer" time="31.115" />
  <testcase classname="Hybrent Manage Inventory Module" name="Transfer Item with track stock transfer" time="21.848" />
  <testcase classname="Hybrent Manage Inventory Module" name="Verify that consignment items appear under the vendor stock" time="11.918">
   <failure type="exception" message="Failed: javascript error: Cannot read property &apos;nodeType&apos; of null
  (Session info: chrome=86.0.4240.111)
Build info: version: &apos;3.141.59&apos;, revision: &apos;e82be7d358&apos;, time: &apos;2018-11-14T08:25:53&apos;
System info: host: &apos;LAPTOP-QSN8IM2G&apos;, ip: &apos;192.168.1.12&apos;, os.name: &apos;Windows 10&apos;, os.arch: &apos;amd64&apos;, os.version: &apos;10.0&apos;, java.version: &apos;11&apos;
Driver info: driver.version: unknown"><![CDATA[JavascriptError: javascript error: Cannot read property 'nodeType' of null
  (Session info: chrome=86.0.4240.111)
Build info: version: '3.141.59', revision: 'e82be7d358', time: '2018-11-14T08:25:53'
System info: host: 'LAPTOP-QSN8IM2G', ip: '192.168.1.12', os.name: 'Windows 10', os.arch: 'amd64', os.version: '10.0', java.version: '11'
Driver info: driver.version: unknown
    at Object.checkLegacyResponse (C:\Users\sandy\AppData\Roaming\npm\node_modules\protractor\node_modules\selenium-webdriver\lib\error.js:546:15)
    at parseHttpResponse (C:\Users\sandy\AppData\Roaming\npm\node_modules\protractor\node_modules\selenium-webdriver\lib\http.js:509:13)
    at C:\Users\sandy\AppData\Roaming\npm\node_modules\protractor\node_modules\selenium-webdriver\lib\http.js:441:30
    at runMicrotasks (<anonymous>)
    at processTicksAndRejections (internal/process/task_queues.js:97:5)
From: Task: WebDriver.executeScript()
    at thenableWebDriverProxy.schedule (C:\Users\sandy\AppData\Roaming\npm\node_modules\protractor\node_modules\selenium-webdriver\lib\webdriver.js:807:17)
    at thenableWebDriverProxy.executeScript (C:\Users\sandy\AppData\Roaming\npm\node_modules\protractor\node_modules\selenium-webdriver\lib\webdriver.js:878:16)
    at C:\Users\sandy\AppData\Roaming\npm\node_modules\protractor\node_modules\selenium-webdriver\lib\by.js:191:35
    at C:\Users\sandy\AppData\Roaming\npm\node_modules\protractor\node_modules\selenium-webdriver\lib\webdriver.js:1068:28
    at C:\Users\sandy\AppData\Roaming\npm\node_modules\protractor\node_modules\selenium-webdriver\lib\webdriver.js:907:19
    at ManagedPromise.invokeCallback_ (C:\Users\sandy\AppData\Roaming\npm\node_modules\protractor\node_modules\selenium-webdriver\lib\promise.js:1376:14)
    at TaskQueue.execute_ (C:\Users\sandy\AppData\Roaming\npm\node_modules\protractor\node_modules\selenium-webdriver\lib\promise.js:3084:14)
    at TaskQueue.executeNext_ (C:\Users\sandy\AppData\Roaming\npm\node_modules\protractor\node_modules\selenium-webdriver\lib\promise.js:3067:27)
    at C:\Users\sandy\AppData\Roaming\npm\node_modules\protractor\node_modules\selenium-webdriver\lib\promise.js:2974:25
    at C:\Users\sandy\AppData\Roaming\npm\node_modules\protractor\node_modules\selenium-webdriver\lib\promise.js:668:7
From: Task: WebDriver.call(function)
    at thenableWebDriverProxy.call (C:\Users\sandy\AppData\Roaming\npm\node_modules\protractor\node_modules\selenium-webdriver\lib\webdriver.js:901:23)
    at thenableWebDriverProxy.findElementsInternal_ (C:\Users\sandy\AppData\Roaming\npm\node_modules\protractor\node_modules\selenium-webdriver\lib\webdriver.js:1068:17)
    at thenableWebDriverProxy.findElements (C:\Users\sandy\AppData\Roaming\npm\node_modules\protractor\node_modules\selenium-webdriver\lib\webdriver.js:1043:19)
    at Object.findElementsOverride (C:\Users\sandy\AppData\Roaming\npm\node_modules\protractor\built\locators.js:236:31)
    at C:\Users\sandy\AppData\Roaming\npm\node_modules\protractor\built\element.js:156:40
    at ManagedPromise.invokeCallback_ (C:\Users\sandy\AppData\Roaming\npm\node_modules\protractor\node_modules\selenium-webdriver\lib\promise.js:1376:14)
    at TaskQueue.execute_ (C:\Users\sandy\AppData\Roaming\npm\node_modules\protractor\node_modules\selenium-webdriver\lib\promise.js:3084:14)
    at TaskQueue.executeNext_ (C:\Users\sandy\AppData\Roaming\npm\node_modules\protractor\node_modules\selenium-webdriver\lib\promise.js:3067:27)
    at C:\Users\sandy\AppData\Roaming\npm\node_modules\protractor\node_modules\selenium-webdriver\lib\promise.js:2927:27
    at C:\Users\sandy\AppData\Roaming\npm\node_modules\protractor\node_modules\selenium-webdriver\lib\promise.js:668:7
From: Task: Run it("Verify that consignment items appear under the vendor stock") in control flow
    at UserContext.<anonymous> (C:\Users\sandy\AppData\Roaming\npm\node_modules\protractor\node_modules\jasminewd2\index.js:94:19)
    at attempt (C:\Users\sandy\AppData\Roaming\npm\node_modules\protractor\node_modules\jasmine-core\lib\jasmine-core\jasmine.js:4297:26)
    at QueueRunner.run (C:\Users\sandy\AppData\Roaming\npm\node_modules\protractor\node_modules\jasmine-core\lib\jasmine-core\jasmine.js:4217:20)
    at QueueRunner.execute (C:\Users\sandy\AppData\Roaming\npm\node_modules\protractor\node_modules\jasmine-core\lib\jasmine-core\jasmine.js:4199:10)
    at Spec.queueRunnerFactory (C:\Users\sandy\AppData\Roaming\npm\node_modules\protractor\node_modules\jasmine-core\lib\jasmine-core\jasmine.js:909:35)
    at Spec.execute (C:\Users\sandy\AppData\Roaming\npm\node_modules\protractor\node_modules\jasmine-core\lib\jasmine-core\jasmine.js:526:10)
    at UserContext.fn (C:\Users\sandy\AppData\Roaming\npm\node_modules\protractor\node_modules\jasmine-core\lib\jasmine-core\jasmine.js:5340:37)
    at attempt (C:\Users\sandy\AppData\Roaming\npm\node_modules\protractor\node_modules\jasmine-core\lib\jasmine-core\jasmine.js:4297:26)
    at QueueRunner.run (C:\Users\sandy\AppData\Roaming\npm\node_modules\protractor\node_modules\jasmine-core\lib\jasmine-core\jasmine.js:4217:20)
    at runNext (C:\Users\sandy\AppData\Roaming\npm\node_modules\protractor\node_modules\jasmine-core\lib\jasmine-core\jasmine.js:4257:20)
From asynchronous test: 
Error
    at Suite.<anonymous> (F:\protractor\Hybrent3.2RC4\Testcases\Manage Inventory\manageinventory.js:210:3)
    at addSpecsToSuite (C:\Users\sandy\AppData\Roaming\npm\node_modules\protractor\node_modules\jasmine-core\lib\jasmine-core\jasmine.js:1107:25)
    at Env.describe (C:\Users\sandy\AppData\Roaming\npm\node_modules\protractor\node_modules\jasmine-core\lib\jasmine-core\jasmine.js:1074:7)
    at describe (C:\Users\sandy\AppData\Roaming\npm\node_modules\protractor\node_modules\jasmine-core\lib\jasmine-core\jasmine.js:4399:18)
    at Object.<anonymous> (F:\protractor\Hybrent3.2RC4\Testcases\Manage Inventory\manageinventory.js:2:1)
    at Module._compile (internal/modules/cjs/loader.js:1158:30)
    at Object.Module._extensions..js (internal/modules/cjs/loader.js:1178:10)
    at Module.load (internal/modules/cjs/loader.js:1002:32)
    at Function.Module._load (internal/modules/cjs/loader.js:901:14)]]>
   </failure>
  </testcase>
 </testsuite>
 <testsuite name="Inventory Transfer Module" timestamp="2020-11-02T11:17:09" hostname="localhost" time="20.443" errors="0" tests="6" skipped="1" disabled="0" failures="0">
  <testcase classname="Inventory Transfer Module" name="Open Inventory Transfer" time="4.861" />
  <testcase classname="Inventory Transfer Module" name="verify that user default facility appear selected on ITN listing page" time="0.002">
   <skipped message="Temporarily disabled with xit" />
  </testcase>
  <testcase classname="Inventory Transfer Module" name="List page should display all search and status filter" time="0.098" />
  <testcase classname="Inventory Transfer Module" name="search newly created ITN through manage inventory" time="4.545" />
  <testcase classname="Inventory Transfer Module" name="open newly created ITN detail page" time="2.369" />
  <testcase classname="Inventory Transfer Module" name="cancel the newly created ITN" time="8.568" />
 </testsuite>
 <testsuite name="Shipment Module" timestamp="2020-11-02T11:17:29" hostname="localhost" time="4.6" errors="0" tests="2" skipped="0" disabled="0" failures="0">
  <testcase classname="Shipment Module" name="Open Shipment module" time="4.491" />
  <testcase classname="Shipment Module" name="List page should display all search and status filter" time="0.109" />
 </testsuite>
 <testsuite name="physician module" timestamp="2020-11-02T11:17:34" hostname="localhost" time="22.873" errors="0" tests="3" skipped="0" disabled="0" failures="0">
  <testcase classname="physician module" name="Add a physician" time="16.292" />
  <testcase classname="physician module" name="verify that physican and facilities filter appear on page" time="0.042" />
  <testcase classname="physician module" name="verify that searching with Physician name, NPI and Facility wise working properly" time="6.539" />
 </testsuite>
 <testsuite name="operating room module" timestamp="2020-11-02T11:17:57" hostname="localhost" time="19.207" errors="0" tests="3" skipped="0" disabled="0" failures="0">
  <testcase classname="operating room module" name="Navigate to operating room" time="4.419" />
  <testcase classname="operating room module" name="List page should display list of items and IC filters" time="0.081" />
  <testcase classname="operating room module" name="add new operating room" time="14.705" />
 </testsuite>
 <testsuite name="Procedure module" timestamp="2020-11-02T11:18:16" hostname="localhost" time="38.835" errors="0" tests="6" skipped="0" disabled="0" failures="0">
  <testcase classname="Procedure module" name="verify that user get redirect to Procedure module on clicking procedure" time="3.571" />
  <testcase classname="Procedure module" name="verify that search filter appear on on procedure detail page" time="1.081" />
  <testcase classname="Procedure module" name="verify that on clicking add procedure button a new window to add procedure get opened" time="2.291" />
  <testcase classname="Procedure module" name="Create New Procedure after opening add procedure window" time="12.403" />
  <testcase classname="Procedure module" name="verify that search functionality working fine on procedure module" time="4.564" />
  <testcase classname="Procedure module" name="verify that user is able to update procedure module" time="14.925" />
 </testsuite>
 <testsuite name="Prefcard module" timestamp="2020-11-02T11:18:55" hostname="localhost" time="36.199" errors="0" tests="4" skipped="0" disabled="0" failures="0">
  <testcase classname="Prefcard module" name="verify that preference card module get opened on clicking prefcard" time="3.553" />
  <testcase classname="Prefcard module" name="verify that search filter and drop down options appear on pref card listing page" time="0.074" />
  <testcase classname="Prefcard module" name="verify that on clicking add Preference card button a new window to add procedure get opened" time="1.334" />
  <testcase classname="Prefcard module" name="verify that user is able to create new pref card from the add pref card window" time="31.237" />
 </testsuite>
 <testsuite name="Planner module" timestamp="2020-11-02T11:19:31" hostname="localhost" time="71.107" errors="0" tests="3" skipped="0" disabled="0" failures="1">
  <testcase classname="Planner module" name="Navigate to planner module" time="3.58" />
  <testcase classname="Planner module" name="verify that user default facility should appear selected on planner module" time="2.089" />
  <testcase classname="Planner module" name="Planner: add Cases." time="65.435">
   <failure type="toMatch" message="Expected ElementFinder({ browser_: ProtractorBrowser({ controlFlow: Function, schedule: Function, setFileDetector: Function, getExecutor: Function, getSession: Function, getCapabilities: Function, quit: Function, actions: Function, touchActions: Function, executeScript: Function, executeAsyncScript: Function, call: Function, wait: Function, sleep: Function, getWindowHandle: Function, getAllWindowHandles: Function, getPageSource: Function, close: Function, getCurrentUrl: Function, getTitle: Function, findElementInternal_: Function, findElementsInternal_: Function, takeScreenshot: Function, manage: Function, switchTo: Function, driver: thenableWebDriverProxy({ flow_: ControlFlow::88826
| TaskQueue::88497
| | (pending) Task::88496&lt;Run it(&quot;Planner: add Cases.&quot;) in control flow&gt;
| | | (active) TaskQueue::88500
| | | | Task::88503&lt;WebDriver.sleep(2000)&gt;
| | | | Task::88505&lt;Ignore Synchronization Protractor.waitForAngular()&gt;
| | | | Task::88507&lt;then&gt;
| | | | Task::88509&lt;then&gt;
| | | | Task::88511&lt;then&gt;
| | | | Task::88514&lt;then&gt;
| | | | Task::88516&lt;then&gt;
| | | | Task::88518&lt;then&gt;
| | | | Task::88520&lt;then&gt;
| | | | Task::88522&lt;WebDriver.executeScript()&gt;
| | | | Task::88524&lt;then&gt;
| | | | Task::88526&lt;WebDriver.sleep(2000)&gt;
| | | | Task::88528&lt;Ignore Synchronization Protractor.waitForAngular()&gt;
| | | | Task::88530&lt;then&gt;
| | | | Task::88533&lt;then&gt;
| | | | Task::88535&lt;then&gt;
| | | | Task::88537&lt;then&gt;
| | | | Task::88539&lt;then&gt;
| | | | Task::88541&lt;then&gt;
| | | | Task::88543&lt;then&gt;
| | | | Task::88545&lt;WebDriver.sleep(5000)&gt;
| | | | Task::88547&lt;Ignore Synchronization Protractor.waitForAngular()&gt;
| | | | Task::88549&lt;then&gt;
| | | | Task::88551&lt;then&gt;
| | | | Task::88553&lt;then&gt;
| | | | Task::88555&lt;then&gt;
| | | | Task::88557&lt;then&gt;
| | | | Task::88559&lt;WebDriver.sleep(2000)&gt;
| | | | Task::88561&lt;Ignore Synchronization Protractor.waitForAngular()&gt;
| | | | Task::88563&lt;then&gt;
| | | | Task::88565&lt;then&gt;
| | | | Task::88567&lt;then&gt;
| | | | Task::88569&lt;then&gt;
| | | | Task::88571&lt;then&gt;
| | | | Task::88573&lt;WebDriver.sleep(2000)&gt;
| | | | Task::88575&lt;Ignore Synchronization Protractor.waitForAngular()&gt;
| | | | Task::88577&lt;then&gt;
| | | | Task::88579&lt;then&gt;
| | | | Task::88581&lt;then&gt;
| | | | Task::88583&lt;then&gt;
| | | | Task::88585&lt;then&gt;
| | | | Task::88587&lt;WebDriver.sleep(2000)&gt;
| | | | Task::88589&lt;Ignore Synchronization Protractor.waitForAngular()&gt;
| | | | Task::88591&lt;then&gt;
| | | | Task::88593&lt;then&gt;
| | | | Task::88595&lt;then&gt;
| | | | Task::88597&lt;then&gt;
| | | | Task::88599&lt;then&gt;
| | | | Task::88601&lt;WebDriver.sleep(2000)&gt;
| | | | Task::88603&lt;Ignore Synchronization Protractor.waitForAngular()&gt;
| | | | Task::88605&lt;then&gt;
| | | | Task::88607&lt;then&gt;
| | | | Task::88609&lt;then&gt;
| | | | Task::88611&lt;then&gt;
| | | | Task::88613&lt;then&gt;
| | | | Task::88615&lt;WebDriver.sleep(2000)&gt;
| | | | Task::88617&lt;Ignore Synchronization Protractor.waitForAngular()&gt;
| | | | Task::88619&lt;then&gt;
| | | | Task::88621&lt;then&gt;
| | | | Task::88623&lt;then&gt;
| | | | Task::88625&lt;then&gt;
| | | | Task::88627&lt;then&gt;
| | | | Task::88629&lt;WebDriver.sleep(2000)&gt;
| | | | Task::88631&lt;Ignore Synchronization Protractor.waitForAngular()&gt;
| | | | Task::88633&lt;then&gt;
| | | | Task::88635&lt;then&gt;
| | | | Task::88637&lt;then&gt;
| | | | Task::88639&lt;then&gt;
| | | | Task::88641&lt;then&gt;
| | | | Task::88643&lt;WebDriver.sleep(2000)&gt;
| | | | Task::88645&lt;Ignore Synchronization Protractor.waitForAngular()&gt;
| | | | Task::88647&lt;then&gt;
| | | | Task::88649&lt;then&gt;
| | | | Task::88651&lt;then&gt;
| | | | Task::88653&lt;then&gt;
| | | | Task::88655&lt;then&gt;
| | | | Task::88657&lt;WebDriver.sleep(2000)&gt;
| | | | Task::88659&lt;Ignore Synchronization Protractor.waitForAngular()&gt;
| | | | Task::88661&lt;then&gt;
| | | | Task::88663&lt;then&gt;
| | | | Task::88665&lt;then&gt;
| | | | Task::88667&lt;then&gt;
| | | | Task::88669&lt;then&gt;
| | | | Task::88671&lt;WebDriver.sleep(2000)&gt;
| | | | Task::88673&lt;Ignore Synchronization Protractor.waitForAngular()&gt;
| | | | Task::88675&lt;then&gt;
| | | | Task::88677&lt;then&gt;
| | | | Task::88679&lt;then&gt;
| | | | Task::88681&lt;then&gt;
| | | | Task::88683&lt;then&gt;
| | | | Task::88685&lt;WebDriver.sleep(2000)&gt;
| | | | Task::88687&lt;Ignore Synchronization Protractor.waitForAngular()&gt;
| | | | Task::88689&lt;then&gt;
| | | | Task::88691&lt;then&gt;
| | | | Task::88693&lt;then&gt;
| | | | Task::88695&lt;then&gt;
| | | | Task::88697&lt;then&gt;
| | | | Task::88699&lt;WebDriver.sleep(2000)&gt;
| | | | Task::88701&lt;Ignore Synchronization Protractor.waitForAngular()&gt;
| | | | Task::88703&lt;then&gt;
| | | | Task::88705&lt;then&gt;
| | | | Task::88707&lt;then&gt;
| | | | Task::88709&lt;then&gt;
| | | | Task::88711&lt;then&gt;
| | | | Task::88713&lt;WebDriver.sleep(2000)&gt;
| | | | Task::88715&lt;Ignore Synchronization Protractor.waitForAngular()&gt;
| | | | Task::88717&lt;then&gt;
| | | | Task::88719&lt;then&gt;
| | | | Task::88721&lt;then&gt;
| | | | Task::88723&lt;then&gt;
| | | | Task::88725&lt;then&gt;
| | | | Task::88727&lt;WebDriver.sleep(2000)&gt;
| | | | Task::88729&lt;Ignore Synchronization Protractor.waitForAngular()&gt;
| | | | Task::88731&lt;then&gt;
| | | | Task::88733&lt;then&gt;
| | | | Task::88735&lt;then&gt;
| | | | Task::88737&lt;then&gt;
| | | | Task::88739&lt;then&gt;
| | | | Task::88741&lt;WebDriver.sleep(2000)&gt;
| | | | Task::88743&lt;Ignore Synchronization Protractor.waitForAngular()&gt;
| | | | Task::88745&lt;then&gt;
| | | | Task::88747&lt;then&gt;
| | | | Task::88749&lt;then&gt;
| | | | Task::88751&lt;then&gt;
| | | | Task::88753&lt;then&gt;
| | | | Task::88755&lt;WebDriver.sleep(2000)&gt;
| | | | Task::88757&lt;Ignore Synchronization Protractor.waitForAngular()&gt;
| | | | Task::88759&lt;then&gt;
| | | | Task::88761&lt;then&gt;
| | | | Task::88763&lt;then&gt;
| | | | Task::88765&lt;then&gt;
| | | | Task::88767&lt;then&gt;
| | | | Task::88769&lt;WebDriver.sleep(2000)&gt;
| | | | Task::88771&lt;Ignore Synchronization Protractor.waitForAngular()&gt;
| | | | Task::88773&lt;then&gt;
| | | | Task::88775&lt;then&gt;
| | | | Task::88777&lt;then&gt;
| | | | Task::88779&lt;then&gt;
| | | | Task::88781&lt;then&gt;
| | | | Task::88783&lt;WebDriver.sleep(2000)&gt;
| | | | Task::88785&lt;Ignore Synchronization Protractor.waitForAngular()&gt;
| | | | Task::88787&lt;then&gt;
| | | | Task::88789&lt;then&gt;
| | | | Task::88791&lt;then&gt;
| | | | Task::88793&lt;then&gt;
| | | | Task::88795&lt;then&gt;
| | | | Task::88797&lt;WebDriver.sleep(2000)&gt;
| | | | Task::88799&lt;Ignore Synchronization Protractor.waitForAngular()&gt;
| | | | Task::88801&lt;then&gt;
| | | | Task::88803&lt;then&gt;
| | | | Task::88805&lt;then&gt;
| | | | Task::88807&lt;then&gt;
| | | | Task::88809&lt;then&gt;
| | | | Task::88811&lt;WebDriver.sleep(2000)&gt;
| | | | Task::88813&lt;Ignore Synchronization Protractor.waitForAngular()&gt;
| | | | Task::88815&lt;then&gt;
| | | | Task::88817&lt;then&gt;
| | | | Task::88819&lt;then&gt;
| | | | Task::88821&lt;then&gt;
| | | | Task::88823&lt;then&gt;
| | | | Task::88825&lt;WebDriver.sleep(2000)&gt;
| | Task::88499&lt;then&gt;, session_: ManagedPromise::4 {[[PromiseStatus]]: &quot;fulfilled&quot;}, executor_: Executor({ w3c: false, customCommands_: Map( [ &apos;launchApp&apos;, Object({ method: &apos;POST&apos;, path: &apos;/session/:sessionId/chromium/launch_app&apos; }) ], [ &apos;getNetworkConditions&apos;, Object({ method: &apos;GET&apos;, path: &apos;/session/:sessionId/chromium/network_conditions&apos; }) ], [ &apos;setNetworkConditions&apos;, Object({ method: &apos;POST&apos;, path: &apos;/session/:sessionId/chromium/network_conditions&apos; }) ], [ &apos;getNetworkConnection&apos;, Object({ method: &apos;GET&apos;, path: &apos;/session/:sessionId/network_connection&apos; }) ], [ &apos;setNetworkConnection&apos;, Object({ method: &apos;POST&apos;, path: &apos;/session/:sessionId/network_connection&apos; }) ], [ &apos;toggleAirplaneMode&apos;, Object({ method: &apos;POST&apos;, path: &apos;/session/:sessionId/appium/device/toggle_airplane_mode&apos; }) ], [ &apos;toggleWiFi&apos;, Object({ method: &apos;POST&apos;, path: &apos;/session/:sessionId/appium/device/toggle_wifi&apos; }) ], [ &apos;toggleData&apos;, Object({ method: &apos;POST&apos;, path: &apos;/session/:sessionId/appium/device/toggle_data&apos; }) ], [ &apos;toggleLocationServices&apos;, Object({ method: &apos;POST&apos;, path: &apos;/session/:sessionId/appium/device/toggle_location_services&apos; }) ], [ &apos;getGeolocation&apos;, Object({ method: &apos;GET&apos;, path: &apos;/session/:sessionId/location&apos; }) ], [ &apos;setGeolocation&apos;, Object({ method: &apos;POST&apos;, path: &apos;/session/:sessionId/location&apos; }) ], [ &apos;getCurrentDeviceActivity&apos;, Object({ method: &apos;GET&apos;, path: &apos;/session/:sessionId/appium/device/current_activity&apos; }) ], [ &apos;startDeviceActivity&apos;, Object({ method: &apos;POST&apos;, path: &apos;/session/:sessionId/appium/device/start_activity&apos; }) ], [ &apos;getAppiumSettings&apos;, Object({ method: &apos;GET&apos;, path: &apos;/session/:sessionId/appium/settings&apos; }) ], [ &apos;setAppiumSettings&apos;, Object({ method: &apos;POST&apos;, path: &apos;/session/:sessionId/appium/settings&apos; }) ], [ &apos;getCurrentContext&apos;, Object({ method: &apos;GET&apos;, path: &apos;/session/:sessionId/context&apos; }) ], [ &apos;selectContext&apos;, Object({ method: &apos;POST&apos;, path: &apos;/session/:sessionId/context&apos; }) ], [ &apos;getScreenOrientation&apos;, Object({ method: &apos;GET&apos;, path: &apos;/session/:sessionId/orientation&apos; }) ], [ &apos;setScreenOrientation&apos;, Object({ method: &apos;POST&apos;, path: &apos;/session/:sessionId/orientation&apos; }) ], [ &apos;isDeviceLocked&apos;, Object({ method: &apos;POST&apos;, path: &apos;/session/:sessionId/appium/device/is_locked&apos; }) ], [ &apos;lockDevice&apos;, Object({ method: &apos;POST&apos;, path: &apos;/session/:sessionId/appium/device/lock&apos; }) ], [ &apos;unlockDevice&apos;, Object({ method: &apos;POST&apos;, path: &apos;/session/:sessionId/appium/device/unlock&apos; }) ], [ &apos;installApp&apos;, Object({ method: &apos;POST&apos;, path: &apos;/session/:sessionId/appium/device/install_app&apos; }) ], [ &apos;isAppInstalled&apos;, Object({ method: &apos;POST&apos;, path: &apos;/session/:sessionId/appium/device/app_installed&apos; }) ], [ &apos;removeApp&apos;, Object({ method: &apos;POST&apos;, path: &apos;/session/:sessionId/appium/device/remove_app&apos; }) ], [ &apos;pullFileFromDevice&apos;, Object({ method: &apos;POST&apos;, path: &apos;/session/:sessionId/appium/device/pull_file&apos; }) ], [ &apos;pullFolderFromDevice&apos;, Object({ method: &apos;POST&apos;, path: &apos;/session/:sessionId/appium/device/pull_folder&apos; }) ], [ &apos;pushFileToDevice&apos;, Object({ method: &apos;POST&apos;, path: &apos;/session/:sessionId/appium/device/push_file&apos; }) ], [ &apos;listContexts&apos;, Object({ method: &apos;GET&apos;, path: &apos;/session/:sessionId/contexts&apos; }) ], [ &apos;uploadFile&apos;, Object({ method: &apos;POST&apos;, path: &apos;/session/:sessionId/file&apos; }) ], [ &apos;switchToParentFrame&apos;, Object({ method: &apos;POST&apos;, path: &apos;/session/:sessionId/frame/parent&apos; }) ], [ &apos;fullscreen&apos;, Object({ method: &apos;POST&apos;, path: &apos;/session/:sessionId/window/fullscreen&apos; }) ], [ &apos;sendAppToBackground&apos;, Object({ method: &apos;POST&apos;, path: &apos;/session/:sessionId/appium/app/background&apos; }) ], [ &apos;closeApp&apos;, Object({ method: &apos;POST&apos;, path: &apos;/session/:sessionId/appium/app/close&apos; }) ], [ &apos;getAppStrings&apos;, Object({ method: &apos;POST&apos;, path: &apos;/session/:sessionId/appium/app/strings&apos; }) ], [ &apos;launchSession&apos;, Object({ method: &apos;POST&apos;, path: &apos;/session/:sessionId/appium/app/launch&apos; }) ], [ &apos;resetApp&apos;, Object({ method: &apos;POST&apos;, path: &apos;/session/:sessionId/appium/app/reset&apos; }) ], [ &apos;hideSoftKeyboard&apos;, Object({ method: &apos;POST&apos;, path: &apos;/session/:sessionId/appium/device/hide_keyboard&apos; }) ], [ &apos;getDeviceTime&apos;, Object({ method: &apos;GET&apos;, path: &apos;/session/:sessionId/appium/device/system_time&apos; }) ], [ &apos;openDeviceNotifications&apos;, Object({ method: &apos;POST&apos;, path: &apos;/session/:sessionId/appium/device/open_notifications&apos; }) ], [ &apos;rotationGesture&apos;, Object({ method: &apos;POST&apos;, path: &apos;/session/:sessionId/appium/device/rotate&apos; }) ], [ &apos;shakeDevice&apos;, Object({ method: &apos;POST&apos;, path: &apos;/session/:sessionId/appium/device/shake&apos; }) ], [ &apos;sendChromiumCommand&apos;, Object({ method: &apos;POST&apos;, path: &apos;/session/:sessionId/chromium/send_command&apos; }) ], [ &apos;sendChromiumCommandAndGetResult&apos;, Object({ method: &apos;POST&apos;, path: &apos;/session/:sessionId/chromium/send_command_and_get_result&apos; }) ] ), log_: Logger({ name_: &apos;webdriver.http.Executor&apos;, level_: null, parent_: Logger({ name_: &apos;webdriver.http&apos;, level_: null, parent_: Logger({ name_: &apos;webdriver&apos;, level_: null, parent_: Logger({ name_: &apos;&apos;, level_: OFF, parent_: null, handlers_: null }), handlers_: null }), handlers_: null }), handlers_: null }) }), fileDetector_: null, onQuit_: undefined, cancel: Function, then: Function, catch: Function, getNetworkConnection: Function, setNetworkConnection: Function, toggleAirplaneMode: Function, toggleWiFi: Function, toggleData: Function, toggleLocationServices: Function, getGeolocation: Function, setGeolocation: Function, getCurrentDeviceActivity: Function, startDeviceActivity: Function, getAppiumSettings: Function, setAppiumSettings: Function, getCurrentContext: Function, selectContext: Function, getScreenOrientation: Function, setScreenOrientation: Function, isDeviceLocked: Function, lockDevice: Function, unlockDevice: Function, installApp: Function, isAppInstalled: Function, removeApp: Function, pullFileFromDevice: Function, pullFolderFromDevice: Function, pushFileToDevice: Function, listContexts: Function, uploadFile: Function, switchToParentFrame: Function, fullscreen: Function, sendAppToBackground: Function, closeApp: Function, getAppStrings: Function, launchSession: Function, resetApp: Function, hideSoftKeyboard: Function, getDeviceTime: Function, openDeviceNotifications: Function, rotationGesture: Function, shakeDevice: Function, sendChromiumCommand: Function, sendChromiumCommandAndGetResult: Function }), element: Function, $: Function, $$: Function, baseUrl: &apos;&apos;, getPageTimeout: 10000, params: Object({ url: &apos;https://qa35.test.hybrent.com/b/#&apos;, user: Object({ username: &apos;sandy&apos;, password: &apos;goouser&apos;, fac_name: &apos;Delval ASC&apos;, Inv_name: &apos;DelVal ASC&apos; }), shop: Object({ sku: &apos;252523-01&apos;, reorderWarningSKU: &apos;21-2967-24&apos;, backOrderWarningSKU: &apos;257074&apos;, discontinueWarningSKU: &apos;21172&apos;, vendor: &apos;PATTERSON DENTAL&apos;, contractPriceWarningSKU: &apos;OFC333&apos;, GPOWarningSKU: &apos;501635&apos;, fac_xpath: &apos;//a[@ng-click=&apos;selectItem();&apos;]&apos; }), userfacility: Object({ defaultfacility: &apos; &apos;, facility_xpath: &apos;//*[@id=&apos;ng-view&apos;]/div/form/div[2]/div/div/div/div[2]/div/div[1]/div/span&apos;, department_xpath: &apos;//*[@id=&apos;ng-view&apos;]/div/form/div[2]/div/div/div/div[2]/div/div[2]/div/span&apos;, Inventory: &apos;//*[@id=&apos;ng-view&apos;]/div/form/div[2]/div/div/div/div[2]/div/div[3]/div/span&apos; }), itemCatalog: Object({ General_item_Name: &apos;General item test for test purpose &apos;, Service_item_name: &apos;Service item for test purpose&apos;, Billonly_item_name: &apos;Bill only item for test purpose&apos;, Freehand_item_name: &apos;Free hand item for test purpose&apos;, Dme_item_name: &apos;Dme&apos;, Dme_Alias: &apos;Dme_alias&apos;, Dme_sku: &apos;DS&apos;, Dme_mfr: &apos;DM&apos;, General_alias: &apos;General alias&apos;, Service_alias: &apos;Service alias&apos;, Billonly_alias: &apos;Billonly alias&apos;, Service_sku: &apos;SS&apos;, General_sku: &apos;GS&apos;, Billonly_sku: &apos;BS&apos;, General_mfrNumber: &apos;General_mfr&apos;, Service_mfrNumber: &apos;service mfr&apos;, Billonly_mfr: &apos;Billonly mfr&apos;, vendor: &apos;PATTERSON DENTAL&apos;, Generalcategory: &apos;TESTING AUTOMATION&apos;, facility: &apos;Life Care Surgery Clinic&apos;, itemForVendorUpdate: &apos;ADAPTER,SOLID PADS&apos;, stockStatus: &apos;In Stock (Local)&apos;, consumptionType: &apos;Piece&apos;, Item_Type: &apos;Inventory&apos;, PO_Number: &apos;Test&apos;, Consignment: &apos;Consignment test item&apos;, Con_sku: &apos;consku&apos;, randNumber: 1604294989900 }), Templates: Object({ templateName: &apos;template&apos;, scanout_tempate_name: &apos;scanouttemp&apos; }), Physician: Object({ firstname: &apos;robert&apos;, lastname: &apos;mark&apos;, NPI: &apos;NPI&apos; }), OperatingRoom: Object({ OR_Name: &apos;OR&apos; }), Patients: Object({ Patientfac_xpath: &apos;//a[@ng-click=&apos;selectItem();&apos;]&apos;, Patient_fname: &apos;john&apos;, Status: &apos;Active&apos;, repeat: &apos;One Time&apos; }), Procedure: Object({ Procedure_name: &apos;test&apos; }), Prefcard: Object({ Prefcard_name: &apos;test&apos; }), Reports: Object({ from_date: &apos;09/01/2019&apos;, To_date: &apos;09/30/2019&apos; }), GlCode: Object({ code: &apos;test&apos;, Name: &apos;GL&apos; }), department: Object({ mnemonic: &apos;Dep&apos;, Name: &apos;Dpnm&apos; }), Utilities: Object({ import_facility: &apos;Import Facility.&apos;, import_department: &apos;Import Department.&apos;, import_Patient: &apos;Import Patient.&apos;, import_users: &apos;Import User.&apos;, syncmap_item: &apos;Sync/Map items from one facility to other facilities.&apos;, templateutilities: &apos;Template utilities.&apos;, copy_template: &apos;Copy Template.&apos;, Change_temp_owner: &apos;Change Template Owner.&apos;, Assign_remove_vendor_access: &apos;Assign and remove vendor access.&apos;, Download_user_facilities_access: &apos;Download users facilities access.&apos;, Download_user_approval_access: &apos;Download user approval access.&apos;, Assign_user_facility_access: &apos;Assign users facility access.&apos;, Remove_user_facility_access: &apos;Remove users facility access.&apos; }), Identity_Provider: Object({ PO: &apos;PO&apos;, Inventory_Management: &apos;Inventory Management&apos;, Inventory_Transfer: &apos;Inventory Transfer&apos; }), Vendor_price_tier: Object({ Pricetier_name: &apos;PT1&apos;, Price_Percentage: &apos;25&apos;, newpricetier_name: &apos;PT2&apos;, newPrice_percentage: &apos;3&apos;, randompricetier: 4953 }), AR_Code: Object({ Description: &apos;TestAR&apos;, Code: &apos;ARC&apos; }), Payer_Code: Object({ Description: &apos;TestPR&apos; }) }), resetUrl: &apos;data:text/html,&lt;html&gt;&lt;/html&gt;&apos;, ready: ManagedPromise::19 {[[PromiseStatus]]: &quot;fulfilled&quot;}, trackOutstandingTimeouts_: true, mockModules_: [ Object({ name: &apos;protractorBaseModule_&apos;, script: Function, args: [ true ] }) ], ExpectedConditions: ProtractorExpectedConditions({ browser: &lt;circular reference: Object&gt; }), plugins_: Plugins({ setup: Function, onPrepare: Function, teardown: Function, postResults: Function, postTest: Function, onPageLoad: Function, onPageStable: Function, waitForPromise: Function, waitForCondition: Function, pluginObjs: [ protractorUtil({ name: &apos;jasmine2-protractor-utils&apos;, config: Object({ package: &apos;jasmine2-protractor-utils&apos;, disableHTMLReport: true, disableScreenshot: false, screenshotPath: &apos;./screenshots&apos;, screenshotOnExpectFailure: false, screenshotOnSpecFailure: true, clearFoldersBeforeTest: true }), addFailure: Function, addSuccess: Function, addWarning: Function }) ], assertions: Object({  }), resultsReported: false }), allScriptsTimeout: 999999, getProcessedConfig: Function, forkNewDriverInstance: Function, restart: Function, restartSync: Function, internalRootEl: &apos;&apos;, internalIgnoreSynchronization: true }), then: null, parentElementArrayFinder: ElementArrayFinder({ browser_: ProtractorBrowser({ controlFlow: Function, schedule: Function, setFileDetector: Function, getExecutor: Function, getSession: Function, getCapabilities: Function, quit: Function, actions: Function, touchActions: Function, executeScript: Function, executeAsyncScript: Function, call: Function, wait: Function, sleep: Function, getWindowHandle: Function, getAllWindowHandles: Function, getPageSource: Function, close: Function, getCurrentUrl: Function, getTitle: Function, findElementInternal_: Function, findElementsInternal_: Function, takeScreenshot: Function, manage: Function, switchTo: Function, driver: thenableWebDriverProxy({ flow_: ControlFlow::88826
| TaskQueue::88497
| | (pending) Task::88496&lt;Run it(&quot;Planner: add Cases.&quot;) in control flow&gt;
| | | (active) TaskQueue::88500
| | | | Task::88503&lt;WebDriver.sleep(2000)&gt;
| | | | Task::88505&lt;Ignore Synchronization Protractor.waitForAngular()&gt;
| | | | Task::88507&lt;then&gt;
| | | | Task::88509&lt;then&gt;
| | | | Task::88511&lt;then&gt;
| | | | Task::88514&lt;then&gt;
| | | | Task::88516&lt;then&gt;
| | | | Task::88518&lt;then&gt;
| | | | Task::88520&lt;then&gt;
| | | | Task::88522&lt;WebDriver.executeScript()&gt;
| | | | Task::88524&lt;then&gt;
| | | | Task::88526&lt;WebDriver.sleep(2000)&gt;
| | | | Task::88528&lt;Ignore Synchronization Protractor.waitForAngular()&gt;
| | | | Task::88530&lt;then&gt;
| | | | Task::88533&lt;then&gt;
| | | | Task::88535&lt;then&gt;
| | | | Task::88537&lt;then&gt;
| | | | Task::88539&lt;then&gt;
| | | | Task::88541&lt;then&gt;
| | | | Task::88543&lt;then&gt;
| | | | Task::88545&lt;WebDriver.sleep(5000)&gt;
| | | | Task::88547&lt;Ignore Synchronization Protractor.waitForAngular()&gt;
| | | | Task::88549&lt;then&gt;
| | | | Task::88551&lt;then&gt;
| | | | Task::88553&lt;then&gt;
| | | | Task::88555&lt;then&gt;
| | | | Task::88557&lt;then&gt;
| | | | Task::88559&lt;WebDriver.sleep(2000)&gt;
| | | | Task::88561&lt;Ignore Synchronization Protractor.waitForAngular()&gt;
| | | | Task::88563&lt;then&gt;
| | | | Task::88565&lt;then&gt;
| | | | Task::88567&lt;then&gt;
| | | | Task::88569&lt;then&gt;
| | | | Task::88571&lt;then&gt;
| | | | Task::88573&lt;WebDriver.sleep(2000)&gt;
| | | | Task::88575&lt;Ignore Synchronization Protractor.waitForAngular()&gt;
| | | | Task::88577&lt;then&gt;
| | | | Task::88579&lt;then&gt;
| | | | Task::88581&lt;then&gt;
| | | | Task::88583&lt;then&gt;
| | | | Task::88585&lt;then&gt;
| | | | Task::88587&lt;WebDriver.sleep(2000)&gt;
| | | | Task::88589&lt;Ignore Synchronization Protractor.waitForAngular()&gt;
| | | | Task::88591&lt;then&gt;
| | | | Task::88593&lt;then&gt;
| | | | Task::88595&lt;then&gt;
| | | | Task::88597&lt;then&gt;
| | | | Task::88599&lt;then&gt;
| | | | Task::88601&lt;WebDriver.sleep(2000)&gt;
| | | | Task::88603&lt;Ignore Synchronization Protractor.waitForAngular()&gt;
| | | | Task::88605&lt;then&gt;
| | | | Task::88607&lt;then&gt;
| | | | Task::88609&lt;then&gt;
| | | | Task::88611&lt;then&gt;
| | | | Task::88613&lt;then&gt;
| | | | Task::88615&lt;WebDriver.sleep(2000)&gt;
| | | | Task::88617&lt;Ignore Synchronization Protractor.waitForAngular()&gt;
| | | | Task::88619&lt;then&gt;
| | | | Task::88621&lt;then&gt;
| | | | Task::88623&lt;then&gt;
| | | | Task::88625&lt;then&gt;
| | | | Task::88627&lt;then&gt;
| | | | Task::88629&lt;WebDriver.sleep(2000)&gt;
| | | | Task::88631&lt;Ignore Synchronization Protractor.waitForAngular()&gt;
| | | | Task::88633&lt;then&gt;
| | | | Task::88635&lt;then&gt;
| | | | Task::88637&lt;then&gt;
| | | | Task::88639&lt;then&gt;
| | | | Task::88641&lt;then&gt;
| | | | Task::88643&lt;WebDriver.sleep(2000)&gt;
| | | | Task::88645&lt;Ignore Synchronization Protractor.waitForAngular()&gt;
| | | | Task::88647&lt;then&gt;
| | | | Task::88649&lt;then&gt;
| | | | Task::88651&lt;then&gt;
| | | | Task::88653&lt;then&gt;
| | | | Task::88655&lt;then&gt;
| | | | Task::88657&lt;WebDriver.sleep(2000)&gt;
| | | | Task::88659&lt;Ignore Synchronization Protractor.waitForAngular()&gt;
| | | | Task::88661&lt;then&gt;
| | | | Task::88663&lt;then&gt;
| | | | Task::88665&lt;then&gt;
| | | | Task::88667&lt;then&gt;
| | | | Task::88669&lt;then&gt;
| | | | Task::88671&lt;WebDriver.sleep(2000)&gt;
| | | | Task::88673&lt;Ignore Synchronization Protractor.waitForAngular()&gt;
| | | | Task::88675&lt;then&gt;
| | | | Task::88677&lt;then&gt;
| | | | Task::88679&lt;then&gt;
| | | | Task::88681&lt;then&gt;
| | | | Task::88683&lt;then&gt;
| | | | Task::88685&lt;WebDriver.sleep(2000)&gt;
| | | | Task::88687&lt;Ignore Synchronization Protractor.waitForAngular()&gt;
| | | | Task::88689&lt;then&gt;
| | | | Task::88691&lt;then&gt;
| | | | Task::88693&lt;then&gt;
| | | | Task::88695&lt;then&gt;
| | | | Task::88697&lt;then&gt;
| | | | Task::88699&lt;WebDriver.sleep(2000)&gt;
| | | | Task::88701&lt;Ignore Synchronization Protractor.waitForAngular()&gt;
| | | | Task::88703&lt;then&gt;
| | | | Task::88705&lt;then&gt;
| | | | Task::88707&lt;then&gt;
| | | | Task::88709&lt;then&gt;
| | | | Task::88711&lt;then&gt;
| | | | Task::88713&lt;WebDriver.sleep(2000)&gt;
| | | | Task::88715&lt;Ignore Synchronization Protractor.waitForAngular()&gt;
| | | | Task::88717&lt;then&gt;
| | | | Task::88719&lt;then&gt;
| | | | Task::88721&lt;then&gt;
| | | | Task::88723&lt;then&gt;
| | | | Task::88725&lt;then&gt;
| | | | Task::88727&lt;WebDriver.sleep(2000)&gt;
| | | | Task::88729&lt;Ignore Synchronization Protractor.waitForAngular()&gt;
| | | | Task::88731&lt;then&gt;
| | | | Task::88733&lt;then&gt;
| | | | Task::88735&lt;then&gt;
| | | | Task::88737&lt;then&gt;
| | | | Task::88739&lt;then&gt;
| | | | Task::88741&lt;WebDriver.sleep(2000)&gt;
| | | | Task::88743&lt;Ignore Synchronization Protractor.waitForAngular()&gt;
| | | | Task::88745&lt;then&gt;
| | | | Task::88747&lt;then&gt;
| | | | Task::88749&lt;then&gt;
| | | | Task::88751&lt;then&gt;
| | | | Task::88753&lt;then&gt;
| | | | Task::88755&lt;WebDriver.sleep(2000)&gt;
| | | | Task::88757&lt;Ignore Synchronization Protractor.waitForAngular()&gt;
| | | | Task::88759&lt;then&gt;
| | | | Task::88761&lt;then&gt;
| | | | Task::88763&lt;then&gt;
| | | | Task::88765&lt;then&gt;
| | | | Task::88767&lt;then&gt;
| | | | Task::88769&lt;WebDriver.sleep(2000)&gt;
| | | | Task::88771&lt;Ignore Synchronization Protractor.waitForAngular()&gt;
| | | | Task::88773&lt;then&gt;
| | | | Task::88775&lt;then&gt;
| | | | Task::88777&lt;then&gt;
| | | | Task::88779&lt;then&gt;
| | | | Task::88781&lt;then&gt;
| | | | Task::88783&lt;WebDriver.sleep(2000)&gt;
| | | | Task::88785&lt;Ignore Synchronization Protractor.waitForAngular()&gt;
| | | | Task::88787&lt;then&gt;
| | | | Task::88789&lt;then&gt;
| | | | Task::88791&lt;then&gt;
| | | | Task::88793&lt;then&gt;
| | | | Task::88795&lt;then&gt;
| | | | Task::88797&lt;WebDriver.sleep(2000)&gt;
| | | | Task::88799&lt;Ignore Synchronization Protractor.waitForAngular()&gt;
| | | | Task::88801&lt;then&gt;
| | | | Task::88803&lt;then&gt;
| | | | Task::88805&lt;then&gt;
| | | | Task::88807&lt;then&gt;
| | | | Task::88809&lt;then&gt;
| | | | Task::88811&lt;WebDriver.sleep(2000)&gt;
| | | | Task::88813&lt;Ignore Synchronization Protractor.waitForAngular()&gt;
| | | | Task::88815&lt;then&gt;
| | | | Task::88817&lt;then&gt;
| | | | Task::88819&lt;then&gt;
| | | | Task::88821&lt;then&gt;
| | | | Task::88823&lt;then&gt;
| | | | Task::88825&lt;WebDriver.sleep(2000)&gt;
| | Task::88499&lt;then&gt;, session_: ManagedPromise::4 {[[PromiseStatus]]: &quot;fulfilled&quot;}, executor_: Executor({ w3c: false, customCommands_: Map( [ &apos;launchApp&apos;, Object({ method: &apos;POST&apos;, path: &apos;/session/:sessionId/chromium/launch_app&apos; }) ], [ &apos;getNetworkConditions&apos;, Object({ method: &apos;GET&apos;, path: &apos;/session/:sessionId/chromium/network_conditions&apos; }) ], [ &apos;setNetworkConditions&apos;, Object({ method: &apos;POST&apos;, path: &apos;/session/:sessionId/chromium/network_conditions&apos; }) ], [ &apos;getNetworkConnection&apos;, Object({ method: &apos;GET&apos;, path: &apos;/session/:sessionId/network_connection&apos; }) ], [ &apos;setNetworkConnection&apos;, Object({ method: &apos;POST&apos;, path: &apos;/session/:sessionId/network_connection&apos; }) ], [ &apos;toggleAirplaneMode&apos;, Object({ method: &apos;POST&apos;, path: &apos;/session/:sessionId/appium/device/toggle_airplane_mode&apos; }) ], [ &apos;toggleWiFi&apos;, Object({ method: &apos;POST&apos;, path: &apos;/session/:sessionId/appium/device/toggle_wifi&apos; }) ], [ &apos;toggleData&apos;, Object({ method: &apos;POST&apos;, path: &apos;/session/:sessionId/appium/device/toggle_data&apos; }) ], [ &apos;toggleLocationServices&apos;, Object({ method: &apos;POST&apos;, path: &apos;/session/:sessionId/appium/device/toggle_location_services&apos; }) ], [ &apos;getGeolocation&apos;, Object({ method: &apos;GET&apos;, path: &apos;/session/:sessionId/location&apos; }) ], [ &apos;setGeolocation&apos;, Object({ method: &apos;POST&apos;, path: &apos;/session/:sessionId/location&apos; }) ], [ &apos;getCurrentDeviceActivity&apos;, Object({ method: &apos;GET&apos;, path: &apos;/session/:sessionId/appium/device/current_activity&apos; }) ], [ &apos;startDeviceActivity&apos;, Object({ method: &apos;POST&apos;, path: &apos;/session/:sessionId/appium/device/start_activity&apos; }) ], [ &apos;getAppiumSettings&apos;, Object({ method: &apos;GET&apos;, path: &apos;/session/:sessionId/appium/settings&apos; }) ], [ &apos;setAppiumSettings&apos;, Object({ method: &apos;POST&apos;, path: &apos;/session/:sessionId/appium/settings&apos; }) ], [ &apos;getCurrentContext&apos;, Object({ method: &apos;GET&apos;, path: &apos;/session/:sessionId/context&apos; }) ], [ &apos;selectContext&apos;, Object({ method: &apos;POST&apos;, path: &apos;/session/:sessionId/context&apos; }) ], [ &apos;getScreenOrientation&apos;, Object({ method: &apos;GET&apos;, path: &apos;/session/:sessionId/orientation&apos; }) ], [ &apos;setScreenOrientation&apos;, Object({ method: &apos;POST&apos;, path: &apos;/session/:sessionId/orientation&apos; }) ], [ &apos;isDeviceLocked&apos;, Object({ method: &apos;POST&apos;, path: &apos;/session/:sessionId/appium/device/is_locked&apos; }) ], [ &apos;lockDevice&apos;, Object({ method: &apos;POST&apos;, path: &apos;/session/:sessionId/appium/device/lock&apos; }) ], [ &apos;unlockDevice&apos;, Object({ method: &apos;POST&apos;, path: &apos;/session/:sessionId/appium/device/unlock&apos; }) ], [ &apos;installApp&apos;, Object({ method: &apos;POST&apos;, path: &apos;/session/:sessionId/appium/device/install_app&apos; }) ], [ &apos;isAppInstalled&apos;, Object({ method: &apos;POST&apos;, path: &apos;/session/:sessionId/appium/device/app_installed&apos; }) ], [ &apos;removeApp&apos;, Object({ method: &apos;POST&apos;, path: &apos;/session/:sessionId/appium/device/remove_app&apos; }) ], [ &apos;pullFileFromDevice&apos;, Object({ method: &apos;POST&apos;, path: &apos;/session/:sessionId/appium/device/pull_file&apos; }) ], [ &apos;pullFolderFromDevice&apos;, Object({ method: &apos;POST&apos;, path: &apos;/session/:sessionId/appium/device/pull_folder&apos; }) ], [ &apos;pushFileToDevice&apos;, Object({ method: &apos;POST&apos;, path: &apos;/session/:sessionId/appium/device/push_file&apos; }) ], [ &apos;listContexts&apos;, Object({ method: &apos;GET&apos;, path: &apos;/session/:sessionId/contexts&apos; }) ], [ &apos;uploadFile&apos;, Object({ method: &apos;POST&apos;, path: &apos;/session/:sessionId/file&apos; }) ], [ &apos;switchToParentFrame&apos;, Object({ method: &apos;POST&apos;, path: &apos;/session/:sessionId/frame/parent&apos; }) ], [ &apos;fullscreen&apos;, Object({ method: &apos;POST&apos;, path: &apos;/session/:sessionId/window/fullscreen&apos; }) ], [ &apos;sendAppToBackground&apos;, Object({ method: &apos;POST&apos;, path: &apos;/session/:sessionId/appium/app/background&apos; }) ], [ &apos;closeApp&apos;, Object({ method: &apos;POST&apos;, path: &apos;/session/:sessionId/appium/app/close&apos; }) ], [ &apos;getAppStrings&apos;, Object({ method: &apos;POST&apos;, path: &apos;/session/:sessionId/appium/app/strings&apos; }) ], [ &apos;launchSession&apos;, Object({ method: &apos;POST&apos;, path: &apos;/session/:sessionId/appium/app/launch&apos; }) ], [ &apos;resetApp&apos;, Object({ method: &apos;POST&apos;, path: &apos;/session/:sessionId/appium/app/reset&apos; }) ], [ &apos;hideSoftKeyboard&apos;, Object({ method: &apos;POST&apos;, path: &apos;/session/:sessionId/appium/device/hide_keyboard&apos; }) ], [ &apos;getDeviceTime&apos;, Object({ method: &apos;GET&apos;, path: &apos;/session/:sessionId/appium/device/system_time&apos; }) ], [ &apos;openDeviceNotifications&apos;, Object({ method: &apos;POST&apos;, path: &apos;/session/:sessionId/appium/device/open_notifications&apos; }) ], [ &apos;rotationGesture&apos;, Object({ method: &apos;POST&apos;, path: &apos;/session/:sessionId/appium/device/rotate&apos; }) ], [ &apos;shakeDevice&apos;, Object({ method: &apos;POST&apos;, path: &apos;/session/:sessionId/appium/device/shake&apos; }) ], [ &apos;sendChromiumCommand&apos;, Object({ method: &apos;POST&apos;, path: &apos;/session/:sessionId/chromium/send_command&apos; }) ], [ &apos;sendChromiumCommandAndGetResult&apos;, Object({ method: &apos;POST&apos;, path: &apos;/session/:sessionId/chromium/send_command_and_get_result&apos; }) ] ), log_: Logger({ name_: &apos;webdriver.http.Executor&apos;, level_: null, parent_: Logger({ name_: &apos;webdriver.http&apos;, level_: null, parent_: Logger({ name_: &apos;webdriver&apos;, level_: null, parent_: Logger({ name_: &apos;&apos;, level_: OFF, parent_: null, handlers_: null }), handlers_: null }), handlers_: null }), handlers_: null }) }), fileDetector_: null, onQuit_: undefined, cancel: Function, then: Function, catch: Function, getNetworkConnection: Function, setNetworkConnection: Function, toggleAirplaneMode: Function, toggleWiFi: Function, toggleData: Function, toggleLocationServices: Function, getGeolocation: Function, setGeolocation: Function, getCurrentDeviceActivity: Function, startDeviceActivity: Function, getAppiumSettings: Function, setAppiumSettings: Function, getCurrentContext: Function, selectContext: Function, getScreenOrientation: Function, setScreenOrientation: Function, isDeviceLocked: Function, lockDevice: Function, unlockDevice: Function, installApp: Function, isAppInstalled: Function, removeApp: Function, pullFileFromDevice: Function, pullFolderFromDevice: Function, pushFileToDevice: Function, listContexts: Function, uploadFile: Function, switchToParentFrame: Function, fullscreen: Function, sendAppToBackground: Function, closeApp: Function, getAppStrings: Function, launchSession: Function, resetApp: Function, hideSoftKeyboard: Function, getDeviceTime: Function, openDeviceNotifications: Function, rotationGesture: Function, shakeDevice: Function, sendChromiumCommand: Function, sendChromiumCommandAndGetResult: Function }), element: Function, $: Function, $$: Function, baseUrl: &apos;&apos;, getPageTimeout: 10000, params: Object({ url: &apos;https://qa35.test.hybrent.com/b/#&apos;, user: Object({ username: &apos;sandy&apos;, password: &apos;goouser&apos;, fac_name: &apos;Delval ASC&apos;, Inv_name: &apos;DelVal ASC&apos; }), shop: Object({ sku: &apos;252523-01&apos;, reorderWarningSKU: &apos;21-2967-24&apos;, backOrderWarningSKU: &apos;257074&apos;, discontinueWarningSKU: &apos;21172&apos;, vendor: &apos;PATTERSON DENTAL&apos;, contractPriceWarningSKU: &apos;OFC333&apos;, GPOWarningSKU: &apos;501635&apos;, fac_xpath: &apos;//a[@ng-click=&apos;selectItem();&apos;]&apos; }), userfacility: Object({ defaultfacility: &apos; &apos;, facility_xpath: &apos;//*[@id=&apos;ng-view&apos;]/div/form/div[2]/div/div/div/div[2]/div/div[1]/div/span&apos;, department_xpath: &apos;//*[@id=&apos;ng-view&apos;]/div/form/div[2]/div/div/div/div[2]/div/div[2]/div/span&apos;, Inventory: &apos;//*[@id=&apos;ng-view&apos;]/div/form/div[2]/div/div/div/div[2]/div/div[3]/div/span&apos; }), itemCatalog: Object({ General_item_Name: &apos;General item test for test purpose &apos;, Service_item_name: &apos;Service item for test purpose&apos;, Billonly_item_name: &apos;Bill only item for test purpose&apos;, Freehand_item_name: &apos;Free hand item for test purpose&apos;, Dme_item_name: &apos;Dme&apos;, Dme_Alias: &apos;Dme_alias&apos;, Dme_sku: &apos;DS&apos;, Dme_mfr: &apos;DM&apos;, General_alias: &apos;General alias&apos;, Service_alias: &apos;Service alias&apos;, Billonly_alias: &apos;Billonly alias&apos;, Service_sku: &apos;SS&apos;, General_sku: &apos;GS&apos;, Billonly_sku: &apos;BS&apos;, General_mfrNumber: &apos;General_mfr&apos;, Service_mfrNumber: &apos;service mfr&apos;, Billonly_mfr: &apos;Billonly mfr&apos;, vendor: &apos;PATTERSON DENTAL&apos;, Generalcategory: &apos;TESTING AUTOMATION&apos;, facility: &apos;Life Care Surgery Clinic&apos;, itemForVendorUpdate: &apos;ADAPTER,SOLID PADS&apos;, stockStatus: &apos;In Stock (Local)&apos;, consumptionType: &apos;Piece&apos;, Item_Type: &apos;Inventory&apos;, PO_Number: &apos;Test&apos;, Consignment: &apos;Consignment test item&apos;, Con_sku: &apos;consku&apos;, randNumber: 1604294989900 }), Templates: Object({ templateName: &apos;template&apos;, scanout_tempate_name: &apos;scanouttemp&apos; }), Physician: Object({ firstname: &apos;robert&apos;, lastname: &apos;mark&apos;, NPI: &apos;NPI&apos; }), OperatingRoom: Object({ OR_Name: &apos;OR&apos; }), Patients: Object({ Patientfac_xpath: &apos;//a[@ng-click=&apos;selectItem();&apos;]&apos;, Patient_fname: &apos;john&apos;, Status: &apos;Active&apos;, repeat: &apos;One Time&apos; }), Procedure: Object({ Procedure_name: &apos;test&apos; }), Prefcard: Object({ Prefcard_name: &apos;test&apos; }), Reports: Object({ from_date: &apos;09/01/2019&apos;, To_date: &apos;09/30/2019&apos; }), GlCode: Object({ code: &apos;test&apos;, Name: &apos;GL&apos; }), department: Object({ mnemonic: &apos;Dep&apos;, Name: &apos;Dpnm&apos; }), Utilities: Object({ import_facility: &apos;Import Facility.&apos;, import_department: &apos;Import Department.&apos;, import_Patient: &apos;Import Patient.&apos;, import_users: &apos;Import User.&apos;, syncmap_item: &apos;Sync/Map items from one facility to other facilities.&apos;, templateutilities: &apos;Template utilities.&apos;, copy_template: &apos;Copy Template.&apos;, Change_temp_owner: &apos;Change Template Owner.&apos;, Assign_remove_vendor_access: &apos;Assign and remove vendor access.&apos;, Download_user_facilities_access: &apos;Download users facilities access.&apos;, Download_user_approval_access: &apos;Download user approval access.&apos;, Assign_user_facility_access: &apos;Assign users facility access.&apos;, Remove_user_facility_access: &apos;Remove users facility access.&apos; }), Identity_Provider: Object({ PO: &apos;PO&apos;, Inventory_Management: &apos;Inventory Management&apos;, Inventory_Transfer: &apos;Inventory Transfer&apos; }), Vendor_price_tier: Object({ Pricetier_name: &apos;PT1&apos;, Price_Percentage: &apos;25&apos;, newpricetier_name: &apos;PT2&apos;, newPrice_percentage: &apos;3&apos;, randompricetier: 4953 }), AR_Code: Object({ Description: &apos;TestAR&apos;, Code: &apos;ARC&apos; }), Payer_Code: Object({ Description: &apos;TestPR&apos; }) }), resetUrl: &apos;data:text/html,&lt;html&gt;&lt;/html&gt;&apos;, ready: ManagedPromise::19 {[[PromiseStatus]]: &quot;fulfilled&quot;}, trackOutstandingTimeouts_: true, mockModules_: [ Object({ name: &apos;protractorBaseModule_&apos;, script: Function, args: [ true ] }) ], ExpectedConditions: ProtractorExpectedConditions({ browser: &lt;circular reference: Object&gt; }), plugins_: Plugins({ setup: Function, onPrepare: Function, teardown: Function, postResults: Function, postTest: Function, onPageLoad: Function, onPageStable: Function, waitForPromise: Function, waitForCondition: Function, pluginObjs: [ protractorUtil({ name: &apos;jasmine2-protractor-utils&apos;, config: Object({ package: &apos;jasmine2-protractor-utils&apos;, disableHTMLReport: true, disableScreenshot: false, screenshotPath: &apos;./screenshots&apos;, screenshotOnExpectFailure: false, screenshotOnSpecFailure: true, clearFoldersBeforeTest: true }), addFailure: Function, addSuccess: Function, addWarning: Function }) ], assertions: Object({  }), resultsReported: false }), allScriptsTimeout: 999999, getProcessedConfig: Function, forkNewDriverInstance: Function, restart: Function, restartSync: Function, internalRootEl: &apos;&apos;, internalIgnoreSynchronization: true }), getWebElements: Function, locator_: By(css selector, .toast-message), actionResults_: null, click: Function, sendKeys: Function, getTagName: Function, getCssValue: Function, getAttribute: Function, getText: Function, getSize: Function, getLocation: Function, isEnabled: Function, isSelected: Function, submit: Function, clear: Function, isDisplayed: Function, getId: Function, takeScreenshot: Function }), elementArrayFinder_: ElementArrayFinder({ browser_: ProtractorBrowser({ controlFlow: Function, schedule: Function, setFileDetector: Function, getExecutor: Function, getSession: Function, getCapabilities: Function, quit: Function, actions: Function, touchActions: Function, executeScript: Function, executeAsyncScript: Function, call: Function, wait: Function, sleep: Function, getWindowHandle: Function, getAllWindowHandles: Function, getPageSource: Function, close: Function, getCurrentUrl: Function, getTitle: Function, findElementInternal_: Function, findElementsInternal_: Function, takeScreenshot: Function, manage: Function, switchTo: Function, driver: thenableWebDriverProxy({ flow_: ControlFlow::88826
| TaskQueue::88497
| | (pending) Task::88496&lt;Run it(&quot;Planner: add Cases.&quot;) in control flow&gt;
| | | (active) TaskQueue::88500
| | | | Task::88503&lt;WebDriver.sleep(2000)&gt;
| | | | Task::88505&lt;Ignore Synchronization Protractor.waitForAngular()&gt;
| | | | Task::88507&lt;then&gt;
| | | | Task::88509&lt;then&gt;
| | | | Task::88511&lt;then&gt;
| | | | Task::88514&lt;then&gt;
| | | | Task::88516&lt;then&gt;
| | | | Task::88518&lt;then&gt;
| | | | Task::88520&lt;then&gt;
| | | | Task::88522&lt;WebDriver.executeScript()&gt;
| | | | Task::88524&lt;then&gt;
| | | | Task::88526&lt;WebDriver.sleep(2000)&gt;
| | | | Task::88528&lt;Ignore Synchronization Protractor.waitForAngular()&gt;
| | | | Task::88530&lt;then&gt;
| | | | Task::88533&lt;then&gt;
| | | | Task::88535&lt;then&gt;
| | | | Task::88537&lt;then&gt;
| | | | Task::88539&lt;then&gt;
| | | | Task::88541&lt;then&gt;
| | | | Task::88543&lt;then&gt;
| | | | Task::88545&lt;WebDriver.sleep(5000)&gt;
| | | | Task::88547&lt;Ignore Synchronization Protractor.waitForAngular()&gt;
| | | | Task::88549&lt;then&gt;
| | | | Task::88551&lt;then&gt;
| | | | Task::88553&lt;then&gt;
| | | | Task::88555&lt;then&gt;
| | | | Task::88557&lt;then&gt;
| | | | Task::88559&lt;WebDriver.sleep(2000)&gt;
| | | | Task::88561&lt;Ignore Synchronization Protractor.waitForAngular()&gt;
| | | | Task::88563&lt;then&gt;
| | | | Task::88565&lt;then&gt;
| | | | Task::88567&lt;then&gt;
| | | | Task::88569&lt;then&gt;
| | | | Task::88571&lt;then&gt;
| | | | Task::88573&lt;WebDriver.sleep(2000)&gt;
| | | | Task::88575&lt;Ignore Synchronization Protractor.waitForAngular()&gt;
| | | | Task::88577&lt;then&gt;
| | | | Task::88579&lt;then&gt;
| | | | Task::88581&lt;then&gt;
| | | | Task::88583&lt;then&gt;
| | | | Task::88585&lt;then&gt;
| | | | Task::88587&lt;WebDriver.sleep(2000)&gt;
| | | | Task::88589&lt;Ignore Synchronization Protractor.waitForAngular()&gt;
| | | | Task::88591&lt;then&gt;
| | | | Task::88593&lt;then&gt;
| | | | Task::88595&lt;then&gt;
| | | | Task::88597&lt;then&gt;
| | | | Task::88599&lt;then&gt;
| | | | Task::88601&lt;WebDriver.sleep(2000)&gt;
| | | | Task::88603&lt;Ignore Synchronization Protractor.waitForAngular()&gt;
| | | | Task::88605&lt;then&gt;
| | | | Task::88607&lt;then&gt;
| | | | Task::88609&lt;then&gt;
| | | | Task::88611&lt;then&gt;
| | | | Task::88613&lt;then&gt;
| | | | Task::88615&lt;WebDriver.sleep(2000)&gt;
| | | | Task::88617&lt;Ignore Synchronization Protractor.waitForAngular()&gt;
| | | | Task::88619&lt;then&gt;
| | | | Task::88621&lt;then&gt;
| | | | Task::88623&lt;then&gt;
| | | | Task::88625&lt;then&gt;
| | | | Task::88627&lt;then&gt;
| | | | Task::88629&lt;WebDriver.sleep(2000)&gt;
| | | | Task::88631&lt;Ignore Synchronization Protractor.waitForAngular()&gt;
| | | | Task::88633&lt;then&gt;
| | | | Task::88635&lt;then&gt;
| | | | Task::88637&lt;then&gt;
| | | | Task::88639&lt;then&gt;
| | | | Task::88641&lt;then&gt;
| | | | Task::88643&lt;WebDriver.sleep(2000)&gt;
| | | | Task::88645&lt;Ignore Synchronization Protractor.waitForAngular()&gt;
| | | | Task::88647&lt;then&gt;
| | | | Task::88649&lt;then&gt;
| | | | Task::88651&lt;then&gt;
| | | | Task::88653&lt;then&gt;
| | | | Task::88655&lt;then&gt;
| | | | Task::88657&lt;WebDriver.sleep(2000)&gt;
| | | | Task::88659&lt;Ignore Synchronization Protractor.waitForAngular()&gt;
| | | | Task::88661&lt;then&gt;
| | | | Task::88663&lt;then&gt;
| | | | Task::88665&lt;then&gt;
| | | | Task::88667&lt;then&gt;
| | | | Task::88669&lt;then&gt;
| | | | Task::88671&lt;WebDriver.sleep(2000)&gt;
| | | | Task::88673&lt;Ignore Synchronization Protractor.waitForAngular()&gt;
| | | | Task::88675&lt;then&gt;
| | | | Task::88677&lt;then&gt;
| | | | Task::88679&lt;then&gt;
| | | | Task::88681&lt;then&gt;
| | | | Task::88683&lt;then&gt;
| | | | Task::88685&lt;WebDriver.sleep(2000)&gt;
| | | | Task::88687&lt;Ignore Synchronization Protractor.waitForAngular()&gt;
| | | | Task::88689&lt;then&gt;
| | | | Task::88691&lt;then&gt;
| | | | Task::88693&lt;then&gt;
| | | | Task::88695&lt;then&gt;
| | | | Task::88697&lt;then&gt;
| | | | Task::88699&lt;WebDriver.sleep(2000)&gt;
| | | | Task::88701&lt;Ignore Synchronization Protractor.waitForAngular()&gt;
| | | | Task::88703&lt;then&gt;
| | | | Task::88705&lt;then&gt;
| | | | Task::88707&lt;then&gt;
| | | | Task::88709&lt;then&gt;
| | | | Task::88711&lt;then&gt;
| | | | Task::88713&lt;WebDriver.sleep(2000)&gt;
| | | | Task::88715&lt;Ignore Synchronization Protractor.waitForAngular()&gt;
| | | | Task::88717&lt;then&gt;
| | | | Task::88719&lt;then&gt;
| | | | Task::88721&lt;then&gt;
| | | | Task::88723&lt;then&gt;
| | | | Task::88725&lt;then&gt;
| | | | Task::88727&lt;WebDriver.sleep(2000)&gt;
| | | | Task::88729&lt;Ignore Synchronization Protractor.waitForAngular()&gt;
| | | | Task::88731&lt;then&gt;
| | | | Task::88733&lt;then&gt;
| | | | Task::88735&lt;then&gt;
| | | | Task::88737&lt;then&gt;
| | | | Task::88739&lt;then&gt;
| | | | Task::88741&lt;WebDriver.sleep(2000)&gt;
| | | | Task::88743&lt;Ignore Synchronization Protractor.waitForAngular()&gt;
| | | | Task::88745&lt;then&gt;
| | | | Task::88747&lt;then&gt;
| | | | Task::88749&lt;then&gt;
| | | | Task::88751&lt;then&gt;
| | | | Task::88753&lt;then&gt;
| | | | Task::88755&lt;WebDriver.sleep(2000)&gt;
| | | | Task::88757&lt;Ignore Synchronization Protractor.waitForAngular()&gt;
| | | | Task::88759&lt;then&gt;
| | | | Task::88761&lt;then&gt;
| | | | Task::88763&lt;then&gt;
| | | | Task::88765&lt;then&gt;
| | | | Task::88767&lt;then&gt;
| | | | Task::88769&lt;WebDriver.sleep(2000)&gt;
| | | | Task::88771&lt;Ignore Synchronization Protractor.waitForAngular()&gt;
| | | | Task::88773&lt;then&gt;
| | | | Task::88775&lt;then&gt;
| | | | Task::88777&lt;then&gt;
| | | | Task::88779&lt;then&gt;
| | | | Task::88781&lt;then&gt;
| | | | Task::88783&lt;WebDriver.sleep(2000)&gt;
| | | | Task::88785&lt;Ignore Synchronization Protractor.waitForAngular()&gt;
| | | | Task::88787&lt;then&gt;
| | | | Task::88789&lt;then&gt;
| | | | Task::88791&lt;then&gt;
| | | | Task::88793&lt;then&gt;
| | | | Task::88795&lt;then&gt;
| | | | Task::88797&lt;WebDriver.sleep(2000)&gt;
| | | | Task::88799&lt;Ignore Synchronization Protractor.waitForAngular()&gt;
| | | | Task::88801&lt;then&gt;
| | | | Task::88803&lt;then&gt;
| | | | Task::88805&lt;then&gt;
| | | | Task::88807&lt;then&gt;
| | | | Task::88809&lt;then&gt;
| | | | Task::88811&lt;WebDriver.sleep(2000)&gt;
| | | | Task::88813&lt;Ignore Synchronization Protractor.waitForAngular()&gt;
| | | | Task::88815&lt;then&gt;
| | | | Task::88817&lt;then&gt;
| | | | Task::88819&lt;then&gt;
| | | | Task::88821&lt;then&gt;
| | | | Task::88823&lt;then&gt;
| | | | Task::88825&lt;WebDriver.sleep(2000)&gt;
| | Task::88499&lt;then&gt;, session_: ManagedPromise::4 {[[PromiseStatus]]: &quot;fulfilled&quot;}, executor_: Executor({ w3c: false, customCommands_: Map( [ &apos;launchApp&apos;, Object({ method: &apos;POST&apos;, path: &apos;/session/:sessionId/chromium/launch_app&apos; }) ], [ &apos;getNetworkConditions&apos;, Object({ method: &apos;GET&apos;, path: &apos;/session/:sessionId/chromium/network_conditions&apos; }) ], [ &apos;setNetworkConditions&apos;, Object({ method: &apos;POST&apos;, path: &apos;/session/:sessionId/chromium/network_conditions&apos; }) ], [ &apos;getNetworkConnection&apos;, Object({ method: &apos;GET&apos;, path: &apos;/session/:sessionId/network_connection&apos; }) ], [ &apos;setNetworkConnection&apos;, Object({ method: &apos;POST&apos;, path: &apos;/session/:sessionId/network_connection&apos; }) ], [ &apos;toggleAirplaneMode&apos;, Object({ method: &apos;POST&apos;, path: &apos;/session/:sessionId/appium/device/toggle_airplane_mode&apos; }) ], [ &apos;toggleWiFi&apos;, Object({ method: &apos;POST&apos;, path: &apos;/session/:sessionId/appium/device/toggle_wifi&apos; }) ], [ &apos;toggleData&apos;, Object({ method: &apos;POST&apos;, path: &apos;/session/:sessionId/appium/device/toggle_data&apos; }) ], [ &apos;toggleLocationServices&apos;, Object({ method: &apos;POST&apos;, path: &apos;/session/:sessionId/appium/device/toggle_location_services&apos; }) ], [ &apos;getGeolocation&apos;, Object({ method: &apos;GET&apos;, path: &apos;/session/:sessionId/location&apos; }) ], [ &apos;setGeolocation&apos;, Object({ method: &apos;POST&apos;, path: &apos;/session/:sessionId/location&apos; }) ], [ &apos;getCurrentDeviceActivity&apos;, Object({ method: &apos;GET&apos;, path: &apos;/session/:sessionId/appium/device/current_activity&apos; }) ], [ &apos;startDeviceActivity&apos;, Object({ method: &apos;POST&apos;, path: &apos;/session/:sessionId/appium/device/start_activity&apos; }) ], [ &apos;getAppiumSettings&apos;, Object({ method: &apos;GET&apos;, path: &apos;/session/:sessionId/appium/settings&apos; }) ], [ &apos;setAppiumSettings&apos;, Object({ method: &apos;POST&apos;, path: &apos;/session/:sessionId/appium/settings&apos; }) ], [ &apos;getCurrentContext&apos;, Object({ method: &apos;GET&apos;, path: &apos;/session/:sessionId/context&apos; }) ], [ &apos;selectContext&apos;, Object({ method: &apos;POST&apos;, path: &apos;/session/:sessionId/context&apos; }) ], [ &apos;getScreenOrientation&apos;, Object({ method: &apos;GET&apos;, path: &apos;/session/:sessionId/orientation&apos; }) ], [ &apos;setScreenOrientation&apos;, Object({ method: &apos;POST&apos;, path: &apos;/session/:sessionId/orientation&apos; }) ], [ &apos;isDeviceLocked&apos;, Object({ method: &apos;POST&apos;, path: &apos;/session/:sessionId/appium/device/is_locked&apos; }) ], [ &apos;lockDevice&apos;, Object({ method: &apos;POST&apos;, path: &apos;/session/:sessionId/appium/device/lock&apos; }) ], [ &apos;unlockDevice&apos;, Object({ method: &apos;POST&apos;, path: &apos;/session/:sessionId/appium/device/unlock&apos; }) ], [ &apos;installApp&apos;, Object({ method: &apos;POST&apos;, path: &apos;/session/:sessionId/appium/device/install_app&apos; }) ], [ &apos;isAppInstalled&apos;, Object({ method: &apos;POST&apos;, path: &apos;/session/:sessionId/appium/device/app_installed&apos; }) ], [ &apos;removeApp&apos;, Object({ method: &apos;POST&apos;, path: &apos;/session/:sessionId/appium/device/remove_app&apos; }) ], [ &apos;pullFileFromDevice&apos;, Object({ method: &apos;POST&apos;, path: &apos;/session/:sessionId/appium/device/pull_file&apos; }) ], [ &apos;pullFolderFromDevice&apos;, Object({ method: &apos;POST&apos;, path: &apos;/session/:sessionId/appium/device/pull_folder&apos; }) ], [ &apos;pushFileToDevice&apos;, Object({ method: &apos;POST&apos;, path: &apos;/session/:sessionId/appium/device/push_file&apos; }) ], [ &apos;listContexts&apos;, Object({ method: &apos;GET&apos;, path: &apos;/session/:sessionId/contexts&apos; }) ], [ &apos;uploadFile&apos;, Object({ method: &apos;POST&apos;, path: &apos;/session/:sessionId/file&apos; }) ], [ &apos;switchToParentFrame&apos;, Object({ method: &apos;POST&apos;, path: &apos;/session/:sessionId/frame/parent&apos; }) ], [ &apos;fullscreen&apos;, Object({ method: &apos;POST&apos;, path: &apos;/session/:sessionId/window/fullscreen&apos; }) ], [ &apos;sendAppToBackground&apos;, Object({ method: &apos;POST&apos;, path: &apos;/session/:sessionId/appium/app/background&apos; }) ], [ &apos;closeApp&apos;, Object({ method: &apos;POST&apos;, path: &apos;/session/:sessionId/appium/app/close&apos; }) ], [ &apos;getAppStrings&apos;, Object({ method: &apos;POST&apos;, path: &apos;/session/:sessionId/appium/app/strings&apos; }) ], [ &apos;launchSession&apos;, Object({ method: &apos;POST&apos;, path: &apos;/session/:sessionId/appium/app/launch&apos; }) ], [ &apos;resetApp&apos;, Object({ method: &apos;POST&apos;, path: &apos;/session/:sessionId/appium/app/reset&apos; }) ], [ &apos;hideSoftKeyboard&apos;, Object({ method: &apos;POST&apos;, path: &apos;/session/:sessionId/appium/device/hide_keyboard&apos; }) ], [ &apos;getDeviceTime&apos;, Object({ method: &apos;GET&apos;, path: &apos;/session/:sessionId/appium/device/system_time&apos; }) ], [ &apos;openDeviceNotifications&apos;, Object({ method: &apos;POST&apos;, path: &apos;/session/:sessionId/appium/device/open_notifications&apos; }) ], [ &apos;rotationGesture&apos;, Object({ method: &apos;POST&apos;, path: &apos;/session/:sessionId/appium/device/rotate&apos; }) ], [ &apos;shakeDevice&apos;, Object({ method: &apos;POST&apos;, path: &apos;/session/:sessionId/appium/device/shake&apos; }) ], [ &apos;sendChromiumCommand&apos;, Object({ method: &apos;POST&apos;, path: &apos;/session/:sessionId/chromium/send_command&apos; }) ], [ &apos;sendChromiumCommandAndGetResult&apos;, Object({ method: &apos;POST&apos;, path: &apos;/session/:sessionId/chromium/send_command_and_get_result&apos; }) ] ), log_: Logger({ name_: &apos;webdriver.http.Executor&apos;, level_: null, parent_: Logger({ name_: &apos;webdriver.http&apos;, level_: null, parent_: Logger({ name_: &apos;webdriver&apos;, level_: null, parent_: Logger({ name_: &apos;&apos;, level_: OFF, parent_: null, handlers_: null }), handlers_: null }), handlers_: null }), handlers_: null }) }), fileDetector_: null, onQuit_: undefined, cancel: Function, then: Function, catch: Function, getNetworkConnection: Function, setNetworkConnection: Function, toggleAirplaneMode: Function, toggleWiFi: Function, toggleData: Function, toggleLocationServices: Function, getGeolocation: Function, setGeolocation: Function, getCurrentDeviceActivity: Function, startDeviceActivity: Function, getAppiumSettings: Function, setAppiumSettings: Function, getCurrentContext: Function, selectContext: Function, getScreenOrientation: Function, setScreenOrientation: Function, isDeviceLocked: Function, lockDevice: Function, unlockDevice: Function, installApp: Function, isAppInstalled: Function, removeApp: Function, pullFileFromDevice: Function, pullFolderFromDevice: Function, pushFileToDevice: Function, listContexts: Function, uploadFile: Function, switchToParentFrame: Function, fullscreen: Function, sendAppToBackground: Function, closeApp: Function, getAppStrings: Function, launchSession: Function, resetApp: Function, hideSoftKeyboard: Function, getDeviceTime: Function, openDeviceNotifications: Function, rotationGesture: Function, shakeDevice: Function, sendChromiumCommand: Function, sendChromiumCommandAndGetResult: Function }), element: Function, $: Function, $$: Function, baseUrl: &apos;&apos;, getPageTimeout: 10000, params: Object({ url: &apos;https://qa35.test.hybrent.com/b/#&apos;, user: Object({ username: &apos;sandy&apos;, password: &apos;goouser&apos;, fac_name: &apos;Delval ASC&apos;, Inv_name: &apos;DelVal ASC&apos; }), shop: Object({ sku: &apos;252523-01&apos;, reorderWarningSKU: &apos;21-2967-24&apos;, backOrderWarningSKU: &apos;257074&apos;, discontinueWarningSKU: &apos;21172&apos;, vendor: &apos;PATTERSON DENTAL&apos;, contractPriceWarningSKU: &apos;OFC333&apos;, GPOWarningSKU: &apos;501635&apos;, fac_xpath: &apos;//a[@ng-click=&apos;selectItem();&apos;]&apos; }), userfacility: Object({ defaultfacility: &apos; &apos;, facility_xpath: &apos;//*[@id=&apos;ng-view&apos;]/div/form/div[2]/div/div/div/div[2]/div/div[1]/div/span&apos;, department_xpath: &apos;//*[@id=&apos;ng-view&apos;]/div/form/div[2]/div/div/div/div[2]/div/div[2]/div/span&apos;, Inventory: &apos;//*[@id=&apos;ng-view&apos;]/div/form/div[2]/div/div/div/div[2]/div/div[3]/div/span&apos; }), itemCatalog: Object({ General_item_Name: &apos;General item test for test purpose &apos;, Service_item_name: &apos;Service item for test purpose&apos;, Billonly_item_name: &apos;Bill only item for test purpose&apos;, Freehand_item_name: &apos;Free hand item for test purpose&apos;, Dme_item_name: &apos;Dme&apos;, Dme_Alias: &apos;Dme_alias&apos;, Dme_sku: &apos;DS&apos;, Dme_mfr: &apos;DM&apos;, General_alias: &apos;General alias&apos;, Service_alias: &apos;Service alias&apos;, Billonly_alias: &apos;Billonly alias&apos;, Service_sku: &apos;SS&apos;, General_sku: &apos;GS&apos;, Billonly_sku: &apos;BS&apos;, General_mfrNumber: &apos;General_mfr&apos;, Service_mfrNumber: &apos;service mfr&apos;, Billonly_mfr: &apos;Billonly mfr&apos;, vendor: &apos;PATTERSON DENTAL&apos;, Generalcategory: &apos;TESTING AUTOMATION&apos;, facility: &apos;Life Care Surgery Clinic&apos;, itemForVendorUpdate: &apos;ADAPTER,SOLID PADS&apos;, stockStatus: &apos;In Stock (Local)&apos;, consumptionType: &apos;Piece&apos;, Item_Type: &apos;Inventory&apos;, PO_Number: &apos;Test&apos;, Consignment: &apos;Consignment test item&apos;, Con_sku: &apos;consku&apos;, randNumber: 1604294989900 }), Templates: Object({ templateName: &apos;template&apos;, scanout_tempate_name: &apos;scanouttemp&apos; }), Physician: Object({ firstname: &apos;robert&apos;, lastname: &apos;mark&apos;, NPI: &apos;NPI&apos; }), OperatingRoom: Object({ OR_Name: &apos;OR&apos; }), Patients: Object({ Patientfac_xpath: &apos;//a[@ng-click=&apos;selectItem();&apos;]&apos;, Patient_fname: &apos;john&apos;, Status: &apos;Active&apos;, repeat: &apos;One Time&apos; }), Procedure: Object({ Procedure_name: &apos;test&apos; }), Prefcard: Object({ Prefcard_name: &apos;test&apos; }), Reports: Object({ from_date: &apos;09/01/2019&apos;, To_date: &apos;09/30/2019&apos; }), GlCode: Object({ code: &apos;test&apos;, Name: &apos;GL&apos; }), department: Object({ mnemonic: &apos;Dep&apos;, Name: &apos;Dpnm&apos; }), Utilities: Object({ import_facility: &apos;Import Facility.&apos;, import_department: &apos;Import Department.&apos;, import_Patient: &apos;Import Patient.&apos;, import_users: &apos;Import User.&apos;, syncmap_item: &apos;Sync/Map items from one facility to other facilities.&apos;, templateutilities: &apos;Template utilities.&apos;, copy_template: &apos;Copy Template.&apos;, Change_temp_owner: &apos;Change Template Owner.&apos;, Assign_remove_vendor_access: &apos;Assign and remove vendor access.&apos;, Download_user_facilities_access: &apos;Download users facilities access.&apos;, Download_user_approval_access: &apos;Download user approval access.&apos;, Assign_user_facility_access: &apos;Assign users facility access.&apos;, Remove_user_facility_access: &apos;Remove users facility access.&apos; }), Identity_Provider: Object({ PO: &apos;PO&apos;, Inventory_Management: &apos;Inventory Management&apos;, Inventory_Transfer: &apos;Inventory Transfer&apos; }), Vendor_price_tier: Object({ Pricetier_name: &apos;PT1&apos;, Price_Percentage: &apos;25&apos;, newpricetier_name: &apos;PT2&apos;, newPrice_percentage: &apos;3&apos;, randompricetier: 4953 }), AR_Code: Object({ Description: &apos;TestAR&apos;, Code: &apos;ARC&apos; }), Payer_Code: Object({ Description: &apos;TestPR&apos; }) }), resetUrl: &apos;data:text/html,&lt;html&gt;&lt;/html&gt;&apos;, ready: ManagedPromise::19 {[[PromiseStatus]]: &quot;fulfilled&quot;}, trackOutstandingTimeouts_: true, mockModules_: [ Object({ name: &apos;protractorBaseModule_&apos;, script: Function, args: [ true ] }) ], ExpectedConditions: ProtractorExpectedConditions({ browser: &lt;circular reference: Object&gt; }), plugins_: Plugins({ setup: Function, onPrepare: Function, teardown: Function, postResults: Function, postTest: Function, onPageLoad: Function, onPageStable: Function, waitForPromise: Function, waitForCondition: Function, pluginObjs: [ protractorUtil({ name: &apos;jasmine2-protractor-utils&apos;, config: Object({ package: &apos;jasmine2-protractor-utils&apos;, disableHTMLReport: true, disableScreenshot: false, screenshotPath: &apos;./screenshots&apos;, screenshotOnExpectFailure: false, screenshotOnSpecFailure: true, clearFoldersBeforeTest: true }), addFailure: Function, addSuccess: Function, addWarning: Function }) ], assertions: Object({  }), resultsReported: false }), allScriptsTimeout: 999999, getProcessedConfig: Function, forkNewDriverInstance: Function, restart: Function, restartSync: Function, internalRootEl: &apos;&apos;, internalIgnoreSynchronization: true }), getWebElements: Function, locator_: By(css selector, .toast-message), actionResults_: null, click: Function, sendKeys: Function, getTagName: Function, getCssValue: Function, getAttribute: Function, getText: Function, getSize: Function, getLocation: Function, isEnabled: Function, isSelected: Function, submit: Function, clear: Function, isDisplayed: Function, getId: Function, takeScreenshot: Function }), click: Function, sendKeys: Function, getTagName: Function, getCssValue: Function, getAttribute: Function, getText: Function, getSize: Function, getLocation: Function, isEnabled: Function, isSelected: Function, submit: Function, clear: Function, isDisplayed: Function, getId: Function, takeScreenshot: Function }) to match &apos;Case #  successfully created for patient &quot;john&quot;.&apos;."><![CDATA[Error: Failed expectation
    at UserContext.<anonymous> (F:\protractor\Hybrent3.2RC4\Testcases\Planner\planner.js:85:33)
    at C:\Users\sandy\AppData\Roaming\npm\node_modules\protractor\node_modules\jasminewd2\index.js:112:25
    at new ManagedPromise (C:\Users\sandy\AppData\Roaming\npm\node_modules\protractor\node_modules\selenium-webdriver\lib\promise.js:1077:7)
    at ControlFlow.promise (C:\Users\sandy\AppData\Roaming\npm\node_modules\protractor\node_modules\selenium-webdriver\lib\promise.js:2505:12)
    at schedulerExecute (C:\Users\sandy\AppData\Roaming\npm\node_modules\protractor\node_modules\jasminewd2\index.js:95:18)
    at TaskQueue.execute_ (C:\Users\sandy\AppData\Roaming\npm\node_modules\protractor\node_modules\selenium-webdriver\lib\promise.js:3084:14)
    at TaskQueue.executeNext_ (C:\Users\sandy\AppData\Roaming\npm\node_modules\protractor\node_modules\selenium-webdriver\lib\promise.js:3067:27)
    at C:\Users\sandy\AppData\Roaming\npm\node_modules\protractor\node_modules\selenium-webdriver\lib\promise.js:2974:25
    at C:\Users\sandy\AppData\Roaming\npm\node_modules\protractor\node_modules\selenium-webdriver\lib\promise.js:668:7]]>
   </failure>
  </testcase>
 </testsuite>
 <testsuite name="Picklist module" timestamp="2020-11-02T11:20:42" hostname="localhost" time="66.117" errors="0" tests="6" skipped="0" disabled="0" failures="0">
  <testcase classname="Picklist module" name="Navigate to picklist module" time="2.63" />
  <testcase classname="Picklist module" name="Verify that all search and drop down filter appear on the pick list page" time="0.195" />
  <testcase classname="Picklist module" name="Search newly created case" time="32.778" />
  <testcase classname="Picklist module" name="open and add normal notes in newly created case" time="11.968" />
  <testcase classname="Picklist module" name="increase item qty " time="12.069" />
  <testcase classname="Picklist module" name="move case to execute case" time="6.476" />
 </testsuite>
 <testsuite name="Execute Case module" timestamp="2020-11-02T11:21:48" hostname="localhost" time="55.895" errors="0" tests="4" skipped="0" disabled="0" failures="0">
  <testcase classname="Execute Case module" name="Navigate to Execute case module" time="2.324" />
  <testcase classname="Execute Case module" name="Verify that all search and drop down filter appear on the execute case page" time="0.194" />
  <testcase classname="Execute Case module" name="Search and open newly created case" time="34.281" />
  <testcase classname="Execute Case module" name="increase item hold qty and move case to complete case" time="19.096" />
 </testsuite>
 <testsuite name="All Cases module" timestamp="2020-11-02T11:22:44" hostname="localhost" time="7.176" errors="0" tests="3" skipped="0" disabled="0" failures="0">
  <testcase classname="All Cases module" name="Navigate to All cases module" time="2.378" />
  <testcase classname="All Cases module" name="Verify that all search and drop down filter appear on the All case page" time="0.213" />
  <testcase classname="All Cases module" name="Search and open newly created case" time="4.583" />
 </testsuite>
 <testsuite name="Hybrent Out Of stock Module" timestamp="2020-11-02T11:22:51" hostname="localhost" time="4.556" errors="0" tests="1" skipped="0" disabled="0" failures="0">
  <testcase classname="Hybrent Out Of stock Module" name="Out Of stock page should open" time="4.556" />
 </testsuite>
 <testsuite name="Approval flow" timestamp="2020-11-02T11:22:56" hostname="localhost" time="21.459" errors="0" tests="5" skipped="0" disabled="0" failures="0">
  <testcase classname="Approval flow" name="Open Approval flow module" time="4.47" />
  <testcase classname="Approval flow" name="verify that search filter with facility list and search button appear on the approval template page" time="0.119" />
  <testcase classname="Approval flow" name="add new approval flow template" time="7.822" />
  <testcase classname="Approval flow" name="search newly created approval flow" time="4.615" />
  <testcase classname="Approval flow" name="delete newly created approval flow" time="4.431" />
 </testsuite>
 <testsuite name="Account Receivable Code" timestamp="2020-11-02T11:23:17" hostname="localhost" time="31.262" errors="0" tests="5" skipped="0" disabled="0" failures="0">
  <testcase classname="Account Receivable Code" name="Open Account Receivable Code module" time="4.637" />
  <testcase classname="Account Receivable Code" name="verify that search filter with facility list and search button appear on the Account Receivable Code page" time="0.107" />
  <testcase classname="Account Receivable Code" name="add new Account Receivable Code" time="10.999" />
  <testcase classname="Account Receivable Code" name="search newly created Account Receivable Code by given name and code" time="11.019" />
  <testcase classname="Account Receivable Code" name="delete newly created Account Receivable Code" time="4.499" />
 </testsuite>
 <testsuite name="Care type" timestamp="2020-11-02T11:23:49" hostname="localhost" time="29.307" errors="0" tests="6" skipped="0" disabled="0" failures="0">
  <testcase classname="Care type" name="Open Care type module" time="2.419" />
  <testcase classname="Care type" name="verify that search by care type filter and status drop appear on the page" time="0.065" />
  <testcase classname="Care type" name="add new care type" time="6.771" />
  <testcase classname="Care type" name="search newly created care type" time="6.542" />
  <testcase classname="Care type" name="update newly created care type" time="6.785" />
  <testcase classname="Care type" name="delete newly created care type" time="6.725" />
 </testsuite>
 <testsuite name="Contract Management" timestamp="2020-11-02T11:24:18" hostname="localhost" time="4.951" errors="0" tests="2" skipped="0" disabled="0" failures="0">
  <testcase classname="Contract Management" name="Open Contract Management module" time="4.84" />
  <testcase classname="Contract Management" name="verify that search and status filter appear on the page" time="0.11" />
 </testsuite>
 <testsuite name="Cycle count module" timestamp="2020-11-02T11:24:23" hostname="localhost" time="33.579" errors="0" tests="6" skipped="0" disabled="0" failures="0">
  <testcase classname="Cycle count module" name="Open Cycle Count module" time="4.63" />
  <testcase classname="Cycle count module" name="Verify that default facility should appear selected on &quot;cycle count for" time="0.039" />
  <testcase classname="Cycle count module" name="Verify that following filter should appear selected on cycle count page" time="0.132" />
  <testcase classname="Cycle count module" name="Verify that Initite cycle count window should get opened on clicking initiate cycle count button" time="4.547" />
  <testcase classname="Cycle count module" name="Verify that user should able to initiate cycle count with Blind count" time="17.617" />
  <testcase classname="Cycle count module" name="Verify that user should able to cancel cycle count" time="6.614" />
 </testsuite>
 <testsuite name="Department" timestamp="2020-11-02T11:24:56" hostname="localhost" time="46.793" errors="0" tests="6" skipped="0" disabled="0" failures="0">
  <testcase classname="Department" name="Open Department module" time="4.599" />
  <testcase classname="Department" name="verify that search and facility fiter with search and add button appear on the page" time="0.11" />
  <testcase classname="Department" name="add new department" time="19.154" />
  <testcase classname="Department" name="search newly created department name by its name" time="6.802" />
  <testcase classname="Department" name="update the newly created department" time="8.98" />
  <testcase classname="Department" name="delete newly created department" time="7.147" />
 </testsuite>
 <testsuite name="Facilities" timestamp="2020-11-02T11:25:43" hostname="localhost" time="9.356" errors="0" tests="3" skipped="0" disabled="0" failures="0">
  <testcase classname="Facilities" name="Open facilities module" time="4.758" />
  <testcase classname="Facilities" name="verify that search filter appear on the facility listing page" time="0.046" />
  <testcase classname="Facilities" name="search facility by facility name" time="4.552" />
 </testsuite>
 <testsuite name="GL code moudle" timestamp="2020-11-02T11:25:52" hostname="localhost" time="29.055" errors="0" tests="5" skipped="0" disabled="0" failures="0">
  <testcase classname="GL code moudle" name="Open GL code module" time="4.456" />
  <testcase classname="GL code moudle" name="verify that search filter appear on the GL code page" time="2.07" />
  <testcase classname="GL code moudle" name="Add new Gl Code" time="8.974" />
  <testcase classname="GL code moudle" name="verify that user is able to search gl code by name" time="4.542" />
  <testcase classname="GL code moudle" name="delete GL code" time="9.012" />
 </testsuite>
 <testsuite name="Identity Provider moudle" timestamp="2020-11-02T11:26:22" hostname="localhost" time="34.581" errors="0" tests="7" skipped="0" disabled="0" failures="0">
  <testcase classname="Identity Provider moudle" name="Open Identity Provider module" time="6.862" />
  <testcase classname="Identity Provider moudle" name="verify that search filter appear on the Identity Provider page" time="0.08" />
  <testcase classname="Identity Provider moudle" name="search Identity Provider by PO name" time="4.749" />
  <testcase classname="Identity Provider moudle" name="search Identity Provider by Inventory_Management name" time="4.492" />
  <testcase classname="Identity Provider moudle" name="search Identity Provider by Inventory Transfer name" time="4.575" />
  <testcase classname="Identity Provider moudle" name="verify that user get redirect to manage pattern on clicking correponding link appear in drop down" time="4.498" />
  <testcase classname="Identity Provider moudle" name="verify that user get redirect to Dashboard on clicking close button appear in drop down" time="9.324" />
 </testsuite>
 <testsuite name="Import Vendor Bill Only Items" timestamp="2020-11-02T11:26:56" hostname="localhost" time="4.862" errors="0" tests="2" skipped="0" disabled="0" failures="0">
  <testcase classname="Import Vendor Bill Only Items" name="Open Import Vendor Bill Only Items module" time="4.773" />
  <testcase classname="Import Vendor Bill Only Items" name="verify that search and status filter appear on the page" time="0.088" />
 </testsuite>
 <testsuite name="Inventory Transactions" timestamp="2020-11-02T11:27:01" hostname="localhost" time="15.703" errors="0" tests="5" skipped="0" disabled="0" failures="0">
  <testcase classname="Inventory Transactions" name="Open Inventory Transactions module" time="4.478" />
  <testcase classname="Inventory Transactions" name="verify that search and status filter appear on the page" time="0.151" />
  <testcase classname="Inventory Transactions" name="search item by description" time="3.816" />
  <testcase classname="Inventory Transactions" name="search item by alias" time="3.644" />
  <testcase classname="Inventory Transactions" name="search item by sku" time="3.614" />
 </testsuite>
 <testsuite name="Invoice Payment Terms" timestamp="2020-11-02T11:27:17" hostname="localhost" time="24.318" errors="0" tests="6" skipped="0" disabled="0" failures="1">
  <testcase classname="Invoice Payment Terms" name="Open Invoice Payment Terms module" time="4.453" />
  <testcase classname="Invoice Payment Terms" name="verify that search and facility fiter with search and add button appear on the page" time="0.064" />
  <testcase classname="Invoice Payment Terms" name="add new payment term" time="13.3" />
  <testcase classname="Invoice Payment Terms" name="search newly created payment term by name" time="2.357" />
  <testcase classname="Invoice Payment Terms" name="update the newly special instruction" time="3.937" />
  <testcase classname="Invoice Payment Terms" name="delete newly created special instruction" time="0.207">
   <failure type="exception" message="Failed: stale element reference: element is not attached to the page document
  (Session info: chrome=86.0.4240.111)
For documentation on this error, please visit: https://www.seleniumhq.org/exceptions/stale_element_reference.html
Build info: version: &apos;3.141.59&apos;, revision: &apos;e82be7d358&apos;, time: &apos;2018-11-14T08:25:53&apos;
System info: host: &apos;LAPTOP-QSN8IM2G&apos;, ip: &apos;192.168.1.12&apos;, os.name: &apos;Windows 10&apos;, os.arch: &apos;amd64&apos;, os.version: &apos;10.0&apos;, java.version: &apos;11&apos;
Driver info: driver.version: unknown"><![CDATA[StaleElementReferenceError: stale element reference: element is not attached to the page document
  (Session info: chrome=86.0.4240.111)
For documentation on this error, please visit: https://www.seleniumhq.org/exceptions/stale_element_reference.html
Build info: version: '3.141.59', revision: 'e82be7d358', time: '2018-11-14T08:25:53'
System info: host: 'LAPTOP-QSN8IM2G', ip: '192.168.1.12', os.name: 'Windows 10', os.arch: 'amd64', os.version: '10.0', java.version: '11'
Driver info: driver.version: unknown
    at Object.checkLegacyResponse (C:\Users\sandy\AppData\Roaming\npm\node_modules\protractor\node_modules\selenium-webdriver\lib\error.js:546:15)
    at parseHttpResponse (C:\Users\sandy\AppData\Roaming\npm\node_modules\protractor\node_modules\selenium-webdriver\lib\http.js:509:13)
    at C:\Users\sandy\AppData\Roaming\npm\node_modules\protractor\node_modules\selenium-webdriver\lib\http.js:441:30
    at runMicrotasks (<anonymous>)
    at processTicksAndRejections (internal/process/task_queues.js:97:5)
From: Task: WebElement.click()
    at thenableWebDriverProxy.schedule (C:\Users\sandy\AppData\Roaming\npm\node_modules\protractor\node_modules\selenium-webdriver\lib\webdriver.js:807:17)
    at WebElement.schedule_ (C:\Users\sandy\AppData\Roaming\npm\node_modules\protractor\node_modules\selenium-webdriver\lib\webdriver.js:2010:25)
    at WebElement.click (C:\Users\sandy\AppData\Roaming\npm\node_modules\protractor\node_modules\selenium-webdriver\lib\webdriver.js:2092:17)
    at actionFn (C:\Users\sandy\AppData\Roaming\npm\node_modules\protractor\built\element.js:89:44)
    at Array.map (<anonymous>)
    at C:\Users\sandy\AppData\Roaming\npm\node_modules\protractor\built\element.js:461:65
    at ManagedPromise.invokeCallback_ (C:\Users\sandy\AppData\Roaming\npm\node_modules\protractor\node_modules\selenium-webdriver\lib\promise.js:1376:14)
    at TaskQueue.execute_ (C:\Users\sandy\AppData\Roaming\npm\node_modules\protractor\node_modules\selenium-webdriver\lib\promise.js:3084:14)
    at TaskQueue.executeNext_ (C:\Users\sandy\AppData\Roaming\npm\node_modules\protractor\node_modules\selenium-webdriver\lib\promise.js:3067:27)
    at C:\Users\sandy\AppData\Roaming\npm\node_modules\protractor\node_modules\selenium-webdriver\lib\promise.js:2927:27Error
    at ElementArrayFinder.applyAction_ (C:\Users\sandy\AppData\Roaming\npm\node_modules\protractor\built\element.js:459:27)
    at ElementArrayFinder.<computed> [as click] (C:\Users\sandy\AppData\Roaming\npm\node_modules\protractor\built\element.js:91:29)
    at ElementFinder.<computed> [as click] (C:\Users\sandy\AppData\Roaming\npm\node_modules\protractor\built\element.js:831:22)
    at UserContext.<anonymous> (F:\protractor\Hybrent3.2RC4\Testcases\Admin_section\Invoice_payment_term.js:55:62)
    at C:\Users\sandy\AppData\Roaming\npm\node_modules\protractor\node_modules\jasminewd2\index.js:112:25
    at new ManagedPromise (C:\Users\sandy\AppData\Roaming\npm\node_modules\protractor\node_modules\selenium-webdriver\lib\promise.js:1077:7)
    at ControlFlow.promise (C:\Users\sandy\AppData\Roaming\npm\node_modules\protractor\node_modules\selenium-webdriver\lib\promise.js:2505:12)
    at schedulerExecute (C:\Users\sandy\AppData\Roaming\npm\node_modules\protractor\node_modules\jasminewd2\index.js:95:18)
    at TaskQueue.execute_ (C:\Users\sandy\AppData\Roaming\npm\node_modules\protractor\node_modules\selenium-webdriver\lib\promise.js:3084:14)
    at TaskQueue.executeNext_ (C:\Users\sandy\AppData\Roaming\npm\node_modules\protractor\node_modules\selenium-webdriver\lib\promise.js:3067:27)
From: Task: Run it("delete newly created special instruction") in control flow
    at UserContext.<anonymous> (C:\Users\sandy\AppData\Roaming\npm\node_modules\protractor\node_modules\jasminewd2\index.js:94:19)
    at attempt (C:\Users\sandy\AppData\Roaming\npm\node_modules\protractor\node_modules\jasmine-core\lib\jasmine-core\jasmine.js:4297:26)
    at QueueRunner.run (C:\Users\sandy\AppData\Roaming\npm\node_modules\protractor\node_modules\jasmine-core\lib\jasmine-core\jasmine.js:4217:20)
    at QueueRunner.execute (C:\Users\sandy\AppData\Roaming\npm\node_modules\protractor\node_modules\jasmine-core\lib\jasmine-core\jasmine.js:4199:10)
    at Spec.queueRunnerFactory (C:\Users\sandy\AppData\Roaming\npm\node_modules\protractor\node_modules\jasmine-core\lib\jasmine-core\jasmine.js:909:35)
    at Spec.execute (C:\Users\sandy\AppData\Roaming\npm\node_modules\protractor\node_modules\jasmine-core\lib\jasmine-core\jasmine.js:526:10)
    at UserContext.fn (C:\Users\sandy\AppData\Roaming\npm\node_modules\protractor\node_modules\jasmine-core\lib\jasmine-core\jasmine.js:5340:37)
    at attempt (C:\Users\sandy\AppData\Roaming\npm\node_modules\protractor\node_modules\jasmine-core\lib\jasmine-core\jasmine.js:4297:26)
    at QueueRunner.run (C:\Users\sandy\AppData\Roaming\npm\node_modules\protractor\node_modules\jasmine-core\lib\jasmine-core\jasmine.js:4217:20)
    at runNext (C:\Users\sandy\AppData\Roaming\npm\node_modules\protractor\node_modules\jasmine-core\lib\jasmine-core\jasmine.js:4257:20)
From asynchronous test: 
Error
    at Suite.<anonymous> (F:\protractor\Hybrent3.2RC4\Testcases\Admin_section\Invoice_payment_term.js:54:3)
    at addSpecsToSuite (C:\Users\sandy\AppData\Roaming\npm\node_modules\protractor\node_modules\jasmine-core\lib\jasmine-core\jasmine.js:1107:25)
    at Env.describe (C:\Users\sandy\AppData\Roaming\npm\node_modules\protractor\node_modules\jasmine-core\lib\jasmine-core\jasmine.js:1074:7)
    at describe (C:\Users\sandy\AppData\Roaming\npm\node_modules\protractor\node_modules\jasmine-core\lib\jasmine-core\jasmine.js:4399:18)
    at Object.<anonymous> (F:\protractor\Hybrent3.2RC4\Testcases\Admin_section\Invoice_payment_term.js:1:1)
    at Module._compile (internal/modules/cjs/loader.js:1158:30)
    at Object.Module._extensions..js (internal/modules/cjs/loader.js:1178:10)
    at Module.load (internal/modules/cjs/loader.js:1002:32)
    at Function.Module._load (internal/modules/cjs/loader.js:901:14)]]>
   </failure>
  </testcase>
 </testsuite>
 <testsuite name="Item Categories" timestamp="2020-11-02T11:27:41" hostname="localhost" time="41.94" errors="0" tests="7" skipped="0" disabled="0" failures="0">
  <testcase classname="Item Categories" name="Open Item Categories module" time="5.785" />
  <testcase classname="Item Categories" name="verify that search and status filter appear on the page" time="0.026" />
  <testcase classname="Item Categories" name="add new Category" time="5.987" />
  <testcase classname="Item Categories" name="search newly created category" time="2.798" />
  <testcase classname="Item Categories" name="update newly created category" time="7.14" />
  <testcase classname="Item Categories" name="verify that on clicking category name user get redirect to item master page" time="7.682" />
  <testcase classname="Item Categories" name="delete newly create category" time="12.507" />
 </testsuite>
 <testsuite name="Items Change Log" timestamp="2020-11-02T11:28:23" hostname="localhost" time="18.775" errors="0" tests="5" skipped="0" disabled="0" failures="0">
  <testcase classname="Items Change Log" name="Open Items Change Log module" time="4.622" />
  <testcase classname="Items Change Log" name="verify that search and status filter appear on the page" time="0.064" />
  <testcase classname="Items Change Log" name="search item by description" time="5.93" />
  <testcase classname="Items Change Log" name="search item by alias" time="4.616" />
  <testcase classname="Items Change Log" name="search item by sku" time="3.543" />
 </testsuite>
 <testsuite name="Link item" timestamp="2020-11-02T11:28:42" hostname="localhost" time="52.94" errors="0" tests="8" skipped="0" disabled="0" failures="0">
  <testcase classname="Link item" name="Open link item module" time="4.573" />
  <testcase classname="Link item" name="verify that search and status filter appear on the page" time="0.058" />
  <testcase classname="Link item" name="verify that user is able to create new link item" time="16.549" />
  <testcase classname="Link item" name="search newly created link item by description" time="4.549" />
  <testcase classname="Link item" name="search newly created link item by linkitem key" time="4.514" />
  <testcase classname="Link item" name="search newly created link item by alias" time="4.583" />
  <testcase classname="Link item" name="update link item" time="8.898" />
  <testcase classname="Link item" name="delete link item" time="9.215" />
 </testsuite>
 <testsuite name="Manage pattern" timestamp="2020-11-02T11:29:35" hostname="localhost" time="28.72" errors="0" tests="3" skipped="0" disabled="0" failures="0">
  <testcase classname="Manage pattern" name="Open manage pattern module" time="4.68" />
  <testcase classname="Manage pattern" name="Add new pattern" time="17.225" />
  <testcase classname="Manage pattern" name="Delete newly added pattern" time="6.815" />
 </testsuite>
 <testsuite name="Manufacturer" timestamp="2020-11-02T11:30:03" hostname="localhost" time="4.674" errors="0" tests="2" skipped="0" disabled="0" failures="0">
  <testcase classname="Manufacturer" name="Open Manfacturer module" time="4.608" />
  <testcase classname="Manufacturer" name="verify that search filter and search button appear on the page" time="0.066" />
 </testsuite>
 <testsuite name="News module" timestamp="2020-11-02T11:30:08" hostname="localhost" time="36.035" errors="0" tests="6" skipped="0" disabled="0" failures="1">
  <testcase classname="News module" name="Open News module" time="4.618" />
  <testcase classname="News module" name="verify that search filter appear on the News detail page" time="0.097" />
  <testcase classname="News module" name="Add new News" time="12.69">
   <failure type="exception" message="Failed: No element found using locator: By(css selector, .toast-message)"><![CDATA[NoSuchElementError: No element found using locator: By(css selector, .toast-message)
    at C:\Users\sandy\AppData\Roaming\npm\node_modules\protractor\built\element.js:814:27
    at ManagedPromise.invokeCallback_ (C:\Users\sandy\AppData\Roaming\npm\node_modules\protractor\node_modules\selenium-webdriver\lib\promise.js:1376:14)
    at TaskQueue.execute_ (C:\Users\sandy\AppData\Roaming\npm\node_modules\protractor\node_modules\selenium-webdriver\lib\promise.js:3084:14)
    at TaskQueue.executeNext_ (C:\Users\sandy\AppData\Roaming\npm\node_modules\protractor\node_modules\selenium-webdriver\lib\promise.js:3067:27)
    at C:\Users\sandy\AppData\Roaming\npm\node_modules\protractor\node_modules\selenium-webdriver\lib\promise.js:2927:27
    at C:\Users\sandy\AppData\Roaming\npm\node_modules\protractor\node_modules\selenium-webdriver\lib\promise.js:668:7
    at runMicrotasks (<anonymous>)
    at processTicksAndRejections (internal/process/task_queues.js:97:5)Error
    at ElementArrayFinder.applyAction_ (C:\Users\sandy\AppData\Roaming\npm\node_modules\protractor\built\element.js:459:27)
    at ElementArrayFinder.<computed> [as getText] (C:\Users\sandy\AppData\Roaming\npm\node_modules\protractor\built\element.js:91:29)
    at ElementFinder.<computed> [as getText] (C:\Users\sandy\AppData\Roaming\npm\node_modules\protractor\built\element.js:831:22)
    at UserContext.<anonymous> (F:\protractor\Hybrent3.2RC4\Testcases\Admin_section\News.js:38:32)
    at C:\Users\sandy\AppData\Roaming\npm\node_modules\protractor\node_modules\jasminewd2\index.js:112:25
    at new ManagedPromise (C:\Users\sandy\AppData\Roaming\npm\node_modules\protractor\node_modules\selenium-webdriver\lib\promise.js:1077:7)
    at ControlFlow.promise (C:\Users\sandy\AppData\Roaming\npm\node_modules\protractor\node_modules\selenium-webdriver\lib\promise.js:2505:12)
    at schedulerExecute (C:\Users\sandy\AppData\Roaming\npm\node_modules\protractor\node_modules\jasminewd2\index.js:95:18)
    at TaskQueue.execute_ (C:\Users\sandy\AppData\Roaming\npm\node_modules\protractor\node_modules\selenium-webdriver\lib\promise.js:3084:14)
    at TaskQueue.executeNext_ (C:\Users\sandy\AppData\Roaming\npm\node_modules\protractor\node_modules\selenium-webdriver\lib\promise.js:3067:27)
From: Task: Run it("Add new News") in control flow
    at UserContext.<anonymous> (C:\Users\sandy\AppData\Roaming\npm\node_modules\protractor\node_modules\jasminewd2\index.js:94:19)
    at attempt (C:\Users\sandy\AppData\Roaming\npm\node_modules\protractor\node_modules\jasmine-core\lib\jasmine-core\jasmine.js:4297:26)
    at QueueRunner.run (C:\Users\sandy\AppData\Roaming\npm\node_modules\protractor\node_modules\jasmine-core\lib\jasmine-core\jasmine.js:4217:20)
    at QueueRunner.execute (C:\Users\sandy\AppData\Roaming\npm\node_modules\protractor\node_modules\jasmine-core\lib\jasmine-core\jasmine.js:4199:10)
    at Spec.queueRunnerFactory (C:\Users\sandy\AppData\Roaming\npm\node_modules\protractor\node_modules\jasmine-core\lib\jasmine-core\jasmine.js:909:35)
    at Spec.execute (C:\Users\sandy\AppData\Roaming\npm\node_modules\protractor\node_modules\jasmine-core\lib\jasmine-core\jasmine.js:526:10)
    at UserContext.fn (C:\Users\sandy\AppData\Roaming\npm\node_modules\protractor\node_modules\jasmine-core\lib\jasmine-core\jasmine.js:5340:37)
    at attempt (C:\Users\sandy\AppData\Roaming\npm\node_modules\protractor\node_modules\jasmine-core\lib\jasmine-core\jasmine.js:4297:26)
    at QueueRunner.run (C:\Users\sandy\AppData\Roaming\npm\node_modules\protractor\node_modules\jasmine-core\lib\jasmine-core\jasmine.js:4217:20)
    at runNext (C:\Users\sandy\AppData\Roaming\npm\node_modules\protractor\node_modules\jasmine-core\lib\jasmine-core\jasmine.js:4257:20)
From asynchronous test: 
Error
    at Suite.<anonymous> (F:\protractor\Hybrent3.2RC4\Testcases\Admin_section\News.js:24:3)
    at addSpecsToSuite (C:\Users\sandy\AppData\Roaming\npm\node_modules\protractor\node_modules\jasmine-core\lib\jasmine-core\jasmine.js:1107:25)
    at Env.describe (C:\Users\sandy\AppData\Roaming\npm\node_modules\protractor\node_modules\jasmine-core\lib\jasmine-core\jasmine.js:1074:7)
    at describe (C:\Users\sandy\AppData\Roaming\npm\node_modules\protractor\node_modules\jasmine-core\lib\jasmine-core\jasmine.js:4399:18)
    at Object.<anonymous> (F:\protractor\Hybrent3.2RC4\Testcases\Admin_section\News.js:1:1)
    at Module._compile (internal/modules/cjs/loader.js:1158:30)
    at Object.Module._extensions..js (internal/modules/cjs/loader.js:1178:10)
    at Module.load (internal/modules/cjs/loader.js:1002:32)
    at Function.Module._load (internal/modules/cjs/loader.js:901:14)]]>
   </failure>
  </testcase>
  <testcase classname="News module" name="verify that user is able to search news by title" time="4.369" />
  <testcase classname="News module" name="verify that user is able to edit the newly created news" time="7.001" />
  <testcase classname="News module" name="verify that user can delete newly created news" time="7.259" />
 </testsuite>
 <testsuite name="Payor Code" timestamp="2020-11-02T11:30:44" hostname="localhost" time="29.842" errors="0" tests="5" skipped="1" disabled="0" failures="0">
  <testcase classname="Payor Code" name="Open Payor Code module" time="4.48" />
  <testcase classname="Payor Code" name="verify that search filter with facility list and search button appear on the Payor Code page" time="2.099" />
  <testcase classname="Payor Code" name="add new Payor Code" time="12.321" />
  <testcase classname="Payor Code" name="search newly created Payor Code by given name and code" time="10.94" />
  <testcase classname="Payor Code" name="delete newly created Payor Code" time="0.001">
   <skipped message="Temporarily disabled with xit" />
  </testcase>
 </testsuite>
 <testsuite name="PO special instruction" timestamp="2020-11-02T11:31:14" hostname="localhost" time="21.675" errors="0" tests="6" skipped="0" disabled="0" failures="0">
  <testcase classname="PO special instruction" name="Open PO Special instruction module" time="4.448" />
  <testcase classname="PO special instruction" name="verify that search and facility fiter with search and add button appear on the page" time="0.068" />
  <testcase classname="PO special instruction" name="add new instruction" time="4.71" />
  <testcase classname="PO special instruction" name="search newly created instruction by name" time="4.484" />
  <testcase classname="PO special instruction" name="update the newly special instruction" time="4.48" />
  <testcase classname="PO special instruction" name="delete newly created special instruction" time="3.485" />
 </testsuite>
 <testsuite name="Practice Type" timestamp="2020-11-02T11:31:36" hostname="localhost" time="30.38" errors="0" tests="6" skipped="0" disabled="0" failures="0">
  <testcase classname="Practice Type" name="Open Practice Type module" time="4.43" />
  <testcase classname="Practice Type" name="verify that search by care type filter and status drop appear on the page" time="0.063" />
  <testcase classname="Practice Type" name="add new Practice Type" time="9.149" />
  <testcase classname="Practice Type" name="search newly created Practice Type" time="6.701" />
  <testcase classname="Practice Type" name="update newly created Practice Type" time="5.553" />
  <testcase classname="Practice Type" name="delete newly created Practice Type" time="4.484" />
 </testsuite>
 <testsuite name="Price Tier Setup module" timestamp="2020-11-02T11:32:06" hostname="localhost" time="0.005" errors="0" tests="9" skipped="0" disabled="9" failures="0">
  <testcase classname="Price Tier Setup module" name="Open Price Tier Setup module" time="0.005">
   <skipped />
  </testcase>
  <testcase classname="Price Tier Setup module" name="verify that search filter appear on price tier setup listing page" time="0">
   <skipped />
  </testcase>
  <testcase classname="Price Tier Setup module" name="Verify that user is able to add new price tier" time="0">
   <skipped />
  </testcase>
  <testcase classname="Price Tier Setup module" name="Search newly created price tier by name" time="0">
   <skipped />
  </testcase>
  <testcase classname="Price Tier Setup module" name="set newly created price tier with vendor" time="0">
   <skipped />
  </testcase>
  <testcase classname="Price Tier Setup module" name="verify that user is not able to delete mapped price tier" time="0">
   <skipped />
  </testcase>
  <testcase classname="Price Tier Setup module" name="add a new price tier to check edit and delete functionality" time="0">
   <skipped />
  </testcase>
  <testcase classname="Price Tier Setup module" name="verify that user is able to edit and update newly edit price tier" time="0">
   <skipped />
  </testcase>
  <testcase classname="Price Tier Setup module" name="verify that user is able to delete newly created price tier" time="0">
   <skipped />
  </testcase>
 </testsuite>
 <testsuite name="Print Barcodes/QRCodes" timestamp="2020-11-02T11:32:06" hostname="localhost" time="33.177" errors="0" tests="7" skipped="0" disabled="0" failures="4">
  <testcase classname="Print Barcodes/QRCodes" name="Open Print Barcodes/QRCodes module" time="4.525" />
  <testcase classname="Print Barcodes/QRCodes" name="verify that search and status filter appear on the page" time="0.094" />
  <testcase classname="Print Barcodes/QRCodes" name="verify the user is able to select user default inventory in inventory drop down" time="11.461">
   <failure type="exception" message="Failed: javascript error: Cannot read property &apos;nodeType&apos; of null
  (Session info: chrome=86.0.4240.111)
Build info: version: &apos;3.141.59&apos;, revision: &apos;e82be7d358&apos;, time: &apos;2018-11-14T08:25:53&apos;
System info: host: &apos;LAPTOP-QSN8IM2G&apos;, ip: &apos;192.168.1.12&apos;, os.name: &apos;Windows 10&apos;, os.arch: &apos;amd64&apos;, os.version: &apos;10.0&apos;, java.version: &apos;11&apos;
Driver info: driver.version: unknown"><![CDATA[JavascriptError: javascript error: Cannot read property 'nodeType' of null
  (Session info: chrome=86.0.4240.111)
Build info: version: '3.141.59', revision: 'e82be7d358', time: '2018-11-14T08:25:53'
System info: host: 'LAPTOP-QSN8IM2G', ip: '192.168.1.12', os.name: 'Windows 10', os.arch: 'amd64', os.version: '10.0', java.version: '11'
Driver info: driver.version: unknown
    at Object.checkLegacyResponse (C:\Users\sandy\AppData\Roaming\npm\node_modules\protractor\node_modules\selenium-webdriver\lib\error.js:546:15)
    at parseHttpResponse (C:\Users\sandy\AppData\Roaming\npm\node_modules\protractor\node_modules\selenium-webdriver\lib\http.js:509:13)
    at C:\Users\sandy\AppData\Roaming\npm\node_modules\protractor\node_modules\selenium-webdriver\lib\http.js:441:30
    at processTicksAndRejections (internal/process/task_queues.js:97:5)
From: Task: WebDriver.executeScript()
    at thenableWebDriverProxy.schedule (C:\Users\sandy\AppData\Roaming\npm\node_modules\protractor\node_modules\selenium-webdriver\lib\webdriver.js:807:17)
    at thenableWebDriverProxy.executeScript (C:\Users\sandy\AppData\Roaming\npm\node_modules\protractor\node_modules\selenium-webdriver\lib\webdriver.js:878:16)
    at C:\Users\sandy\AppData\Roaming\npm\node_modules\protractor\node_modules\selenium-webdriver\lib\by.js:191:35
    at C:\Users\sandy\AppData\Roaming\npm\node_modules\protractor\node_modules\selenium-webdriver\lib\webdriver.js:1068:28
    at C:\Users\sandy\AppData\Roaming\npm\node_modules\protractor\node_modules\selenium-webdriver\lib\webdriver.js:907:19
    at ManagedPromise.invokeCallback_ (C:\Users\sandy\AppData\Roaming\npm\node_modules\protractor\node_modules\selenium-webdriver\lib\promise.js:1376:14)
    at TaskQueue.execute_ (C:\Users\sandy\AppData\Roaming\npm\node_modules\protractor\node_modules\selenium-webdriver\lib\promise.js:3084:14)
    at TaskQueue.executeNext_ (C:\Users\sandy\AppData\Roaming\npm\node_modules\protractor\node_modules\selenium-webdriver\lib\promise.js:3067:27)
    at C:\Users\sandy\AppData\Roaming\npm\node_modules\protractor\node_modules\selenium-webdriver\lib\promise.js:2974:25
    at C:\Users\sandy\AppData\Roaming\npm\node_modules\protractor\node_modules\selenium-webdriver\lib\promise.js:668:7
From: Task: WebDriver.call(function)
    at thenableWebDriverProxy.call (C:\Users\sandy\AppData\Roaming\npm\node_modules\protractor\node_modules\selenium-webdriver\lib\webdriver.js:901:23)
    at thenableWebDriverProxy.findElementsInternal_ (C:\Users\sandy\AppData\Roaming\npm\node_modules\protractor\node_modules\selenium-webdriver\lib\webdriver.js:1068:17)
    at thenableWebDriverProxy.findElements (C:\Users\sandy\AppData\Roaming\npm\node_modules\protractor\node_modules\selenium-webdriver\lib\webdriver.js:1043:19)
    at Object.findElementsOverride (C:\Users\sandy\AppData\Roaming\npm\node_modules\protractor\built\locators.js:236:31)
    at C:\Users\sandy\AppData\Roaming\npm\node_modules\protractor\built\element.js:156:40
    at ManagedPromise.invokeCallback_ (C:\Users\sandy\AppData\Roaming\npm\node_modules\protractor\node_modules\selenium-webdriver\lib\promise.js:1376:14)
    at TaskQueue.execute_ (C:\Users\sandy\AppData\Roaming\npm\node_modules\protractor\node_modules\selenium-webdriver\lib\promise.js:3084:14)
    at TaskQueue.executeNext_ (C:\Users\sandy\AppData\Roaming\npm\node_modules\protractor\node_modules\selenium-webdriver\lib\promise.js:3067:27)
    at C:\Users\sandy\AppData\Roaming\npm\node_modules\protractor\node_modules\selenium-webdriver\lib\promise.js:2927:27
    at C:\Users\sandy\AppData\Roaming\npm\node_modules\protractor\node_modules\selenium-webdriver\lib\promise.js:668:7
From: Task: Run it("verify the user is able to select user default inventory in inventory drop down") in control flow
    at UserContext.<anonymous> (C:\Users\sandy\AppData\Roaming\npm\node_modules\protractor\node_modules\jasminewd2\index.js:94:19)
    at attempt (C:\Users\sandy\AppData\Roaming\npm\node_modules\protractor\node_modules\jasmine-core\lib\jasmine-core\jasmine.js:4297:26)
    at QueueRunner.run (C:\Users\sandy\AppData\Roaming\npm\node_modules\protractor\node_modules\jasmine-core\lib\jasmine-core\jasmine.js:4217:20)
    at QueueRunner.execute (C:\Users\sandy\AppData\Roaming\npm\node_modules\protractor\node_modules\jasmine-core\lib\jasmine-core\jasmine.js:4199:10)
    at Spec.queueRunnerFactory (C:\Users\sandy\AppData\Roaming\npm\node_modules\protractor\node_modules\jasmine-core\lib\jasmine-core\jasmine.js:909:35)
    at Spec.execute (C:\Users\sandy\AppData\Roaming\npm\node_modules\protractor\node_modules\jasmine-core\lib\jasmine-core\jasmine.js:526:10)
    at UserContext.fn (C:\Users\sandy\AppData\Roaming\npm\node_modules\protractor\node_modules\jasmine-core\lib\jasmine-core\jasmine.js:5340:37)
    at attempt (C:\Users\sandy\AppData\Roaming\npm\node_modules\protractor\node_modules\jasmine-core\lib\jasmine-core\jasmine.js:4297:26)
    at QueueRunner.run (C:\Users\sandy\AppData\Roaming\npm\node_modules\protractor\node_modules\jasmine-core\lib\jasmine-core\jasmine.js:4217:20)
    at runNext (C:\Users\sandy\AppData\Roaming\npm\node_modules\protractor\node_modules\jasmine-core\lib\jasmine-core\jasmine.js:4257:20)
From asynchronous test: 
Error
    at Suite.<anonymous> (F:\protractor\Hybrent3.2RC4\Testcases\Admin_section\PrintBarcode_qrcode.js:27:3)
    at addSpecsToSuite (C:\Users\sandy\AppData\Roaming\npm\node_modules\protractor\node_modules\jasmine-core\lib\jasmine-core\jasmine.js:1107:25)
    at Env.describe (C:\Users\sandy\AppData\Roaming\npm\node_modules\protractor\node_modules\jasmine-core\lib\jasmine-core\jasmine.js:1074:7)
    at describe (C:\Users\sandy\AppData\Roaming\npm\node_modules\protractor\node_modules\jasmine-core\lib\jasmine-core\jasmine.js:4399:18)
    at Object.<anonymous> (F:\protractor\Hybrent3.2RC4\Testcases\Admin_section\PrintBarcode_qrcode.js:1:1)
    at Module._compile (internal/modules/cjs/loader.js:1158:30)
    at Object.Module._extensions..js (internal/modules/cjs/loader.js:1178:10)
    at Module.load (internal/modules/cjs/loader.js:1002:32)
    at Function.Module._load (internal/modules/cjs/loader.js:901:14)]]>
   </failure>
  </testcase>
  <testcase classname="Print Barcodes/QRCodes" name="search item by description" time="4.189">
   <failure type="exception" message="Failed: javascript error: Cannot read property &apos;nodeType&apos; of null
  (Session info: chrome=86.0.4240.111)
Build info: version: &apos;3.141.59&apos;, revision: &apos;e82be7d358&apos;, time: &apos;2018-11-14T08:25:53&apos;
System info: host: &apos;LAPTOP-QSN8IM2G&apos;, ip: &apos;192.168.1.12&apos;, os.name: &apos;Windows 10&apos;, os.arch: &apos;amd64&apos;, os.version: &apos;10.0&apos;, java.version: &apos;11&apos;
Driver info: driver.version: unknown"><![CDATA[JavascriptError: javascript error: Cannot read property 'nodeType' of null
  (Session info: chrome=86.0.4240.111)
Build info: version: '3.141.59', revision: 'e82be7d358', time: '2018-11-14T08:25:53'
System info: host: 'LAPTOP-QSN8IM2G', ip: '192.168.1.12', os.name: 'Windows 10', os.arch: 'amd64', os.version: '10.0', java.version: '11'
Driver info: driver.version: unknown
    at Object.checkLegacyResponse (C:\Users\sandy\AppData\Roaming\npm\node_modules\protractor\node_modules\selenium-webdriver\lib\error.js:546:15)
    at parseHttpResponse (C:\Users\sandy\AppData\Roaming\npm\node_modules\protractor\node_modules\selenium-webdriver\lib\http.js:509:13)
    at C:\Users\sandy\AppData\Roaming\npm\node_modules\protractor\node_modules\selenium-webdriver\lib\http.js:441:30
    at processTicksAndRejections (internal/process/task_queues.js:97:5)
From: Task: WebDriver.executeScript()
    at thenableWebDriverProxy.schedule (C:\Users\sandy\AppData\Roaming\npm\node_modules\protractor\node_modules\selenium-webdriver\lib\webdriver.js:807:17)
    at thenableWebDriverProxy.executeScript (C:\Users\sandy\AppData\Roaming\npm\node_modules\protractor\node_modules\selenium-webdriver\lib\webdriver.js:878:16)
    at C:\Users\sandy\AppData\Roaming\npm\node_modules\protractor\node_modules\selenium-webdriver\lib\by.js:191:35
    at C:\Users\sandy\AppData\Roaming\npm\node_modules\protractor\node_modules\selenium-webdriver\lib\webdriver.js:1068:28
    at C:\Users\sandy\AppData\Roaming\npm\node_modules\protractor\node_modules\selenium-webdriver\lib\webdriver.js:907:19
    at ManagedPromise.invokeCallback_ (C:\Users\sandy\AppData\Roaming\npm\node_modules\protractor\node_modules\selenium-webdriver\lib\promise.js:1376:14)
    at TaskQueue.execute_ (C:\Users\sandy\AppData\Roaming\npm\node_modules\protractor\node_modules\selenium-webdriver\lib\promise.js:3084:14)
    at TaskQueue.executeNext_ (C:\Users\sandy\AppData\Roaming\npm\node_modules\protractor\node_modules\selenium-webdriver\lib\promise.js:3067:27)
    at C:\Users\sandy\AppData\Roaming\npm\node_modules\protractor\node_modules\selenium-webdriver\lib\promise.js:2974:25
    at C:\Users\sandy\AppData\Roaming\npm\node_modules\protractor\node_modules\selenium-webdriver\lib\promise.js:668:7
From: Task: WebDriver.call(function)
    at thenableWebDriverProxy.call (C:\Users\sandy\AppData\Roaming\npm\node_modules\protractor\node_modules\selenium-webdriver\lib\webdriver.js:901:23)
    at thenableWebDriverProxy.findElementsInternal_ (C:\Users\sandy\AppData\Roaming\npm\node_modules\protractor\node_modules\selenium-webdriver\lib\webdriver.js:1068:17)
    at thenableWebDriverProxy.findElements (C:\Users\sandy\AppData\Roaming\npm\node_modules\protractor\node_modules\selenium-webdriver\lib\webdriver.js:1043:19)
    at Object.findElementsOverride (C:\Users\sandy\AppData\Roaming\npm\node_modules\protractor\built\locators.js:236:31)
    at C:\Users\sandy\AppData\Roaming\npm\node_modules\protractor\built\element.js:156:40
    at ManagedPromise.invokeCallback_ (C:\Users\sandy\AppData\Roaming\npm\node_modules\protractor\node_modules\selenium-webdriver\lib\promise.js:1376:14)
    at TaskQueue.execute_ (C:\Users\sandy\AppData\Roaming\npm\node_modules\protractor\node_modules\selenium-webdriver\lib\promise.js:3084:14)
    at TaskQueue.executeNext_ (C:\Users\sandy\AppData\Roaming\npm\node_modules\protractor\node_modules\selenium-webdriver\lib\promise.js:3067:27)
    at C:\Users\sandy\AppData\Roaming\npm\node_modules\protractor\node_modules\selenium-webdriver\lib\promise.js:2927:27
    at C:\Users\sandy\AppData\Roaming\npm\node_modules\protractor\node_modules\selenium-webdriver\lib\promise.js:668:7Error
    at ElementArrayFinder.applyAction_ (C:\Users\sandy\AppData\Roaming\npm\node_modules\protractor\built\element.js:459:27)
    at ElementArrayFinder.<computed> [as getText] (C:\Users\sandy\AppData\Roaming\npm\node_modules\protractor\built\element.js:91:29)
    at ElementFinder.<computed> [as getText] (C:\Users\sandy\AppData\Roaming\npm\node_modules\protractor\built\element.js:831:22)
    at UserContext.<anonymous> (F:\protractor\Hybrent3.2RC4\Testcases\Admin_section\PrintBarcode_qrcode.js:58:43)
    at C:\Users\sandy\AppData\Roaming\npm\node_modules\protractor\node_modules\jasminewd2\index.js:112:25
    at new ManagedPromise (C:\Users\sandy\AppData\Roaming\npm\node_modules\protractor\node_modules\selenium-webdriver\lib\promise.js:1077:7)
    at ControlFlow.promise (C:\Users\sandy\AppData\Roaming\npm\node_modules\protractor\node_modules\selenium-webdriver\lib\promise.js:2505:12)
    at schedulerExecute (C:\Users\sandy\AppData\Roaming\npm\node_modules\protractor\node_modules\jasminewd2\index.js:95:18)
    at TaskQueue.execute_ (C:\Users\sandy\AppData\Roaming\npm\node_modules\protractor\node_modules\selenium-webdriver\lib\promise.js:3084:14)
    at TaskQueue.executeNext_ (C:\Users\sandy\AppData\Roaming\npm\node_modules\protractor\node_modules\selenium-webdriver\lib\promise.js:3067:27)
From: Task: Run it("search item by description") in control flow
    at UserContext.<anonymous> (C:\Users\sandy\AppData\Roaming\npm\node_modules\protractor\node_modules\jasminewd2\index.js:94:19)
    at attempt (C:\Users\sandy\AppData\Roaming\npm\node_modules\protractor\node_modules\jasmine-core\lib\jasmine-core\jasmine.js:4297:26)
    at QueueRunner.run (C:\Users\sandy\AppData\Roaming\npm\node_modules\protractor\node_modules\jasmine-core\lib\jasmine-core\jasmine.js:4217:20)
    at QueueRunner.execute (C:\Users\sandy\AppData\Roaming\npm\node_modules\protractor\node_modules\jasmine-core\lib\jasmine-core\jasmine.js:4199:10)
    at Spec.queueRunnerFactory (C:\Users\sandy\AppData\Roaming\npm\node_modules\protractor\node_modules\jasmine-core\lib\jasmine-core\jasmine.js:909:35)
    at Spec.execute (C:\Users\sandy\AppData\Roaming\npm\node_modules\protractor\node_modules\jasmine-core\lib\jasmine-core\jasmine.js:526:10)
    at UserContext.fn (C:\Users\sandy\AppData\Roaming\npm\node_modules\protractor\node_modules\jasmine-core\lib\jasmine-core\jasmine.js:5340:37)
    at attempt (C:\Users\sandy\AppData\Roaming\npm\node_modules\protractor\node_modules\jasmine-core\lib\jasmine-core\jasmine.js:4297:26)
    at QueueRunner.run (C:\Users\sandy\AppData\Roaming\npm\node_modules\protractor\node_modules\jasmine-core\lib\jasmine-core\jasmine.js:4217:20)
    at runNext (C:\Users\sandy\AppData\Roaming\npm\node_modules\protractor\node_modules\jasmine-core\lib\jasmine-core\jasmine.js:4257:20)
From asynchronous test: 
Error
    at Suite.<anonymous> (F:\protractor\Hybrent3.2RC4\Testcases\Admin_section\PrintBarcode_qrcode.js:53:3)
    at addSpecsToSuite (C:\Users\sandy\AppData\Roaming\npm\node_modules\protractor\node_modules\jasmine-core\lib\jasmine-core\jasmine.js:1107:25)
    at Env.describe (C:\Users\sandy\AppData\Roaming\npm\node_modules\protractor\node_modules\jasmine-core\lib\jasmine-core\jasmine.js:1074:7)
    at describe (C:\Users\sandy\AppData\Roaming\npm\node_modules\protractor\node_modules\jasmine-core\lib\jasmine-core\jasmine.js:4399:18)
    at Object.<anonymous> (F:\protractor\Hybrent3.2RC4\Testcases\Admin_section\PrintBarcode_qrcode.js:1:1)
    at Module._compile (internal/modules/cjs/loader.js:1158:30)
    at Object.Module._extensions..js (internal/modules/cjs/loader.js:1178:10)
    at Module.load (internal/modules/cjs/loader.js:1002:32)
    at Function.Module._load (internal/modules/cjs/loader.js:901:14)]]>
   </failure>
  </testcase>
  <testcase classname="Print Barcodes/QRCodes" name="search item by alias" time="3.95">
   <failure type="exception" message="Failed: javascript error: Cannot read property &apos;nodeType&apos; of null
  (Session info: chrome=86.0.4240.111)
Build info: version: &apos;3.141.59&apos;, revision: &apos;e82be7d358&apos;, time: &apos;2018-11-14T08:25:53&apos;
System info: host: &apos;LAPTOP-QSN8IM2G&apos;, ip: &apos;192.168.1.12&apos;, os.name: &apos;Windows 10&apos;, os.arch: &apos;amd64&apos;, os.version: &apos;10.0&apos;, java.version: &apos;11&apos;
Driver info: driver.version: unknown"><![CDATA[JavascriptError: javascript error: Cannot read property 'nodeType' of null
  (Session info: chrome=86.0.4240.111)
Build info: version: '3.141.59', revision: 'e82be7d358', time: '2018-11-14T08:25:53'
System info: host: 'LAPTOP-QSN8IM2G', ip: '192.168.1.12', os.name: 'Windows 10', os.arch: 'amd64', os.version: '10.0', java.version: '11'
Driver info: driver.version: unknown
    at Object.checkLegacyResponse (C:\Users\sandy\AppData\Roaming\npm\node_modules\protractor\node_modules\selenium-webdriver\lib\error.js:546:15)
    at parseHttpResponse (C:\Users\sandy\AppData\Roaming\npm\node_modules\protractor\node_modules\selenium-webdriver\lib\http.js:509:13)
    at C:\Users\sandy\AppData\Roaming\npm\node_modules\protractor\node_modules\selenium-webdriver\lib\http.js:441:30
    at processTicksAndRejections (internal/process/task_queues.js:97:5)
From: Task: WebDriver.executeScript()
    at thenableWebDriverProxy.schedule (C:\Users\sandy\AppData\Roaming\npm\node_modules\protractor\node_modules\selenium-webdriver\lib\webdriver.js:807:17)
    at thenableWebDriverProxy.executeScript (C:\Users\sandy\AppData\Roaming\npm\node_modules\protractor\node_modules\selenium-webdriver\lib\webdriver.js:878:16)
    at C:\Users\sandy\AppData\Roaming\npm\node_modules\protractor\node_modules\selenium-webdriver\lib\by.js:191:35
    at C:\Users\sandy\AppData\Roaming\npm\node_modules\protractor\node_modules\selenium-webdriver\lib\webdriver.js:1068:28
    at C:\Users\sandy\AppData\Roaming\npm\node_modules\protractor\node_modules\selenium-webdriver\lib\webdriver.js:907:19
    at ManagedPromise.invokeCallback_ (C:\Users\sandy\AppData\Roaming\npm\node_modules\protractor\node_modules\selenium-webdriver\lib\promise.js:1376:14)
    at TaskQueue.execute_ (C:\Users\sandy\AppData\Roaming\npm\node_modules\protractor\node_modules\selenium-webdriver\lib\promise.js:3084:14)
    at TaskQueue.executeNext_ (C:\Users\sandy\AppData\Roaming\npm\node_modules\protractor\node_modules\selenium-webdriver\lib\promise.js:3067:27)
    at C:\Users\sandy\AppData\Roaming\npm\node_modules\protractor\node_modules\selenium-webdriver\lib\promise.js:2974:25
    at C:\Users\sandy\AppData\Roaming\npm\node_modules\protractor\node_modules\selenium-webdriver\lib\promise.js:668:7
From: Task: WebDriver.call(function)
    at thenableWebDriverProxy.call (C:\Users\sandy\AppData\Roaming\npm\node_modules\protractor\node_modules\selenium-webdriver\lib\webdriver.js:901:23)
    at thenableWebDriverProxy.findElementsInternal_ (C:\Users\sandy\AppData\Roaming\npm\node_modules\protractor\node_modules\selenium-webdriver\lib\webdriver.js:1068:17)
    at thenableWebDriverProxy.findElements (C:\Users\sandy\AppData\Roaming\npm\node_modules\protractor\node_modules\selenium-webdriver\lib\webdriver.js:1043:19)
    at Object.findElementsOverride (C:\Users\sandy\AppData\Roaming\npm\node_modules\protractor\built\locators.js:236:31)
    at C:\Users\sandy\AppData\Roaming\npm\node_modules\protractor\built\element.js:156:40
    at ManagedPromise.invokeCallback_ (C:\Users\sandy\AppData\Roaming\npm\node_modules\protractor\node_modules\selenium-webdriver\lib\promise.js:1376:14)
    at TaskQueue.execute_ (C:\Users\sandy\AppData\Roaming\npm\node_modules\protractor\node_modules\selenium-webdriver\lib\promise.js:3084:14)
    at TaskQueue.executeNext_ (C:\Users\sandy\AppData\Roaming\npm\node_modules\protractor\node_modules\selenium-webdriver\lib\promise.js:3067:27)
    at C:\Users\sandy\AppData\Roaming\npm\node_modules\protractor\node_modules\selenium-webdriver\lib\promise.js:2927:27
    at C:\Users\sandy\AppData\Roaming\npm\node_modules\protractor\node_modules\selenium-webdriver\lib\promise.js:668:7Error
    at ElementArrayFinder.applyAction_ (C:\Users\sandy\AppData\Roaming\npm\node_modules\protractor\built\element.js:459:27)
    at ElementArrayFinder.<computed> [as getText] (C:\Users\sandy\AppData\Roaming\npm\node_modules\protractor\built\element.js:91:29)
    at ElementFinder.<computed> [as getText] (C:\Users\sandy\AppData\Roaming\npm\node_modules\protractor\built\element.js:831:22)
    at UserContext.<anonymous> (F:\protractor\Hybrent3.2RC4\Testcases\Admin_section\PrintBarcode_qrcode.js:67:43)
    at C:\Users\sandy\AppData\Roaming\npm\node_modules\protractor\node_modules\jasminewd2\index.js:112:25
    at new ManagedPromise (C:\Users\sandy\AppData\Roaming\npm\node_modules\protractor\node_modules\selenium-webdriver\lib\promise.js:1077:7)
    at ControlFlow.promise (C:\Users\sandy\AppData\Roaming\npm\node_modules\protractor\node_modules\selenium-webdriver\lib\promise.js:2505:12)
    at schedulerExecute (C:\Users\sandy\AppData\Roaming\npm\node_modules\protractor\node_modules\jasminewd2\index.js:95:18)
    at TaskQueue.execute_ (C:\Users\sandy\AppData\Roaming\npm\node_modules\protractor\node_modules\selenium-webdriver\lib\promise.js:3084:14)
    at TaskQueue.executeNext_ (C:\Users\sandy\AppData\Roaming\npm\node_modules\protractor\node_modules\selenium-webdriver\lib\promise.js:3067:27)
From: Task: Run it("search item by alias") in control flow
    at UserContext.<anonymous> (C:\Users\sandy\AppData\Roaming\npm\node_modules\protractor\node_modules\jasminewd2\index.js:94:19)
    at attempt (C:\Users\sandy\AppData\Roaming\npm\node_modules\protractor\node_modules\jasmine-core\lib\jasmine-core\jasmine.js:4297:26)
    at QueueRunner.run (C:\Users\sandy\AppData\Roaming\npm\node_modules\protractor\node_modules\jasmine-core\lib\jasmine-core\jasmine.js:4217:20)
    at QueueRunner.execute (C:\Users\sandy\AppData\Roaming\npm\node_modules\protractor\node_modules\jasmine-core\lib\jasmine-core\jasmine.js:4199:10)
    at Spec.queueRunnerFactory (C:\Users\sandy\AppData\Roaming\npm\node_modules\protractor\node_modules\jasmine-core\lib\jasmine-core\jasmine.js:909:35)
    at Spec.execute (C:\Users\sandy\AppData\Roaming\npm\node_modules\protractor\node_modules\jasmine-core\lib\jasmine-core\jasmine.js:526:10)
    at UserContext.fn (C:\Users\sandy\AppData\Roaming\npm\node_modules\protractor\node_modules\jasmine-core\lib\jasmine-core\jasmine.js:5340:37)
    at attempt (C:\Users\sandy\AppData\Roaming\npm\node_modules\protractor\node_modules\jasmine-core\lib\jasmine-core\jasmine.js:4297:26)
    at QueueRunner.run (C:\Users\sandy\AppData\Roaming\npm\node_modules\protractor\node_modules\jasmine-core\lib\jasmine-core\jasmine.js:4217:20)
    at runNext (C:\Users\sandy\AppData\Roaming\npm\node_modules\protractor\node_modules\jasmine-core\lib\jasmine-core\jasmine.js:4257:20)
From asynchronous test: 
Error
    at Suite.<anonymous> (F:\protractor\Hybrent3.2RC4\Testcases\Admin_section\PrintBarcode_qrcode.js:62:3)
    at addSpecsToSuite (C:\Users\sandy\AppData\Roaming\npm\node_modules\protractor\node_modules\jasmine-core\lib\jasmine-core\jasmine.js:1107:25)
    at Env.describe (C:\Users\sandy\AppData\Roaming\npm\node_modules\protractor\node_modules\jasmine-core\lib\jasmine-core\jasmine.js:1074:7)
    at describe (C:\Users\sandy\AppData\Roaming\npm\node_modules\protractor\node_modules\jasmine-core\lib\jasmine-core\jasmine.js:4399:18)
    at Object.<anonymous> (F:\protractor\Hybrent3.2RC4\Testcases\Admin_section\PrintBarcode_qrcode.js:1:1)
    at Module._compile (internal/modules/cjs/loader.js:1158:30)
    at Object.Module._extensions..js (internal/modules/cjs/loader.js:1178:10)
    at Module.load (internal/modules/cjs/loader.js:1002:32)
    at Function.Module._load (internal/modules/cjs/loader.js:901:14)]]>
   </failure>
  </testcase>
  <testcase classname="Print Barcodes/QRCodes" name="search item by sku" time="3.839">
   <failure type="exception" message="Failed: javascript error: Cannot read property &apos;nodeType&apos; of null
  (Session info: chrome=86.0.4240.111)
Build info: version: &apos;3.141.59&apos;, revision: &apos;e82be7d358&apos;, time: &apos;2018-11-14T08:25:53&apos;
System info: host: &apos;LAPTOP-QSN8IM2G&apos;, ip: &apos;192.168.1.12&apos;, os.name: &apos;Windows 10&apos;, os.arch: &apos;amd64&apos;, os.version: &apos;10.0&apos;, java.version: &apos;11&apos;
Driver info: driver.version: unknown"><![CDATA[JavascriptError: javascript error: Cannot read property 'nodeType' of null
  (Session info: chrome=86.0.4240.111)
Build info: version: '3.141.59', revision: 'e82be7d358', time: '2018-11-14T08:25:53'
System info: host: 'LAPTOP-QSN8IM2G', ip: '192.168.1.12', os.name: 'Windows 10', os.arch: 'amd64', os.version: '10.0', java.version: '11'
Driver info: driver.version: unknown
    at Object.checkLegacyResponse (C:\Users\sandy\AppData\Roaming\npm\node_modules\protractor\node_modules\selenium-webdriver\lib\error.js:546:15)
    at parseHttpResponse (C:\Users\sandy\AppData\Roaming\npm\node_modules\protractor\node_modules\selenium-webdriver\lib\http.js:509:13)
    at C:\Users\sandy\AppData\Roaming\npm\node_modules\protractor\node_modules\selenium-webdriver\lib\http.js:441:30
    at processTicksAndRejections (internal/process/task_queues.js:97:5)
From: Task: WebDriver.executeScript()
    at thenableWebDriverProxy.schedule (C:\Users\sandy\AppData\Roaming\npm\node_modules\protractor\node_modules\selenium-webdriver\lib\webdriver.js:807:17)
    at thenableWebDriverProxy.executeScript (C:\Users\sandy\AppData\Roaming\npm\node_modules\protractor\node_modules\selenium-webdriver\lib\webdriver.js:878:16)
    at C:\Users\sandy\AppData\Roaming\npm\node_modules\protractor\node_modules\selenium-webdriver\lib\by.js:191:35
    at C:\Users\sandy\AppData\Roaming\npm\node_modules\protractor\node_modules\selenium-webdriver\lib\webdriver.js:1068:28
    at C:\Users\sandy\AppData\Roaming\npm\node_modules\protractor\node_modules\selenium-webdriver\lib\webdriver.js:907:19
    at ManagedPromise.invokeCallback_ (C:\Users\sandy\AppData\Roaming\npm\node_modules\protractor\node_modules\selenium-webdriver\lib\promise.js:1376:14)
    at TaskQueue.execute_ (C:\Users\sandy\AppData\Roaming\npm\node_modules\protractor\node_modules\selenium-webdriver\lib\promise.js:3084:14)
    at TaskQueue.executeNext_ (C:\Users\sandy\AppData\Roaming\npm\node_modules\protractor\node_modules\selenium-webdriver\lib\promise.js:3067:27)
    at C:\Users\sandy\AppData\Roaming\npm\node_modules\protractor\node_modules\selenium-webdriver\lib\promise.js:2974:25
    at C:\Users\sandy\AppData\Roaming\npm\node_modules\protractor\node_modules\selenium-webdriver\lib\promise.js:668:7
From: Task: WebDriver.call(function)
    at thenableWebDriverProxy.call (C:\Users\sandy\AppData\Roaming\npm\node_modules\protractor\node_modules\selenium-webdriver\lib\webdriver.js:901:23)
    at thenableWebDriverProxy.findElementsInternal_ (C:\Users\sandy\AppData\Roaming\npm\node_modules\protractor\node_modules\selenium-webdriver\lib\webdriver.js:1068:17)
    at thenableWebDriverProxy.findElements (C:\Users\sandy\AppData\Roaming\npm\node_modules\protractor\node_modules\selenium-webdriver\lib\webdriver.js:1043:19)
    at Object.findElementsOverride (C:\Users\sandy\AppData\Roaming\npm\node_modules\protractor\built\locators.js:236:31)
    at C:\Users\sandy\AppData\Roaming\npm\node_modules\protractor\built\element.js:156:40
    at ManagedPromise.invokeCallback_ (C:\Users\sandy\AppData\Roaming\npm\node_modules\protractor\node_modules\selenium-webdriver\lib\promise.js:1376:14)
    at TaskQueue.execute_ (C:\Users\sandy\AppData\Roaming\npm\node_modules\protractor\node_modules\selenium-webdriver\lib\promise.js:3084:14)
    at TaskQueue.executeNext_ (C:\Users\sandy\AppData\Roaming\npm\node_modules\protractor\node_modules\selenium-webdriver\lib\promise.js:3067:27)
    at C:\Users\sandy\AppData\Roaming\npm\node_modules\protractor\node_modules\selenium-webdriver\lib\promise.js:2927:27
    at C:\Users\sandy\AppData\Roaming\npm\node_modules\protractor\node_modules\selenium-webdriver\lib\promise.js:668:7Error
    at ElementArrayFinder.applyAction_ (C:\Users\sandy\AppData\Roaming\npm\node_modules\protractor\built\element.js:459:27)
    at ElementArrayFinder.<computed> [as getText] (C:\Users\sandy\AppData\Roaming\npm\node_modules\protractor\built\element.js:91:29)
    at ElementFinder.<computed> [as getText] (C:\Users\sandy\AppData\Roaming\npm\node_modules\protractor\built\element.js:831:22)
    at UserContext.<anonymous> (F:\protractor\Hybrent3.2RC4\Testcases\Admin_section\PrintBarcode_qrcode.js:77:43)
    at C:\Users\sandy\AppData\Roaming\npm\node_modules\protractor\node_modules\jasminewd2\index.js:112:25
    at new ManagedPromise (C:\Users\sandy\AppData\Roaming\npm\node_modules\protractor\node_modules\selenium-webdriver\lib\promise.js:1077:7)
    at ControlFlow.promise (C:\Users\sandy\AppData\Roaming\npm\node_modules\protractor\node_modules\selenium-webdriver\lib\promise.js:2505:12)
    at schedulerExecute (C:\Users\sandy\AppData\Roaming\npm\node_modules\protractor\node_modules\jasminewd2\index.js:95:18)
    at TaskQueue.execute_ (C:\Users\sandy\AppData\Roaming\npm\node_modules\protractor\node_modules\selenium-webdriver\lib\promise.js:3084:14)
    at TaskQueue.executeNext_ (C:\Users\sandy\AppData\Roaming\npm\node_modules\protractor\node_modules\selenium-webdriver\lib\promise.js:3067:27)
From: Task: Run it("search item by sku") in control flow
    at UserContext.<anonymous> (C:\Users\sandy\AppData\Roaming\npm\node_modules\protractor\node_modules\jasminewd2\index.js:94:19)
    at attempt (C:\Users\sandy\AppData\Roaming\npm\node_modules\protractor\node_modules\jasmine-core\lib\jasmine-core\jasmine.js:4297:26)
    at QueueRunner.run (C:\Users\sandy\AppData\Roaming\npm\node_modules\protractor\node_modules\jasmine-core\lib\jasmine-core\jasmine.js:4217:20)
    at QueueRunner.execute (C:\Users\sandy\AppData\Roaming\npm\node_modules\protractor\node_modules\jasmine-core\lib\jasmine-core\jasmine.js:4199:10)
    at Spec.queueRunnerFactory (C:\Users\sandy\AppData\Roaming\npm\node_modules\protractor\node_modules\jasmine-core\lib\jasmine-core\jasmine.js:909:35)
    at Spec.execute (C:\Users\sandy\AppData\Roaming\npm\node_modules\protractor\node_modules\jasmine-core\lib\jasmine-core\jasmine.js:526:10)
    at UserContext.fn (C:\Users\sandy\AppData\Roaming\npm\node_modules\protractor\node_modules\jasmine-core\lib\jasmine-core\jasmine.js:5340:37)
    at attempt (C:\Users\sandy\AppData\Roaming\npm\node_modules\protractor\node_modules\jasmine-core\lib\jasmine-core\jasmine.js:4297:26)
    at QueueRunner.run (C:\Users\sandy\AppData\Roaming\npm\node_modules\protractor\node_modules\jasmine-core\lib\jasmine-core\jasmine.js:4217:20)
    at runNext (C:\Users\sandy\AppData\Roaming\npm\node_modules\protractor\node_modules\jasmine-core\lib\jasmine-core\jasmine.js:4257:20)
From asynchronous test: 
Error
    at Suite.<anonymous> (F:\protractor\Hybrent3.2RC4\Testcases\Admin_section\PrintBarcode_qrcode.js:72:3)
    at addSpecsToSuite (C:\Users\sandy\AppData\Roaming\npm\node_modules\protractor\node_modules\jasmine-core\lib\jasmine-core\jasmine.js:1107:25)
    at Env.describe (C:\Users\sandy\AppData\Roaming\npm\node_modules\protractor\node_modules\jasmine-core\lib\jasmine-core\jasmine.js:1074:7)
    at describe (C:\Users\sandy\AppData\Roaming\npm\node_modules\protractor\node_modules\jasmine-core\lib\jasmine-core\jasmine.js:4399:18)
    at Object.<anonymous> (F:\protractor\Hybrent3.2RC4\Testcases\Admin_section\PrintBarcode_qrcode.js:1:1)
    at Module._compile (internal/modules/cjs/loader.js:1158:30)
    at Object.Module._extensions..js (internal/modules/cjs/loader.js:1178:10)
    at Module.load (internal/modules/cjs/loader.js:1002:32)
    at Function.Module._load (internal/modules/cjs/loader.js:901:14)]]>
   </failure>
  </testcase>
  <testcase classname="Print Barcodes/QRCodes" name="verify that all option to print item are availbale under print code button" time="5.119" />
 </testsuite>
 <testsuite name="Stock Adjustment Notes" timestamp="2020-11-02T11:32:39" hostname="localhost" time="4.617" errors="0" tests="2" skipped="0" disabled="0" failures="0">
  <testcase classname="Stock Adjustment Notes" name="Open Stock Adjustment Notes module" time="4.55" />
  <testcase classname="Stock Adjustment Notes" name="verify that search and status filter appear on the page" time="0.054" />
 </testsuite>
 <testsuite name="UOU Management" timestamp="2020-11-02T11:32:44" hostname="localhost" time="4.717" errors="0" tests="3" skipped="0" disabled="0" failures="0">
  <testcase classname="UOU Management" name="Open UOU Management module" time="4.503" />
  <testcase classname="UOU Management" name="verify that search and status filter appear on the page" time="0.056" />
  <testcase classname="UOU Management" name="verify all consumption type appear under the consumption type dropdown" time="0.157" />
 </testsuite>
 <testsuite name="Utilities" timestamp="2020-11-02T11:32:49" hostname="localhost" time="50.2" errors="0" tests="15" skipped="0" disabled="0" failures="1">
  <testcase classname="Utilities" name="Open Utilities module" time="0.497" />
  <testcase classname="Utilities" name="verify that search filter appear on the utilities page" time="0.243" />
  <testcase classname="Utilities" name="search import facility utitilites by its name" time="3.571" />
  <testcase classname="Utilities" name="search import department utitilites by its name" time="3.511" />
  <testcase classname="Utilities" name="search import_Patient utitilites by its name" time="3.597" />
  <testcase classname="Utilities" name="search import_users utitilites by its name" time="3.455">
   <failure type="toBe" message="Expected &apos;Import User.
Bulk import multiple Users from excel file
Go&apos; to be &apos;Import User. Bulk import multiple Users from excel file Go&apos;."><![CDATA[Error: Failed expectation
    at UserContext.<anonymous> (F:\protractor\Hybrent3.2RC4\Testcases\Admin_section\Utilities.js:64:69)
    at C:\Users\sandy\AppData\Roaming\npm\node_modules\protractor\node_modules\jasminewd2\index.js:112:25
    at new ManagedPromise (C:\Users\sandy\AppData\Roaming\npm\node_modules\protractor\node_modules\selenium-webdriver\lib\promise.js:1077:7)
    at ControlFlow.promise (C:\Users\sandy\AppData\Roaming\npm\node_modules\protractor\node_modules\selenium-webdriver\lib\promise.js:2505:12)
    at schedulerExecute (C:\Users\sandy\AppData\Roaming\npm\node_modules\protractor\node_modules\jasminewd2\index.js:95:18)
    at TaskQueue.execute_ (C:\Users\sandy\AppData\Roaming\npm\node_modules\protractor\node_modules\selenium-webdriver\lib\promise.js:3084:14)
    at TaskQueue.executeNext_ (C:\Users\sandy\AppData\Roaming\npm\node_modules\protractor\node_modules\selenium-webdriver\lib\promise.js:3067:27)
    at C:\Users\sandy\AppData\Roaming\npm\node_modules\protractor\node_modules\selenium-webdriver\lib\promise.js:2974:25
    at C:\Users\sandy\AppData\Roaming\npm\node_modules\protractor\node_modules\selenium-webdriver\lib\promise.js:668:7]]>
   </failure>
  </testcase>
  <testcase classname="Utilities" name="search syncmap_item utitilites by its name" time="4.233" />
  <testcase classname="Utilities" name="search template utitilites by its name" time="3.871" />
  <testcase classname="Utilities" name="search template utitilites by its name" time="3.647" />
  <testcase classname="Utilities" name="search Change_temp_owner utitilites by its name" time="3.724" />
  <testcase classname="Utilities" name="search Assign_remove_vendor_access utitilites by its name" time="3.765" />
  <testcase classname="Utilities" name="search Download_user_facilities_access utitilites by its name" time="4.062" />
  <testcase classname="Utilities" name="search Download_user_approval_access utitilites by its name" time="3.78" />
  <testcase classname="Utilities" name="search Assign_user_facility_access utitilites by its name" time="4.229" />
  <testcase classname="Utilities" name="search Remove_user_facility_access utitilites by its name" time="4.013" />
 </testsuite>
 <testsuite name="Vendors Account Setup module" timestamp="2020-11-02T11:33:39" hostname="localhost" time="20.291" errors="0" tests="4" skipped="0" disabled="0" failures="0">
  <testcase classname="Vendors Account Setup module" name="Open Vendors Account Setup module" time="4.559" />
  <testcase classname="Vendors Account Setup module" name="select vendor by select vendor list and verify the account number of user default facility" time="11.15" />
  <testcase classname="Vendors Account Setup module" name="verify that on clicking save button user get redirect to back page with updation toast message" time="2.228" />
  <testcase classname="Vendors Account Setup module" name="Verify that on clicking close button user get redirect to Dashboard page" time="2.353" />
 </testsuite>
 <testsuite name="Vendor module" timestamp="2020-11-02T11:33:59" hostname="localhost" time="9.174" errors="0" tests="3" skipped="0" disabled="0" failures="0">
  <testcase classname="Vendor module" name="Open vendor module" time="4.534" />
  <testcase classname="Vendor module" name="verify that search filter appear on the vendor listing page" time="0.066" />
  <testcase classname="Vendor module" name="search vendor by vendor name" time="4.573" />
 </testsuite>
 <testsuite name="Hybrent DME Module" timestamp="2020-11-02T11:34:08" hostname="localhost" time="26.72" errors="0" tests="4" skipped="0" disabled="0" failures="3">
  <testcase classname="Hybrent DME Module" name="navigate to start new claim page" time="2.477" />
  <testcase classname="Hybrent DME Module" name="click on select button to select patient to generate a claim" time="7.268">
   <failure type="toMatch" message="Expected &apos;Claim code 0000000004 created successfully&apos; to match &apos;Claim code created successfully&apos;."><![CDATA[Error: Failed expectation
    at UserContext.<anonymous> (F:\protractor\Hybrent3.2RC4\Testcases\DME\Start_new_claim.js:31:43)
    at C:\Users\sandy\AppData\Roaming\npm\node_modules\protractor\node_modules\jasminewd2\index.js:112:25
    at new ManagedPromise (C:\Users\sandy\AppData\Roaming\npm\node_modules\protractor\node_modules\selenium-webdriver\lib\promise.js:1077:7)
    at ControlFlow.promise (C:\Users\sandy\AppData\Roaming\npm\node_modules\protractor\node_modules\selenium-webdriver\lib\promise.js:2505:12)
    at schedulerExecute (C:\Users\sandy\AppData\Roaming\npm\node_modules\protractor\node_modules\jasminewd2\index.js:95:18)
    at TaskQueue.execute_ (C:\Users\sandy\AppData\Roaming\npm\node_modules\protractor\node_modules\selenium-webdriver\lib\promise.js:3084:14)
    at TaskQueue.executeNext_ (C:\Users\sandy\AppData\Roaming\npm\node_modules\protractor\node_modules\selenium-webdriver\lib\promise.js:3067:27)
    at C:\Users\sandy\AppData\Roaming\npm\node_modules\protractor\node_modules\selenium-webdriver\lib\promise.js:2974:25
    at C:\Users\sandy\AppData\Roaming\npm\node_modules\protractor\node_modules\selenium-webdriver\lib\promise.js:668:7]]>
   </failure>
  </testcase>
  <testcase classname="Hybrent DME Module" name="Verify that user is able add Dme item into the newly created claim" time="10.311">
   <failure type="exception" message="Failed: element click intercepted: Element &lt;button type=&quot;button&quot; class=&quot;btn btn-default no-margin&quot; ng-click=&quot;cancel()&quot;&gt;...&lt;/button&gt; is not clickable at point (1066, 546). Other element would receive the click: &lt;div class=&quot;toast toast-success&quot; ng-click=&quot;tapToast()&quot;&gt;...&lt;/div&gt;
  (Session info: chrome=86.0.4240.111)
Build info: version: &apos;3.141.59&apos;, revision: &apos;e82be7d358&apos;, time: &apos;2018-11-14T08:25:53&apos;
System info: host: &apos;LAPTOP-QSN8IM2G&apos;, ip: &apos;192.168.1.12&apos;, os.name: &apos;Windows 10&apos;, os.arch: &apos;amd64&apos;, os.version: &apos;10.0&apos;, java.version: &apos;11&apos;
Driver info: driver.version: unknown"><![CDATA[WebDriverError: element click intercepted: Element <button type="button" class="btn btn-default no-margin" ng-click="cancel()">...</button> is not clickable at point (1066, 546). Other element would receive the click: <div class="toast toast-success" ng-click="tapToast()">...</div>
  (Session info: chrome=86.0.4240.111)
Build info: version: '3.141.59', revision: 'e82be7d358', time: '2018-11-14T08:25:53'
System info: host: 'LAPTOP-QSN8IM2G', ip: '192.168.1.12', os.name: 'Windows 10', os.arch: 'amd64', os.version: '10.0', java.version: '11'
Driver info: driver.version: unknown
    at Object.checkLegacyResponse (C:\Users\sandy\AppData\Roaming\npm\node_modules\protractor\node_modules\selenium-webdriver\lib\error.js:546:15)
    at parseHttpResponse (C:\Users\sandy\AppData\Roaming\npm\node_modules\protractor\node_modules\selenium-webdriver\lib\http.js:509:13)
    at C:\Users\sandy\AppData\Roaming\npm\node_modules\protractor\node_modules\selenium-webdriver\lib\http.js:441:30
    at runMicrotasks (<anonymous>)
    at processTicksAndRejections (internal/process/task_queues.js:97:5)
From: Task: WebElement.click()
    at thenableWebDriverProxy.schedule (C:\Users\sandy\AppData\Roaming\npm\node_modules\protractor\node_modules\selenium-webdriver\lib\webdriver.js:807:17)
    at WebElement.schedule_ (C:\Users\sandy\AppData\Roaming\npm\node_modules\protractor\node_modules\selenium-webdriver\lib\webdriver.js:2010:25)
    at WebElement.click (C:\Users\sandy\AppData\Roaming\npm\node_modules\protractor\node_modules\selenium-webdriver\lib\webdriver.js:2092:17)
    at actionFn (C:\Users\sandy\AppData\Roaming\npm\node_modules\protractor\built\element.js:89:44)
    at Array.map (<anonymous>)
    at C:\Users\sandy\AppData\Roaming\npm\node_modules\protractor\built\element.js:461:65
    at ManagedPromise.invokeCallback_ (C:\Users\sandy\AppData\Roaming\npm\node_modules\protractor\node_modules\selenium-webdriver\lib\promise.js:1376:14)
    at TaskQueue.execute_ (C:\Users\sandy\AppData\Roaming\npm\node_modules\protractor\node_modules\selenium-webdriver\lib\promise.js:3084:14)
    at TaskQueue.executeNext_ (C:\Users\sandy\AppData\Roaming\npm\node_modules\protractor\node_modules\selenium-webdriver\lib\promise.js:3067:27)
    at C:\Users\sandy\AppData\Roaming\npm\node_modules\protractor\node_modules\selenium-webdriver\lib\promise.js:2927:27Error
    at ElementArrayFinder.applyAction_ (C:\Users\sandy\AppData\Roaming\npm\node_modules\protractor\built\element.js:459:27)
    at ElementArrayFinder.<computed> [as click] (C:\Users\sandy\AppData\Roaming\npm\node_modules\protractor\built\element.js:91:29)
    at ElementFinder.<computed> [as click] (C:\Users\sandy\AppData\Roaming\npm\node_modules\protractor\built\element.js:831:22)
    at UserContext.<anonymous> (F:\protractor\Hybrent3.2RC4\Testcases\DME\Start_new_claim.js:61:39)
    at C:\Users\sandy\AppData\Roaming\npm\node_modules\protractor\node_modules\jasminewd2\index.js:112:25
    at new ManagedPromise (C:\Users\sandy\AppData\Roaming\npm\node_modules\protractor\node_modules\selenium-webdriver\lib\promise.js:1077:7)
    at ControlFlow.promise (C:\Users\sandy\AppData\Roaming\npm\node_modules\protractor\node_modules\selenium-webdriver\lib\promise.js:2505:12)
    at schedulerExecute (C:\Users\sandy\AppData\Roaming\npm\node_modules\protractor\node_modules\jasminewd2\index.js:95:18)
    at TaskQueue.execute_ (C:\Users\sandy\AppData\Roaming\npm\node_modules\protractor\node_modules\selenium-webdriver\lib\promise.js:3084:14)
    at TaskQueue.executeNext_ (C:\Users\sandy\AppData\Roaming\npm\node_modules\protractor\node_modules\selenium-webdriver\lib\promise.js:3067:27)
From: Task: Run it("Verify that user is able add Dme item into the newly created claim") in control flow
    at UserContext.<anonymous> (C:\Users\sandy\AppData\Roaming\npm\node_modules\protractor\node_modules\jasminewd2\index.js:94:19)
    at attempt (C:\Users\sandy\AppData\Roaming\npm\node_modules\protractor\node_modules\jasmine-core\lib\jasmine-core\jasmine.js:4297:26)
    at QueueRunner.run (C:\Users\sandy\AppData\Roaming\npm\node_modules\protractor\node_modules\jasmine-core\lib\jasmine-core\jasmine.js:4217:20)
    at QueueRunner.execute (C:\Users\sandy\AppData\Roaming\npm\node_modules\protractor\node_modules\jasmine-core\lib\jasmine-core\jasmine.js:4199:10)
    at Spec.queueRunnerFactory (C:\Users\sandy\AppData\Roaming\npm\node_modules\protractor\node_modules\jasmine-core\lib\jasmine-core\jasmine.js:909:35)
    at Spec.execute (C:\Users\sandy\AppData\Roaming\npm\node_modules\protractor\node_modules\jasmine-core\lib\jasmine-core\jasmine.js:526:10)
    at UserContext.fn (C:\Users\sandy\AppData\Roaming\npm\node_modules\protractor\node_modules\jasmine-core\lib\jasmine-core\jasmine.js:5340:37)
    at attempt (C:\Users\sandy\AppData\Roaming\npm\node_modules\protractor\node_modules\jasmine-core\lib\jasmine-core\jasmine.js:4297:26)
    at QueueRunner.run (C:\Users\sandy\AppData\Roaming\npm\node_modules\protractor\node_modules\jasmine-core\lib\jasmine-core\jasmine.js:4217:20)
    at runNext (C:\Users\sandy\AppData\Roaming\npm\node_modules\protractor\node_modules\jasmine-core\lib\jasmine-core\jasmine.js:4257:20)
From asynchronous test: 
Error
    at Suite.<anonymous> (F:\protractor\Hybrent3.2RC4\Testcases\DME\Start_new_claim.js:34:3)
    at addSpecsToSuite (C:\Users\sandy\AppData\Roaming\npm\node_modules\protractor\node_modules\jasmine-core\lib\jasmine-core\jasmine.js:1107:25)
    at Env.describe (C:\Users\sandy\AppData\Roaming\npm\node_modules\protractor\node_modules\jasmine-core\lib\jasmine-core\jasmine.js:1074:7)
    at describe (C:\Users\sandy\AppData\Roaming\npm\node_modules\protractor\node_modules\jasmine-core\lib\jasmine-core\jasmine.js:4399:18)
    at Object.<anonymous> (F:\protractor\Hybrent3.2RC4\Testcases\DME\Start_new_claim.js:2:1)
    at Module._compile (internal/modules/cjs/loader.js:1158:30)
    at Object.Module._extensions..js (internal/modules/cjs/loader.js:1178:10)
    at Module.load (internal/modules/cjs/loader.js:1002:32)
    at Function.Module._load (internal/modules/cjs/loader.js:901:14)]]>
   </failure>
  </testcase>
  <testcase classname="Hybrent DME Module" name="Verify that user get redirect to claim lising page on clicing close button" time="6.662">
   <failure type="toEqual" message="Expected &apos;Manage Claim: Create Claim&apos; to equal &apos;All Claims&apos;."><![CDATA[Error: Failed expectation
    at F:\protractor\Hybrent3.2RC4\Testcases\DME\Start_new_claim.js:70:32
    at ManagedPromise.invokeCallback_ (C:\Users\sandy\AppData\Roaming\npm\node_modules\protractor\node_modules\selenium-webdriver\lib\promise.js:1376:14)
    at TaskQueue.execute_ (C:\Users\sandy\AppData\Roaming\npm\node_modules\protractor\node_modules\selenium-webdriver\lib\promise.js:3084:14)
    at TaskQueue.executeNext_ (C:\Users\sandy\AppData\Roaming\npm\node_modules\protractor\node_modules\selenium-webdriver\lib\promise.js:3067:27)
    at C:\Users\sandy\AppData\Roaming\npm\node_modules\protractor\node_modules\selenium-webdriver\lib\promise.js:2927:27
    at C:\Users\sandy\AppData\Roaming\npm\node_modules\protractor\node_modules\selenium-webdriver\lib\promise.js:668:7
    at runMicrotasks (<anonymous>)
    at processTicksAndRejections (internal/process/task_queues.js:97:5)]]>
   </failure>
  </testcase>
 </testsuite>
 <testsuite name="Hybrent DME Module" timestamp="2020-11-02T11:34:35" hostname="localhost" time="5.868" errors="0" tests="4" skipped="0" disabled="0" failures="6">
  <testcase classname="Hybrent DME Module" name="Verify that following search filter appear on my claim listing page" time="0.398">
   <failure type="toBeTruthy" message="Expected false to be truthy."><![CDATA[Error: Failed expectation
    at UserContext.<anonymous> (F:\protractor\Hybrent3.2RC4\Testcases\DME\Start_new_claimlisting.js:13:70)
    at C:\Users\sandy\AppData\Roaming\npm\node_modules\protractor\node_modules\jasminewd2\index.js:112:25
    at new ManagedPromise (C:\Users\sandy\AppData\Roaming\npm\node_modules\protractor\node_modules\selenium-webdriver\lib\promise.js:1077:7)
    at ControlFlow.promise (C:\Users\sandy\AppData\Roaming\npm\node_modules\protractor\node_modules\selenium-webdriver\lib\promise.js:2505:12)
    at schedulerExecute (C:\Users\sandy\AppData\Roaming\npm\node_modules\protractor\node_modules\jasminewd2\index.js:95:18)
    at TaskQueue.execute_ (C:\Users\sandy\AppData\Roaming\npm\node_modules\protractor\node_modules\selenium-webdriver\lib\promise.js:3084:14)
    at TaskQueue.executeNext_ (C:\Users\sandy\AppData\Roaming\npm\node_modules\protractor\node_modules\selenium-webdriver\lib\promise.js:3067:27)
    at C:\Users\sandy\AppData\Roaming\npm\node_modules\protractor\node_modules\selenium-webdriver\lib\promise.js:2974:25
    at C:\Users\sandy\AppData\Roaming\npm\node_modules\protractor\node_modules\selenium-webdriver\lib\promise.js:668:7]]>
   </failure>
   <failure type="toBeTruthy" message="Expected false to be truthy."><![CDATA[Error: Failed expectation
    at UserContext.<anonymous> (F:\protractor\Hybrent3.2RC4\Testcases\DME\Start_new_claimlisting.js:15:70)
    at C:\Users\sandy\AppData\Roaming\npm\node_modules\protractor\node_modules\jasminewd2\index.js:112:25
    at new ManagedPromise (C:\Users\sandy\AppData\Roaming\npm\node_modules\protractor\node_modules\selenium-webdriver\lib\promise.js:1077:7)
    at ControlFlow.promise (C:\Users\sandy\AppData\Roaming\npm\node_modules\protractor\node_modules\selenium-webdriver\lib\promise.js:2505:12)
    at schedulerExecute (C:\Users\sandy\AppData\Roaming\npm\node_modules\protractor\node_modules\jasminewd2\index.js:95:18)
    at TaskQueue.execute_ (C:\Users\sandy\AppData\Roaming\npm\node_modules\protractor\node_modules\selenium-webdriver\lib\promise.js:3084:14)
    at TaskQueue.executeNext_ (C:\Users\sandy\AppData\Roaming\npm\node_modules\protractor\node_modules\selenium-webdriver\lib\promise.js:3067:27)
    at C:\Users\sandy\AppData\Roaming\npm\node_modules\protractor\node_modules\selenium-webdriver\lib\promise.js:2974:25
    at C:\Users\sandy\AppData\Roaming\npm\node_modules\protractor\node_modules\selenium-webdriver\lib\promise.js:668:7]]>
   </failure>
   <failure type="toBeTruthy" message="Expected false to be truthy."><![CDATA[Error: Failed expectation
    at UserContext.<anonymous> (F:\protractor\Hybrent3.2RC4\Testcases\DME\Start_new_claimlisting.js:16:69)
    at C:\Users\sandy\AppData\Roaming\npm\node_modules\protractor\node_modules\jasminewd2\index.js:112:25
    at new ManagedPromise (C:\Users\sandy\AppData\Roaming\npm\node_modules\protractor\node_modules\selenium-webdriver\lib\promise.js:1077:7)
    at ControlFlow.promise (C:\Users\sandy\AppData\Roaming\npm\node_modules\protractor\node_modules\selenium-webdriver\lib\promise.js:2505:12)
    at schedulerExecute (C:\Users\sandy\AppData\Roaming\npm\node_modules\protractor\node_modules\jasminewd2\index.js:95:18)
    at TaskQueue.execute_ (C:\Users\sandy\AppData\Roaming\npm\node_modules\protractor\node_modules\selenium-webdriver\lib\promise.js:3084:14)
    at TaskQueue.executeNext_ (C:\Users\sandy\AppData\Roaming\npm\node_modules\protractor\node_modules\selenium-webdriver\lib\promise.js:3067:27)
    at C:\Users\sandy\AppData\Roaming\npm\node_modules\protractor\node_modules\selenium-webdriver\lib\promise.js:2974:25
    at C:\Users\sandy\AppData\Roaming\npm\node_modules\protractor\node_modules\selenium-webdriver\lib\promise.js:668:7]]>
   </failure>
  </testcase>
  <testcase classname="Hybrent DME Module" name="Search and open newly created cliam for the patient" time="1.57">
   <failure type="exception" message="Failed: No element found using locator: by.model(&quot;search.search&quot;)"><![CDATA[NoSuchElementError: No element found using locator: by.model("search.search")
    at C:\Users\sandy\AppData\Roaming\npm\node_modules\protractor\built\element.js:814:27
    at ManagedPromise.invokeCallback_ (C:\Users\sandy\AppData\Roaming\npm\node_modules\protractor\node_modules\selenium-webdriver\lib\promise.js:1376:14)
    at TaskQueue.execute_ (C:\Users\sandy\AppData\Roaming\npm\node_modules\protractor\node_modules\selenium-webdriver\lib\promise.js:3084:14)
    at TaskQueue.executeNext_ (C:\Users\sandy\AppData\Roaming\npm\node_modules\protractor\node_modules\selenium-webdriver\lib\promise.js:3067:27)
    at C:\Users\sandy\AppData\Roaming\npm\node_modules\protractor\node_modules\selenium-webdriver\lib\promise.js:2927:27
    at C:\Users\sandy\AppData\Roaming\npm\node_modules\protractor\node_modules\selenium-webdriver\lib\promise.js:668:7
    at runMicrotasks (<anonymous>)
    at processTicksAndRejections (internal/process/task_queues.js:97:5)Error
    at ElementArrayFinder.applyAction_ (C:\Users\sandy\AppData\Roaming\npm\node_modules\protractor\built\element.js:459:27)
    at ElementArrayFinder.<computed> [as sendKeys] (C:\Users\sandy\AppData\Roaming\npm\node_modules\protractor\built\element.js:91:29)
    at ElementFinder.<computed> [as sendKeys] (C:\Users\sandy\AppData\Roaming\npm\node_modules\protractor\built\element.js:831:22)
    at UserContext.<anonymous> (F:\protractor\Hybrent3.2RC4\Testcases\DME\Start_new_claimlisting.js:22:40)
    at C:\Users\sandy\AppData\Roaming\npm\node_modules\protractor\node_modules\jasminewd2\index.js:112:25
    at new ManagedPromise (C:\Users\sandy\AppData\Roaming\npm\node_modules\protractor\node_modules\selenium-webdriver\lib\promise.js:1077:7)
    at ControlFlow.promise (C:\Users\sandy\AppData\Roaming\npm\node_modules\protractor\node_modules\selenium-webdriver\lib\promise.js:2505:12)
    at schedulerExecute (C:\Users\sandy\AppData\Roaming\npm\node_modules\protractor\node_modules\jasminewd2\index.js:95:18)
    at TaskQueue.execute_ (C:\Users\sandy\AppData\Roaming\npm\node_modules\protractor\node_modules\selenium-webdriver\lib\promise.js:3084:14)
    at TaskQueue.executeNext_ (C:\Users\sandy\AppData\Roaming\npm\node_modules\protractor\node_modules\selenium-webdriver\lib\promise.js:3067:27)
From: Task: Run it("Search and open newly created cliam for the patient") in control flow
    at UserContext.<anonymous> (C:\Users\sandy\AppData\Roaming\npm\node_modules\protractor\node_modules\jasminewd2\index.js:94:19)
    at attempt (C:\Users\sandy\AppData\Roaming\npm\node_modules\protractor\node_modules\jasmine-core\lib\jasmine-core\jasmine.js:4297:26)
    at QueueRunner.run (C:\Users\sandy\AppData\Roaming\npm\node_modules\protractor\node_modules\jasmine-core\lib\jasmine-core\jasmine.js:4217:20)
    at QueueRunner.execute (C:\Users\sandy\AppData\Roaming\npm\node_modules\protractor\node_modules\jasmine-core\lib\jasmine-core\jasmine.js:4199:10)
    at Spec.queueRunnerFactory (C:\Users\sandy\AppData\Roaming\npm\node_modules\protractor\node_modules\jasmine-core\lib\jasmine-core\jasmine.js:909:35)
    at Spec.execute (C:\Users\sandy\AppData\Roaming\npm\node_modules\protractor\node_modules\jasmine-core\lib\jasmine-core\jasmine.js:526:10)
    at UserContext.fn (C:\Users\sandy\AppData\Roaming\npm\node_modules\protractor\node_modules\jasmine-core\lib\jasmine-core\jasmine.js:5340:37)
    at attempt (C:\Users\sandy\AppData\Roaming\npm\node_modules\protractor\node_modules\jasmine-core\lib\jasmine-core\jasmine.js:4297:26)
    at QueueRunner.run (C:\Users\sandy\AppData\Roaming\npm\node_modules\protractor\node_modules\jasmine-core\lib\jasmine-core\jasmine.js:4217:20)
    at runNext (C:\Users\sandy\AppData\Roaming\npm\node_modules\protractor\node_modules\jasmine-core\lib\jasmine-core\jasmine.js:4257:20)
From asynchronous test: 
Error
    at Suite.<anonymous> (F:\protractor\Hybrent3.2RC4\Testcases\DME\Start_new_claimlisting.js:19:3)
    at addSpecsToSuite (C:\Users\sandy\AppData\Roaming\npm\node_modules\protractor\node_modules\jasmine-core\lib\jasmine-core\jasmine.js:1107:25)
    at Env.describe (C:\Users\sandy\AppData\Roaming\npm\node_modules\protractor\node_modules\jasmine-core\lib\jasmine-core\jasmine.js:1074:7)
    at describe (C:\Users\sandy\AppData\Roaming\npm\node_modules\protractor\node_modules\jasmine-core\lib\jasmine-core\jasmine.js:4399:18)
    at Object.<anonymous> (F:\protractor\Hybrent3.2RC4\Testcases\DME\Start_new_claimlisting.js:2:1)
    at Module._compile (internal/modules/cjs/loader.js:1158:30)
    at Object.Module._extensions..js (internal/modules/cjs/loader.js:1178:10)
    at Module.load (internal/modules/cjs/loader.js:1002:32)
    at Function.Module._load (internal/modules/cjs/loader.js:901:14)]]>
   </failure>
  </testcase>
  <testcase classname="Hybrent DME Module" name="Save newly created claim" time="1.471">
   <failure type="exception" message="Failed: element click intercepted: Element &lt;button ng-disabled=&quot;generatingClaim&quot; ng-if=&quot;(!isCompleted &amp;amp;&amp;amp; form.patientId &amp;amp;&amp;amp; form.equipments.length &amp;amp;&amp;amp; CAN_EDIT_CLAIM)&quot; ng-click=&quot;saveClaim()&quot; class=&quot;btn btn-sm btn-primary margin-r-0&quot; style=&quot;&quot;&gt;...&lt;/button&gt; is not clickable at point (1112, 117). Other element would receive the click: &lt;div class=&quot;modal-body&quot;&gt;...&lt;/div&gt;
  (Session info: chrome=86.0.4240.111)
Build info: version: &apos;3.141.59&apos;, revision: &apos;e82be7d358&apos;, time: &apos;2018-11-14T08:25:53&apos;
System info: host: &apos;LAPTOP-QSN8IM2G&apos;, ip: &apos;192.168.1.12&apos;, os.name: &apos;Windows 10&apos;, os.arch: &apos;amd64&apos;, os.version: &apos;10.0&apos;, java.version: &apos;11&apos;
Driver info: driver.version: unknown"><![CDATA[WebDriverError: element click intercepted: Element <button ng-disabled="generatingClaim" ng-if="(!isCompleted &amp;&amp; form.patientId &amp;&amp; form.equipments.length &amp;&amp; CAN_EDIT_CLAIM)" ng-click="saveClaim()" class="btn btn-sm btn-primary margin-r-0" style="">...</button> is not clickable at point (1112, 117). Other element would receive the click: <div class="modal-body">...</div>
  (Session info: chrome=86.0.4240.111)
Build info: version: '3.141.59', revision: 'e82be7d358', time: '2018-11-14T08:25:53'
System info: host: 'LAPTOP-QSN8IM2G', ip: '192.168.1.12', os.name: 'Windows 10', os.arch: 'amd64', os.version: '10.0', java.version: '11'
Driver info: driver.version: unknown
    at Object.checkLegacyResponse (C:\Users\sandy\AppData\Roaming\npm\node_modules\protractor\node_modules\selenium-webdriver\lib\error.js:546:15)
    at parseHttpResponse (C:\Users\sandy\AppData\Roaming\npm\node_modules\protractor\node_modules\selenium-webdriver\lib\http.js:509:13)
    at C:\Users\sandy\AppData\Roaming\npm\node_modules\protractor\node_modules\selenium-webdriver\lib\http.js:441:30
    at runMicrotasks (<anonymous>)
    at processTicksAndRejections (internal/process/task_queues.js:97:5)
From: Task: WebElement.click()
    at thenableWebDriverProxy.schedule (C:\Users\sandy\AppData\Roaming\npm\node_modules\protractor\node_modules\selenium-webdriver\lib\webdriver.js:807:17)
    at WebElement.schedule_ (C:\Users\sandy\AppData\Roaming\npm\node_modules\protractor\node_modules\selenium-webdriver\lib\webdriver.js:2010:25)
    at WebElement.click (C:\Users\sandy\AppData\Roaming\npm\node_modules\protractor\node_modules\selenium-webdriver\lib\webdriver.js:2092:17)
    at actionFn (C:\Users\sandy\AppData\Roaming\npm\node_modules\protractor\built\element.js:89:44)
    at Array.map (<anonymous>)
    at C:\Users\sandy\AppData\Roaming\npm\node_modules\protractor\built\element.js:461:65
    at ManagedPromise.invokeCallback_ (C:\Users\sandy\AppData\Roaming\npm\node_modules\protractor\node_modules\selenium-webdriver\lib\promise.js:1376:14)
    at TaskQueue.execute_ (C:\Users\sandy\AppData\Roaming\npm\node_modules\protractor\node_modules\selenium-webdriver\lib\promise.js:3084:14)
    at TaskQueue.executeNext_ (C:\Users\sandy\AppData\Roaming\npm\node_modules\protractor\node_modules\selenium-webdriver\lib\promise.js:3067:27)
    at C:\Users\sandy\AppData\Roaming\npm\node_modules\protractor\node_modules\selenium-webdriver\lib\promise.js:2927:27Error
    at ElementArrayFinder.applyAction_ (C:\Users\sandy\AppData\Roaming\npm\node_modules\protractor\built\element.js:459:27)
    at ElementArrayFinder.<computed> [as click] (C:\Users\sandy\AppData\Roaming\npm\node_modules\protractor\built\element.js:91:29)
    at ElementFinder.<computed> [as click] (C:\Users\sandy\AppData\Roaming\npm\node_modules\protractor\built\element.js:831:22)
    at UserContext.<anonymous> (F:\protractor\Hybrent3.2RC4\Testcases\DME\Start_new_claimlisting.js:34:61)
    at C:\Users\sandy\AppData\Roaming\npm\node_modules\protractor\node_modules\jasminewd2\index.js:112:25
    at new ManagedPromise (C:\Users\sandy\AppData\Roaming\npm\node_modules\protractor\node_modules\selenium-webdriver\lib\promise.js:1077:7)
    at ControlFlow.promise (C:\Users\sandy\AppData\Roaming\npm\node_modules\protractor\node_modules\selenium-webdriver\lib\promise.js:2505:12)
    at schedulerExecute (C:\Users\sandy\AppData\Roaming\npm\node_modules\protractor\node_modules\jasminewd2\index.js:95:18)
    at TaskQueue.execute_ (C:\Users\sandy\AppData\Roaming\npm\node_modules\protractor\node_modules\selenium-webdriver\lib\promise.js:3084:14)
    at TaskQueue.executeNext_ (C:\Users\sandy\AppData\Roaming\npm\node_modules\protractor\node_modules\selenium-webdriver\lib\promise.js:3067:27)
From: Task: Run it("Save newly created claim") in control flow
    at UserContext.<anonymous> (C:\Users\sandy\AppData\Roaming\npm\node_modules\protractor\node_modules\jasminewd2\index.js:94:19)
    at attempt (C:\Users\sandy\AppData\Roaming\npm\node_modules\protractor\node_modules\jasmine-core\lib\jasmine-core\jasmine.js:4297:26)
    at QueueRunner.run (C:\Users\sandy\AppData\Roaming\npm\node_modules\protractor\node_modules\jasmine-core\lib\jasmine-core\jasmine.js:4217:20)
    at QueueRunner.execute (C:\Users\sandy\AppData\Roaming\npm\node_modules\protractor\node_modules\jasmine-core\lib\jasmine-core\jasmine.js:4199:10)
    at Spec.queueRunnerFactory (C:\Users\sandy\AppData\Roaming\npm\node_modules\protractor\node_modules\jasmine-core\lib\jasmine-core\jasmine.js:909:35)
    at Spec.execute (C:\Users\sandy\AppData\Roaming\npm\node_modules\protractor\node_modules\jasmine-core\lib\jasmine-core\jasmine.js:526:10)
    at UserContext.fn (C:\Users\sandy\AppData\Roaming\npm\node_modules\protractor\node_modules\jasmine-core\lib\jasmine-core\jasmine.js:5340:37)
    at attempt (C:\Users\sandy\AppData\Roaming\npm\node_modules\protractor\node_modules\jasmine-core\lib\jasmine-core\jasmine.js:4297:26)
    at QueueRunner.run (C:\Users\sandy\AppData\Roaming\npm\node_modules\protractor\node_modules\jasmine-core\lib\jasmine-core\jasmine.js:4217:20)
    at runNext (C:\Users\sandy\AppData\Roaming\npm\node_modules\protractor\node_modules\jasmine-core\lib\jasmine-core\jasmine.js:4257:20)
From asynchronous test: 
Error
    at Suite.<anonymous> (F:\protractor\Hybrent3.2RC4\Testcases\DME\Start_new_claimlisting.js:33:3)
    at addSpecsToSuite (C:\Users\sandy\AppData\Roaming\npm\node_modules\protractor\node_modules\jasmine-core\lib\jasmine-core\jasmine.js:1107:25)
    at Env.describe (C:\Users\sandy\AppData\Roaming\npm\node_modules\protractor\node_modules\jasmine-core\lib\jasmine-core\jasmine.js:1074:7)
    at describe (C:\Users\sandy\AppData\Roaming\npm\node_modules\protractor\node_modules\jasmine-core\lib\jasmine-core\jasmine.js:4399:18)
    at Object.<anonymous> (F:\protractor\Hybrent3.2RC4\Testcases\DME\Start_new_claimlisting.js:2:1)
    at Module._compile (internal/modules/cjs/loader.js:1158:30)
    at Object.Module._extensions..js (internal/modules/cjs/loader.js:1178:10)
    at Module.load (internal/modules/cjs/loader.js:1002:32)
    at Function.Module._load (internal/modules/cjs/loader.js:901:14)]]>
   </failure>
  </testcase>
  <testcase classname="Hybrent DME Module" name="Verify that user is able to compete the assigned DME claim" time="2.426">
   <failure type="exception" message="Failed: No element found using locator: By(partial link text, 00000002)"><![CDATA[NoSuchElementError: No element found using locator: By(partial link text, 00000002)
    at C:\Users\sandy\AppData\Roaming\npm\node_modules\protractor\built\element.js:814:27
    at ManagedPromise.invokeCallback_ (C:\Users\sandy\AppData\Roaming\npm\node_modules\protractor\node_modules\selenium-webdriver\lib\promise.js:1376:14)
    at TaskQueue.execute_ (C:\Users\sandy\AppData\Roaming\npm\node_modules\protractor\node_modules\selenium-webdriver\lib\promise.js:3084:14)
    at TaskQueue.executeNext_ (C:\Users\sandy\AppData\Roaming\npm\node_modules\protractor\node_modules\selenium-webdriver\lib\promise.js:3067:27)
    at C:\Users\sandy\AppData\Roaming\npm\node_modules\protractor\node_modules\selenium-webdriver\lib\promise.js:2927:27
    at C:\Users\sandy\AppData\Roaming\npm\node_modules\protractor\node_modules\selenium-webdriver\lib\promise.js:668:7
    at runMicrotasks (<anonymous>)
    at processTicksAndRejections (internal/process/task_queues.js:97:5)Error
    at ElementArrayFinder.applyAction_ (C:\Users\sandy\AppData\Roaming\npm\node_modules\protractor\built\element.js:459:27)
    at ElementArrayFinder.<computed> [as click] (C:\Users\sandy\AppData\Roaming\npm\node_modules\protractor\built\element.js:91:29)
    at ElementFinder.<computed> [as click] (C:\Users\sandy\AppData\Roaming\npm\node_modules\protractor\built\element.js:831:22)
    at UserContext.<anonymous> (F:\protractor\Hybrent3.2RC4\Testcases\DME\Start_new_claimlisting.js:46:45)
    at C:\Users\sandy\AppData\Roaming\npm\node_modules\protractor\node_modules\jasminewd2\index.js:112:25
    at new ManagedPromise (C:\Users\sandy\AppData\Roaming\npm\node_modules\protractor\node_modules\selenium-webdriver\lib\promise.js:1077:7)
    at ControlFlow.promise (C:\Users\sandy\AppData\Roaming\npm\node_modules\protractor\node_modules\selenium-webdriver\lib\promise.js:2505:12)
    at schedulerExecute (C:\Users\sandy\AppData\Roaming\npm\node_modules\protractor\node_modules\jasminewd2\index.js:95:18)
    at TaskQueue.execute_ (C:\Users\sandy\AppData\Roaming\npm\node_modules\protractor\node_modules\selenium-webdriver\lib\promise.js:3084:14)
    at TaskQueue.executeNext_ (C:\Users\sandy\AppData\Roaming\npm\node_modules\protractor\node_modules\selenium-webdriver\lib\promise.js:3067:27)
From: Task: Run it("Verify that user is able to compete the assigned DME claim") in control flow
    at UserContext.<anonymous> (C:\Users\sandy\AppData\Roaming\npm\node_modules\protractor\node_modules\jasminewd2\index.js:94:19)
    at attempt (C:\Users\sandy\AppData\Roaming\npm\node_modules\protractor\node_modules\jasmine-core\lib\jasmine-core\jasmine.js:4297:26)
    at QueueRunner.run (C:\Users\sandy\AppData\Roaming\npm\node_modules\protractor\node_modules\jasmine-core\lib\jasmine-core\jasmine.js:4217:20)
    at QueueRunner.execute (C:\Users\sandy\AppData\Roaming\npm\node_modules\protractor\node_modules\jasmine-core\lib\jasmine-core\jasmine.js:4199:10)
    at Spec.queueRunnerFactory (C:\Users\sandy\AppData\Roaming\npm\node_modules\protractor\node_modules\jasmine-core\lib\jasmine-core\jasmine.js:909:35)
    at Spec.execute (C:\Users\sandy\AppData\Roaming\npm\node_modules\protractor\node_modules\jasmine-core\lib\jasmine-core\jasmine.js:526:10)
    at UserContext.fn (C:\Users\sandy\AppData\Roaming\npm\node_modules\protractor\node_modules\jasmine-core\lib\jasmine-core\jasmine.js:5340:37)
    at attempt (C:\Users\sandy\AppData\Roaming\npm\node_modules\protractor\node_modules\jasmine-core\lib\jasmine-core\jasmine.js:4297:26)
    at QueueRunner.run (C:\Users\sandy\AppData\Roaming\npm\node_modules\protractor\node_modules\jasmine-core\lib\jasmine-core\jasmine.js:4217:20)
    at runNext (C:\Users\sandy\AppData\Roaming\npm\node_modules\protractor\node_modules\jasmine-core\lib\jasmine-core\jasmine.js:4257:20)
From asynchronous test: 
Error
    at Suite.<anonymous> (F:\protractor\Hybrent3.2RC4\Testcases\DME\Start_new_claimlisting.js:44:3)
    at addSpecsToSuite (C:\Users\sandy\AppData\Roaming\npm\node_modules\protractor\node_modules\jasmine-core\lib\jasmine-core\jasmine.js:1107:25)
    at Env.describe (C:\Users\sandy\AppData\Roaming\npm\node_modules\protractor\node_modules\jasmine-core\lib\jasmine-core\jasmine.js:1074:7)
    at describe (C:\Users\sandy\AppData\Roaming\npm\node_modules\protractor\node_modules\jasmine-core\lib\jasmine-core\jasmine.js:4399:18)
    at Object.<anonymous> (F:\protractor\Hybrent3.2RC4\Testcases\DME\Start_new_claimlisting.js:2:1)
    at Module._compile (internal/modules/cjs/loader.js:1158:30)
    at Object.Module._extensions..js (internal/modules/cjs/loader.js:1178:10)
    at Module.load (internal/modules/cjs/loader.js:1002:32)
    at Function.Module._load (internal/modules/cjs/loader.js:901:14)]]>
   </failure>
  </testcase>
 </testsuite>
</testsuites>